\BOOKMARK [0][-]{chapter.1}{\376\377\000Q\000u\000e\000r\000y\000P\000a\000g\000e}{}
\BOOKMARK [1][-]{section.1.1}{\376\377\000F\000i\000l\000e\000\040\000N\000a\000m\000e\000s}{chapter.1}
\BOOKMARK [1][-]{section.1.2}{\376\377\000R\000u\000n\000n\000i\000n\000g\000\040\000S\000e\000r\000v\000e\000r}{chapter.1}
\BOOKMARK [1][-]{section.1.3}{\376\377\000R\000u\000n\000n\000i\000n\000g\000\040\000C\000l\000i\000e\000n\000t}{chapter.1}
\BOOKMARK [1][-]{section.1.4}{\376\377\000E\000x\000e\000c\000u\000t\000i\000o\000n\000\040\000D\000i\000r\000e\000c\000t\000i\000v\000e}{chapter.1}
\BOOKMARK [0][-]{chapter.2}{\376\377\000F\000i\000l\000e\000\040\000I\000n\000d\000e\000x}{}
\BOOKMARK [1][-]{section.2.1}{\376\377\000F\000i\000l\000e\000\040\000L\000i\000s\000t}{chapter.2}
\BOOKMARK [0][-]{chapter.3}{\376\377\000F\000i\000l\000e\000\040\000D\000o\000c\000u\000m\000e\000n\000t\000a\000t\000i\000o\000n}{}
\BOOKMARK [1][-]{section.3.1}{\376\377\000c\000o\000d\000e\000/\000s\000e\000r\000v\000e\000r\000.\000c\000\040\000F\000i\000l\000e\000\040\000R\000e\000f\000e\000r\000e\000n\000c\000e}{chapter.3}
\BOOKMARK [2][-]{subsection.3.1.1}{\376\377\000D\000e\000f\000i\000n\000e\000\040\000D\000o\000c\000u\000m\000e\000n\000t\000a\000t\000i\000o\000n}{section.3.1}
\BOOKMARK [3][-]{subsubsection.3.1.1.1}{\376\377\000B\000U\000F\000\137\000S\000I\000Z\000E}{subsection.3.1.1}
\BOOKMARK [3][-]{subsubsection.3.1.1.2}{\376\377\000P\000O\000R\000T}{subsection.3.1.1}
\BOOKMARK [3][-]{subsubsection.3.1.1.3}{\376\377\000Q\000U\000E\000U\000E}{subsection.3.1.1}
\BOOKMARK [2][-]{subsection.3.1.2}{\376\377\000F\000u\000n\000c\000t\000i\000o\000n\000\040\000D\000o\000c\000u\000m\000e\000n\000t\000a\000t\000i\000o\000n}{section.3.1}
\BOOKMARK [3][-]{subsubsection.3.1.2.1}{\376\377\000c\000a\000t\000c\000h\000\137\000s\000i\000g\000n\000a\000l}{subsection.3.1.2}
\BOOKMARK [3][-]{subsubsection.3.1.2.2}{\376\377\000h\000a\000n\000d\000l\000e\000\137\000s\000h\000u\000t\000d\000o\000w\000n}{subsection.3.1.2}
\BOOKMARK [3][-]{subsubsection.3.1.2.3}{\376\377\000m\000a\000i\000n}{subsection.3.1.2}
\BOOKMARK [2][-]{subsection.3.1.3}{\376\377\000V\000a\000r\000i\000a\000b\000l\000e\000\040\000D\000o\000c\000u\000m\000e\000n\000t\000a\000t\000i\000o\000n}{section.3.1}
\BOOKMARK [3][-]{subsubsection.3.1.3.1}{\376\377\000l\000i\000s\000t\000e\000n\000e\000r\000\137\000i\000d}{subsection.3.1.3}
\BOOKMARK [3][-]{subsubsection.3.1.3.2}{\376\377\000s\000e\000m}{subsection.3.1.3}
\BOOKMARK [1][-]{section.3.2}{\376\377\000c\000o\000d\000e\000/\000s\000e\000r\000v\000i\000c\000e\000.\000c\000\040\000F\000i\000l\000e\000\040\000R\000e\000f\000e\000r\000e\000n\000c\000e}{chapter.3}
\BOOKMARK [2][-]{subsection.3.2.1}{\376\377\000D\000e\000f\000i\000n\000e\000\040\000D\000o\000c\000u\000m\000e\000n\000t\000a\000t\000i\000o\000n}{section.3.2}
\BOOKMARK [3][-]{subsubsection.3.2.1.1}{\376\377\000B\000U\000F\000\137\000S\000I\000Z\000E}{subsection.3.2.1}
\BOOKMARK [2][-]{subsection.3.2.2}{\376\377\000F\000u\000n\000c\000t\000i\000o\000n\000\040\000D\000o\000c\000u\000m\000e\000n\000t\000a\000t\000i\000o\000n}{section.3.2}
\BOOKMARK [3][-]{subsubsection.3.2.2.1}{\376\377\000a\000d\000d\000R\000e\000c\000o\000r\000d}{subsection.3.2.2}
\BOOKMARK [3][-]{subsubsection.3.2.2.2}{\376\377\000b\000i\000n\000d\000\137\000t\000o\000\137\000p\000o\000r\000t}{subsection.3.2.2}
\BOOKMARK [3][-]{subsubsection.3.2.2.3}{\376\377\000c\000o\000n\000n\000e\000c\000t\000\137\000t\000o\000\137\000p\000o\000r\000t}{subsection.3.2.2}
\BOOKMARK [3][-]{subsubsection.3.2.2.4}{\376\377\000e\000r\000r\000o\000r}{subsection.3.2.2}
\BOOKMARK [3][-]{subsubsection.3.2.2.5}{\376\377\000f\000i\000n\000d\000\137\000c\000o\000m\000m\000a\000n\000d}{subsection.3.2.2}
\BOOKMARK [3][-]{subsubsection.3.2.2.6}{\376\377\000h\000e\000a\000r}{subsection.3.2.2}
\BOOKMARK [3][-]{subsubsection.3.2.2.7}{\376\377\000o\000p\000e\000n\000\137\000l\000i\000s\000t\000e\000n\000e\000r\000\137\000s\000o\000c\000k\000e\000t}{subsection.3.2.2}
\BOOKMARK [3][-]{subsubsection.3.2.2.8}{\376\377\000p\000r\000i\000n\000t\000\137\000r\000e\000c\000o\000r\000d}{subsection.3.2.2}
\BOOKMARK [3][-]{subsubsection.3.2.2.9}{\376\377\000r\000e\000m\000o\000v\000e\000\137\000s\000p\000a\000c\000e\000s}{subsection.3.2.2}
\BOOKMARK [3][-]{subsubsection.3.2.2.10}{\376\377\000s\000a\000y}{subsection.3.2.2}
\BOOKMARK [3][-]{subsubsection.3.2.2.11}{\376\377\000s\000e\000a\000r\000c\000h\000B\000y\000E\000n\000t\000r\000y}{subsection.3.2.2}
\BOOKMARK [3][-]{subsubsection.3.2.2.12}{\376\377\000s\000e\000a\000r\000c\000h\000B\000y\000N\000a\000m\000e}{subsection.3.2.2}
\BOOKMARK [3][-]{subsubsection.3.2.2.13}{\376\377\000s\000e\000a\000r\000c\000h\000B\000y\000Y\000e\000a\000r}{subsection.3.2.2}
\BOOKMARK [3][-]{subsubsection.3.2.2.14}{\376\377\000s\000t\000r\000n\000i\000c\000m\000p}{subsection.3.2.2}
\BOOKMARK [1][-]{section.3.3}{\376\377\000c\000o\000d\000e\000/\000s\000e\000r\000v\000i\000c\000e\000.\000h\000\040\000F\000i\000l\000e\000\040\000R\000e\000f\000e\000r\000e\000n\000c\000e}{chapter.3}
\BOOKMARK [2][-]{subsection.3.3.1}{\376\377\000F\000u\000n\000c\000t\000i\000o\000n\000\040\000D\000o\000c\000u\000m\000e\000n\000t\000a\000t\000i\000o\000n}{section.3.3}
\BOOKMARK [3][-]{subsubsection.3.3.1.1}{\376\377\000a\000d\000d\000R\000e\000c\000o\000r\000d}{subsection.3.3.1}
\BOOKMARK [3][-]{subsubsection.3.3.1.2}{\376\377\000b\000i\000n\000d\000\137\000t\000o\000\137\000p\000o\000r\000t}{subsection.3.3.1}
\BOOKMARK [3][-]{subsubsection.3.3.1.3}{\376\377\000c\000a\000t\000c\000h\000\137\000s\000i\000g\000n\000a\000l}{subsection.3.3.1}
\BOOKMARK [3][-]{subsubsection.3.3.1.4}{\376\377\000c\000o\000n\000n\000e\000c\000t\000\137\000t\000o\000\137\000p\000o\000r\000t}{subsection.3.3.1}
\BOOKMARK [3][-]{subsubsection.3.3.1.5}{\376\377\000e\000r\000r\000o\000r}{subsection.3.3.1}
\BOOKMARK [3][-]{subsubsection.3.3.1.6}{\376\377\000f\000i\000n\000d\000\137\000c\000o\000m\000m\000a\000n\000d}{subsection.3.3.1}
\BOOKMARK [3][-]{subsubsection.3.3.1.7}{\376\377\000h\000a\000n\000d\000l\000e\000\137\000s\000h\000u\000t\000d\000o\000w\000n}{subsection.3.3.1}
\BOOKMARK [3][-]{subsubsection.3.3.1.8}{\376\377\000h\000e\000a\000r}{subsection.3.3.1}
\BOOKMARK [3][-]{subsubsection.3.3.1.9}{\376\377\000o\000p\000e\000n\000\137\000l\000i\000s\000t\000e\000n\000e\000r\000\137\000s\000o\000c\000k\000e\000t}{subsection.3.3.1}
\BOOKMARK [3][-]{subsubsection.3.3.1.10}{\376\377\000p\000r\000i\000n\000t\000\137\000r\000e\000c\000o\000r\000d}{subsection.3.3.1}
\BOOKMARK [3][-]{subsubsection.3.3.1.11}{\376\377\000r\000e\000m\000o\000v\000e\000\137\000s\000p\000a\000c\000e\000s}{subsection.3.3.1}
\BOOKMARK [3][-]{subsubsection.3.3.1.12}{\376\377\000s\000a\000y}{subsection.3.3.1}
\BOOKMARK [3][-]{subsubsection.3.3.1.13}{\376\377\000s\000e\000a\000r\000c\000h\000B\000y\000E\000n\000t\000r\000y}{subsection.3.3.1}
\BOOKMARK [3][-]{subsubsection.3.3.1.14}{\376\377\000s\000e\000a\000r\000c\000h\000B\000y\000N\000a\000m\000e}{subsection.3.3.1}
\BOOKMARK [3][-]{subsubsection.3.3.1.15}{\376\377\000s\000e\000a\000r\000c\000h\000B\000y\000Y\000e\000a\000r}{subsection.3.3.1}
