0 1 0 0 0 0 0 0 0 0 0
1 1 0 101.83714511699999 0.23680105899999987 12 12 0 4875 4875 0
2 1 0 236.18630628309975 0.85380640549999898 41 41 0 14207 14207 0
3 1 0 915.4204237122982 2.3458103767999958 79 67 0 26203 22916 0
4 1 0 2657.3653989023019 10.786590354800005 120 114 0 37015 35497 0
5 1 0 8602.9394001474811 17.068815247599957 164 140 0 58579 48236 0
6 1 0 9618.9917418704881 28.147463811799962 199 171 0 69419 60578 0
7 1 0 6111.5940379868871 21.982610562899954 233 216 0 80221 72957 0
8 1 0 6165.5417164243117 18.198501752900043 264 247 0 89936 85688 0
9 1 0 3135.5813219182933 11.201578553199989 298 293 0 101276 98545 0
10 1 0 4698.5721206670141 11.873348905700038 336 319 0 116647 110405 0
11 1 0 4054.8942214607332 12.184085154100085 365 355 0 126974 122881 0
12 1 0 3598.0361219507386 8.6391416223000981 396 385 0 140271 135493 0
13 1 0 2754.1965595739134 7.3414836338000224 419 419 0 147750 147750 0
14 1 0 477.2237486551968 1.2743512675999948 444 442 0 156802 156090 0
15 1 0 3702.263379569617 7.3248029570000295 475 465 0 172522 167887 0
16 1 0 5462.5011768064905 10.776973882800176 502 490 0 186483 180488 0
17 1 0 4146.318647129262 11.976470964400434 528 523 0 194014 193262 0
18 1 0 233.65684653081081 1.0164285086000824 549 547 0 202265 201889 0
19 1 0 1113.3049874896742 3.2313412233998946 582 575 0 215224 212572 0
20 1 0 463.08069307060271 1.7774203692000086 605 605 0 221185 221185 0
21 1 0 919.21700753496179 2.3896944977999155 640 633 0 234597 233072 0
22 1 0 1806.6523757155182 4.9241722092997726 674 668 0 247881 245836 0
23 1 0 3859.1018800691713 10.337972261699925 715 700 0 263305 257976 0
24 1 0 4617.5203391611813 14.861305396099254 752 741 0 275817 270695 0
25 1 0 5547.6337367876167 17.57796142969956 797 776 0 289079 283036 0
26 1 0 8460.8974657210438 24.576407060998921 841 817 0 304050 296150 0
27 1 0 8990.6061564383854 26.27003355249888 880 850 0 318234 308260 0
28 1 0 9023.6344179104326 25.13036554769868 909 885 0 329445 320586 0
29 1 0 6528.6070802007116 21.123623178198844 943 919 0 338661 333427 0
30 1 0 2250.4862610229206 9.220453962477972 971 968 0 345579 345023 0
31 1 0 373.1506065009919 1.2750357906400254 1005 1005 0 356349 356349 0
32 1 0 119.01374354100406 0.39350227500001012 1030 1030 0 364304 364304 0
33 1 0 2361.1612286349905 4.8058879733597237 1065 1057 0 380820 376159 0
34 1 0 2160.5957342697802 6.4170853446396094 1088 1088 0 386501 386501 0
35 1 0 962.69103112957828 3.6845813736797695 1124 1120 0 396046 395479 0
36 1 0 206.56234333932039 0.90859550631991937 1147 1147 0 403368 403368 0
37 1 0 539.96269029801817 1.6186151468398506 1183 1176 0 416959 414030 0
38 1 0 1018.618818795288 3.9557814664397455 1217 1213 0 425657 425062 0
39 1 0 362.02462414064786 1.2481324119202029 1237 1237 0 433172 433172 0
40 1 0 995.38551602976554 2.837791939519775 1268 1267 0 444772 444505 0
41 1 0 509.8840486384251 1.389957160439792 1297 1294 0 455391 454048 0
42 1 0 1725.7027393186331 4.4992311037400015 1324 1324 0 465967 465967 0
43 1 0 373.70661775999741 0.99922472999999457 1345 1345 0 474591 474591 0
44 1 0 630.72763414926453 1.756402001579815 1375 1371 0 486340 485094 0
45 1 0 793.98307389491038 2.659450496559927 1403 1401 0 495754 494590 0
46 1 0 3981.857650532359 10.040018509239623 1440 1431 0 510256 507322 0
47 1 0 6800.7130233693115 16.200587496798477 1479 1460 0 527606 519775 0
48 1 0 8602.6349242826072 24.013436220138274 1518 1492 0 542232 532020 0
49 1 0 8231.0195472169453 24.375000511258975 1551 1527 0 551874 544938 0
50 1 0 6148.5233625351366 21.917952493078801 1587 1569 0 562688 556875 0
51 1 0 2945.6425408135933 9.0585498374393296 1613 1613 0 570012 570012 0
52 1 0 597.3553974272304 1.1402753247794735 1639 1635 0 579886 577717 0
53 1 0 2453.8649468258977 7.0576757417986684 1677 1663 0 593267 590429 0
54 1 0 658.80934734210541 2.7892609406213325 1697 1697 0 598163 598163 0
55 1 0 4007.0763837862069 7.1445459611992135 1727 1720 0 613577 610246 0
56 1 0 3682.1109632344128 11.19043403527013 1762 1749 0 624988 622072 0
57 1 0 4265.9774174209788 12.857408490941658 1796 1788 0 637769 634603 0
58 1 0 2624.4694417613568 7.1910756046514024 1827 1822 0 648491 647313 0
59 1 0 1586.7219058391051 5.2236202617343466 1866 1861 0 661641 659906 0
60 1 0 951.6332652025983 3.2099662030854219 1896 1894 0 672078 671927 0
61 1 0 2197.0876086979388 6.9030253466979516 1936 1927 0 685922 683722 0
62 1 0 857.62606002804205 3.768314614931036 1965 1965 0 694880 694880 0
63 1 0 791.25707465913194 2.3082785162269204 1996 1991 0 706273 704749 0
64 1 0 459.85400676741381 1.5015370898582532 2025 2024 0 717356 716562 0
65 1 0 3801.4256980845348 9.4282123796800477 2068 2052 0 734168 729283 0
66 1 0 2939.0697789828932 10.060013450828393 2101 2094 0 744135 741920 0
67 1 0 1088.878874727405 3.5377083476001872 2129 2129 0 752815 752815 0
68 1 0 1752.189196601322 5.0702329516826126 2164 2156 0 765965 763675 0
69 1 0 933.23343742804161 3.5064229234871362 2189 2187 0 774091 773860 0
70 1 0 596.59311420419624 1.6953122020856028 2222 2219 0 786052 784590 0
71 1 0 588.72250181993206 2.1313986379436756 2253 2253 0 795856 795856 0
72 1 0 368.63996086399555 1.0939354449999712 2279 2279 0 804252 804252 0
73 1 0 199.254169729924 0.66084895048535941 2305 2304 0 812308 812201 0
74 1 0 986.48950880316295 2.6527508014264498 2341 2335 0 825572 823095 0
75 1 0 1565.3991367373908 4.8892262850869059 2369 2369 0 835366 835366 0
76 1 0 2438.7169658884777 6.5602308757510741 2414 2397 0 853640 847708 0
77 1 0 3111.0532795759841 10.926296575501866 2444 2441 0 861764 861018 0
78 1 0 511.8980974639847 1.6662251677286264 2467 2466 0 869718 869525 0
79 1 0 130.27203372584276 0.5657369283146636 2490 2490 0 875349 875349 0
80 1 0 5462.4071715016271 10.127085557050776 2528 2511 0 894084 887070 0
81 1 0 11302.650804530895 28.548480281333482 2574 2539 0 911884 899888 0
82 1 0 15419.997224045759 41.619844054033948 2620 2574 0 929060 911884 0
83 1 0 14566.038354069542 42.339723290568699 2649 2608 0 937797 925202 0
84 1 0 13699.033991030055 41.005374939682582 2683 2648 0 951986 936963 0
85 1 0 16205.284348584852 40.977201939050317 2724 2679 0 966390 949595 0
86 1 0 14486.260804464671 44.152572200540206 2750 2708 0 975018 961989 0
87 1 0 12330.743721248795 34.940137205394819 2783 2748 0 987416 974475 0
88 1 0 9164.2510619047771 30.823509347409754 2808 2781 0 993096 986981 0
89 1 0 8574.6747827486561 22.601683880306297 2844 2818 0 1007331 999401 0
90 1 0 6396.4980586640095 20.791566375665951 2873 2859 0 1016512 1012476 0
91 1 0 5992.6307574555458 17.747588687505385 2913 2900 0 1032255 1024534 0
92 1 0 6709.9157183027455 17.326432535878553 2945 2924 0 1042676 1037103 0
93 1 0 5834.1264776380767 20.429540480622052 2983 2964 0 1053810 1049381 0
94 1 0 994.74139674841831 4.9439479140294083 3009 3006 0 1060267 1059601 0
95 1 0 272.03912777102505 1.0960432298792853 3033 3032 0 1069530 1069425 0
96 1 0 1739.1488999949481 5.1958547130207933 3070 3067 0 1083850 1082316 0
97 1 0 3066.5226692111642 7.6304255193107906 3106 3097 0 1100108 1094778 0
98 1 0 4785.769995203791 13.410488418452488 3148 3129 0 1114101 1107124 0
99 1 0 9681.456393713499 29.493902968658418 3199 3167 0 1130397 1119457 0
100 1 0 9781.1972294571206 32.375008847097888 3237 3205 0 1142866 1132038 0
101 1 0 11214.938262111342 28.689942490382364 3273 3240 0 1158414 1144706 0
102 1 0 12219.83523435765 34.236943498903969 3306 3270 0 1168274 1157072 0
103 1 0 9152.9052132817051 26.393073862611189 3327 3309 0 1176273 1170005 0
104 1 0 6308.2871498390714 17.498522787460104 3368 3344 0 1191914 1182447 0
105 1 0 8951.6174766671011 28.722999811982945 3404 3379 0 1204145 1194498 0
106 1 0 7893.9506270808697 20.509028474735743 3431 3412 0 1213394 1207174 0
107 1 0 4145.9593643739126 13.645131634929356 3465 3455 0 1222849 1220272 0
108 1 0 1145.4554479606602 4.0315228828865912 3497 3493 0 1232002 1230731 0
109 1 0 1505.681736512463 3.8741050119997311 3527 3523 0 1245629 1243114 0
110 1 0 1555.1508173040586 3.7502298398762974 3560 3551 0 1258472 1255858 0
111 1 0 614.54878136316063 2.7759200536806219 3585 3585 0 1262915 1262915 0
112 1 0 317.16055011364512 1.1055989382063984 3616 3613 0 1273003 1271758 0
113 1 0 884.55558506960642 2.2055303897356566 3642 3638 0 1284771 1282768 0
114 1 0 1352.1856916698591 4.3985830788656273 3676 3673 0 1297600 1295384 0
115 1 0 931.26798767273033 3.3071034769637322 3706 3704 0 1306531 1305387 0
116 1 0 163.89149703797509 0.64025681372891086 3731 3731 0 1313175 1313175 0
117 1 0 2961.4440099138183 7.5095825209909179 3771 3760 0 1330459 1325816 0
118 1 0 9073.5308349575662 22.718544141141095 3817 3788 0 1348351 1338464 0
119 1 0 9347.4223031070833 30.299109833902435 3853 3824 0 1358727 1350733 0
120 1 0 5685.5872781373337 20.826168836798388 3880 3868 0 1366063 1363279 0
121 1 0 1250.7091073794636 4.616933725046394 3908 3906 0 1376257 1375615 0
122 1 0 975.41049887226268 3.1541448344710687 3944 3940 0 1387676 1387172 0
123 1 0 915.70296999251593 2.7010429727774863 3970 3970 0 1397596 1397596 0
124 1 0 498.97817767499845 2.1182166999999481 4001 4001 0 1407440 1407440 0
125 1 0 724.04058064426681 2.3683379449264805 4045 4042 0 1421444 1419224 0
126 1 0 2728.2621555136188 7.8595038404241819 4077 4075 0 1432149 1431531 0
127 1 0 2204.5521491328682 7.8094516638533946 4123 4115 0 1447038 1444081 0
128 1 0 1264.0252272914399 4.8511129247514475 4164 4161 0 1457427 1456789 0
129 1 0 1956.1944545984522 6.5647915312453904 4197 4197 0 1468550 1468550 0
130 1 0 2589.4633191411895 7.7820802265107432 4237 4230 0 1482373 1480930 0
131 1 0 397.38264647310632 1.737937426020153 4270 4269 0 1492456 1492317 0
132 1 0 1387.5410363604703 3.9782145249093617 4307 4302 0 1506309 1504640 0
133 1 0 540.50913803672211 2.0656532159204062 4339 4334 0 1516361 1514351 0
134 1 0 2971.5123751801198 7.7626675103894911 4375 4366 0 1530992 1526781 0
135 1 0 2088.2503788679978 5.1062684668214331 4398 4398 0 1538776 1538776 0
136 1 0 549.14264581185648 2.1008205279926244 4435 4432 0 1551163 1549889 0
137 1 0 383.93883041386903 1.3967008908079777 4460 4460 0 1558201 1558201 0
138 1 0 1643.9332354788612 4.0772575515767358 4497 4488 0 1573702 1570271 0
139 1 0 1758.0049789861723 5.9383965618612251 4528 4525 0 1583873 1582785 0
140 1 0 1481.5875032233098 3.8011783733981588 4565 4563 0 1595791 1595244 0
141 1 0 308.9059334769039 0.95865008311389488 4593 4589 0 1605703 1604522 0
142 1 0 979.37529279332148 3.0158938053728264 4618 4618 0 1615076 1615076 0
143 1 0 3373.5449315716819 8.9850513855399754 4670 4643 0 1636215 1625958 0
144 1 0 12246.940700343839 30.345744741601692 4708 4674 0 1652009 1639439 0
145 1 0 12271.925202817954 31.69886727713191 4737 4706 0 1662792 1650983 0
146 1 0 12113.291867425864 29.182256135510755 4767 4739 0 1675516 1663532 0
147 1 0 10014.252316026063 33.401112905083238 4796 4769 0 1683070 1676276 0
148 1 0 5621.1300347126153 18.424309164097707 4829 4814 0 1694737 1688743 0
149 1 0 6074.2248994898428 15.818445153533219 4860 4846 0 1706014 1701223 0
150 1 0 3715.8820191860555 13.109242147907253 4893 4884 0 1715344 1713523 0
151 1 0 1428.4225161167856 2.857757540552825 4915 4913 0 1727066 1725446 0
152 1 0 1560.3425981590156 4.4739359250263249 4941 4941 0 1735440 1735440 0
153 1 0 56.693033826982912 0.14106590800000163 4962 4962 0 1741141 1741141 0
154 1 0 3330.3098330501998 8.3388544762312335 5006 4993 0 1758456 1752194 0
155 1 0 4172.9602256509543 12.452965309577735 5041 5026 0 1771084 1764715 0
156 1 0 8037.1448275823795 19.607065060789125 5073 5057 0 1783889 1777448 0
157 1 0 6403.5046486054325 15.419065527643966 5103 5090 0 1796853 1789867 0
158 1 0 6546.7769126478997 16.087883998553252 5136 5116 0 1809297 1802208 0
159 1 0 7603.7603960422221 20.457641472301844 5175 5150 0 1823497 1814890 0
160 1 0 8651.3078127613717 26.783261150392946 5206 5188 0 1833981 1828114 0
161 1 0 6004.8581990111024 20.196359735227759 5244 5226 0 1846446 1839753 0
162 1 0 7337.9267547629079 19.283454207679142 5278 5261 0 1858023 1852554 0
163 1 0 5364.141630303061 14.361095599363011 5306 5292 0 1869909 1864766 0
164 1 0 4609.2544584923098 12.117764022311178 5338 5326 0 1881623 1877504 0
165 1 0 2242.0213124219104 7.4818745490997856 5374 5366 0 1894314 1889866 0
166 1 0 2286.1801739539123 6.6358293249932387 5402 5399 0 1903193 1902312 0
167 1 0 699.8230783569619 1.6213540519301546 5428 5424 0 1915924 1914472 0
168 1 0 483.85822044057886 2.0272137776133548 5448 5448 0 1922316 1922316 0
169 1 0 334.06137392204914 1.2068623370001887 5473 5473 0 1930320 1930320 0
170 1 0 1461.6188002055858 4.1486657455815532 5507 5501 0 1943031 1941638 0
171 1 0 754.2003110071596 2.8162917259208768 5543 5543 0 1952844 1952844 0
172 1 0 482.0505962001539 1.0638257229841201 5574 5569 0 1963803 1961179 0
173 1 0 1547.8613358179086 3.5892137966007169 5600 5595 0 1974686 1972435 0
174 1 0 2011.398723582568 6.4670190368257465 5629 5629 0 1984538 1984538 0
175 1 0 158.65587475565817 0.71892546526925116 5661 5658 0 1995690 1993953 0
176 1 0 1083.0858540695251 3.2194043007319522 5686 5686 0 2005080 2005080 0
177 1 0 2372.7039457981759 6.675688822078456 5728 5716 0 2020636 2015716 0
178 1 0 8106.3525631297007 19.457444917809653 5767 5746 0 2036603 2028497 0
179 1 0 5823.3635234129688 18.085841327572751 5795 5781 0 2045210 2040856 0
180 1 0 4629.9068166590014 9.8476946166028654 5824 5810 0 2058187 2053310 0
181 1 0 3771.6706216818357 10.573076843974434 5848 5841 0 2068054 2065774 0
182 1 0 1257.9898563148095 4.2595679454742879 5874 5874 0 2076983 2076983 0
183 1 0 2369.2313034336962 7.116555743677651 5919 5907 0 2092751 2089014 0
184 1 0 6364.6727661246277 18.531307651397753 5958 5936 0 2106514 2100971 0
185 1 0 3831.3385659660798 10.951308647816688 5983 5972 0 2116243 2113596 0
186 1 0 1390.0169543485426 5.2290585327862402 6018 6015 0 2127980 2126550 0
187 1 0 1451.9009638661466 4.8793478381697923 6056 6050 0 2139710 2137375 0
188 1 0 1866.1729077984221 5.3518930310606834 6087 6087 0 2149918 2149918 0
189 1 0 2453.7237772293756 6.4022735738485608 6137 6122 0 2168526 2162510 0
190 1 0 6324.5962734483583 16.451466784758395 6174 6155 0 2181306 2175450 0
191 1 0 4171.7671210527833 14.063185133491857 6202 6192 0 2190650 2187702 0
192 1 0 2909.8878318634502 8.2885073650433583 6236 6230 0 2203390 2200049 0
193 1 0 3672.5796263521815 9.5319745551198594 6274 6254 0 2217745 2212371 0
194 1 0 3520.7134361051858 12.830434691754419 6308 6297 0 2227160 2224865 0
195 1 0 4109.2915595141249 11.284938334433519 6345 6334 0 2241600 2237305 0
196 1 0 2913.7329158235571 10.131831870857042 6383 6375 0 2252121 2249759 0
197 1 0 1015.8558302733129 3.2119908564352215 6411 6409 0 2262057 2261288 0
198 1 0 600.23970660955297 1.7968628223182179 6443 6437 0 2273058 2272003 0
199 1 0 2302.3855370700203 5.3061090343606168 6475 6467 0 2287464 2284078 0
200 1 0 1634.2085985629408 5.0331388029654534 6509 6504 0 2298980 2296665 0
201 1 0 866.68139427276765 2.7740104415620976 6538 6536 0 2308600 2307787 0
202 1 0 500.13020709387644 1.7781387219396265 6569 6566 0 2318967 2318125 0
203 1 0 284.97710662618476 1.3325899363608187 6600 6599 0 2327198 2326479 0
204 1 0 422.15323131870673 1.1850903659804999 6629 6629 0 2335988 2335988 0
205 1 0 168.16618302359814 0.55466855269992266 6658 6658 0 2345671 2345671 0
206 1 0 337.60204579136769 1.5470626348589178 6686 6682 0 2354336 2353457 0
207 1 0 445.76512666868695 1.6577220536601089 6721 6721 0 2364046 2364046 0
208 1 0 220.81835498382699 0.88571102655973277 6750 6748 0 2373225 2372804 0
209 1 0 451.14492210744493 1.0998861722800655 6775 6772 0 2383422 2382546 0
210 1 0 484.42388987226116 1.8298310001413824 6812 6811 0 2393380 2393145 0
211 1 0 292.57859245166765 1.3380131486988489 6843 6837 0 2403575 2401732 0
212 1 0 2618.479931901993 6.6221959084284094 6881 6866 0 2418480 2414242 0
213 1 0 1814.2360010852863 6.9744833833862288 6911 6910 0 2427048 2426735 0
214 1 0 78.153883542269512 0.41522125741053628 6940 6940 0 2434819 2434819 0
215 1 0 385.86068441383384 1.6000565005103624 6971 6970 0 2444977 2444768 0
216 1 0 24.854876171890339 0.064186317090388911 6985 6985 0 2448829 2448829 0
217 1 0 669.26768051464546 1.9663699006391369 7016 7012 0 2459088 2457353 0
218 1 0 844.92514302681172 2.3545573927614498 7043 7043 0 2469755 2469755 0
219 1 0 110.63466545661359 0.40726993292918223 7069 7066 0 2477971 2476797 0
220 1 0 1709.8911735686463 4.739168459186601 7109 7097 0 2493474 2489112 0
221 1 0 1383.3364850739188 5.0116631932940834 7137 7136 0 2501972 2501739 0
222 1 0 623.15064065606157 1.9397836460097722 7168 7166 0 2512646 2511689 0
223 1 0 1350.9226086601286 3.8606090099818005 7193 7193 0 2521602 2521602 0
224 1 0 2284.9631382898601 5.6073365745175181 7230 7218 0 2535994 2532069 0
225 1 0 5476.1780457830801 14.280126802508732 7278 7255 0 2555750 2544774 0
226 1 0 9280.2123034889737 24.335354225201854 7306 7283 0 2565771 2557279 0
227 1 0 7020.6042041791161 21.763974651127569 7335 7320 0 2574716 2570396 0
228 1 0 4190.7458289729057 10.893728385926181 7359 7352 0 2584607 2582307 0
229 1 0 2268.0189791825906 7.5834181839897212 7399 7394 0 2598003 2594695 0
230 1 0 5541.7449005751832 14.573763723153917 7441 7421 0 2613257 2607619 0
231 1 0 2565.393401088892 10.697466699119303 7467 7467 0 2619677 2619677 0
232 1 0 657.62347797314953 2.2720322241792701 7510 7502 0 2633983 2630652 0
233 1 0 5505.7658962159721 12.187799405479893 7548 7532 0 2649200 2643663 0
234 1 0 7476.857991791886 20.645515981889474 7593 7568 0 2666510 2655834 0
235 1 0 10702.767873455501 32.941475342019942 7634 7597 0 2678520 2668428 0
236 1 0 10560.046692891421 36.060303312117242 7678 7640 0 2691206 2680725 0
237 1 0 7483.2795864503914 28.060732657216874 7704 7686 0 2699304 2693442 0
238 1 0 5017.7539049561365 15.233514343713836 7731 7723 0 2707211 2705919 0
239 1 0 2280.3625683499276 5.6069469511323859 7757 7757 0 2718712 2718712 0
240 1 0 54.703358077300635 0.3744244367107683 7786 7785 0 2727674 2727590 0
241 1 0 819.1200672195647 2.6594202801298934 7819 7815 0 2739051 2738445 0
242 1 0 463.27201601566685 1.252637960090965 7847 7844 0 2749239 2747187 0
243 1 0 374.20502491744878 1.3756060122715041 7876 7876 0 2756644 2756644 0
244 1 0 857.12704348277759 2.8035314856385583 7911 7907 0 2768438 2766975 0
245 1 0 1905.2790060816774 6.4456570586297062 7951 7944 0 2781377 2779010 0
246 1 0 2747.1219226904768 9.3192008904411807 7994 7983 0 2793851 2791667 0
247 1 0 2349.6644354974551 8.0518453222728112 8034 8026 0 2807634 2803901 0
248 1 0 3344.273331109222 9.950238366783168 8066 8060 0 2817982 2816472 0
249 1 0 2860.0989572896965 5.8100410498404642 8094 8084 0 2833844 2828508 0
250 1 0 7549.9729409477732 20.399079184242368 8130 8116 0 2846792 2841376 0
251 1 0 5830.6834971050748 15.477563079624531 8164 8148 0 2858665 2854261 0
252 1 0 4337.9818631278813 16.709148687118869 8197 8190 0 2867953 2866079 0
253 1 0 1404.2317844899314 4.8325939847453583 8228 8227 0 2877942 2877150 0
254 1 0 2265.550741510131 5.8642652735296679 8261 8257 0 2890462 2889606 0
255 1 0 525.67148275074464 1.4281100689196933 8291 8285 0 2902680 2899968 0
256 1 0 3098.4760341277906 9.7502029587989512 8325 8319 0 2912818 2911676 0
257 1 0 616.65350502836691 1.7304186009412206 8347 8347 0 2921415 2921415 0
258 1 0 702.60482955885368 2.0243551032009464 8381 8381 0 2932440 2932440 0
259 1 0 1091.06800545653 2.6656050247592589 8416 8410 0 2948447 2944514 0
260 1 0 9266.1455765842766 21.964350080165332 8460 8437 0 2966390 2957355 0
261 1 0 12195.689564523243 29.918026493324703 8502 8466 0 2983737 2969252 0
262 1 0 13298.446488571119 35.038676081536778 8528 8498 0 2992575 2981931 0
263 1 0 9451.5968157884708 28.00307446536624 8558 8531 0 3002512 2994565 0
264 1 0 9275.1271735436167 26.215967754774056 8591 8566 0 3015427 3006615 0
265 1 0 7061.9439648650678 22.353799487339131 8623 8603 0 3025430 3019160 0
266 1 0 7519.3574392694172 19.014299190175393 8657 8640 0 3040124 3032140 0
267 1 0 9299.8362370850846 25.770699282777684 8701 8673 0 3056282 3044158 0
268 1 0 9681.4608321391679 25.779067376974581 8732 8703 0 3065291 3057034 0
269 1 0 7042.6999306696462 22.070379453694159 8757 8742 0 3075771 3068959 0
270 1 0 8387.9972831165251 21.979538966837879 8798 8775 0 3089472 3082254 0
271 1 0 7543.8763000512045 21.94080609843337 8833 8810 0 3104286 3094308 0
272 1 0 10487.298004606786 28.484130111550996 8871 8838 0 3116306 3106893 0
273 1 0 10713.86799408775 28.170529321122217 8900 8876 0 3128144 3118961 0
274 1 0 9914.050532276211 28.011335819807186 8937 8910 0 3141579 3131999 0
275 1 0 7941.3481939074472 25.357880954993618 8969 8945 0 3152306 3143941 0
276 1 0 7236.0803686339741 20.908512049772639 9001 8982 0 3162573 3156416 0
277 1 0 6353.4813417825935 19.08267272848434 9033 9018 0 3174052 3169078 0
278 1 0 5878.9208948517453 17.594950731217125 9076 9054 0 3187796 3181925 0
279 1 0 5567.5993416242254 15.521461284557802 9100 9088 0 3197627 3193956 0
280 1 0 1687.9663443978732 5.3814638318602306 9128 9126 0 3206520 3206108 0
281 1 0 1135.4275417517097 2.9748055101540558 9160 9153 0 3217996 3216022 0
282 1 0 1877.1699814807116 6.8142087316701918 9196 9193 0 3229199 3228695 0
283 1 0 276.82527030651238 1.0636375775054034 9219 9219 0 3235014 3235014 0
284 1 0 250.29113084159269 1.0705132256998695 9244 9244 0 3242828 3242828 0
285 1 0 776.41695605619634 2.5230148463587057 9277 9275 0 3255200 3253497 0
286 1 0 546.52048135526456 1.5601840495400552 9306 9306 0 3264301 3264301 0
287 1 0 457.51930339443788 1.4096260722834018 9338 9332 0 3274239 3272135 0
288 1 0 1807.8175638236366 6.0080041649749774 9381 9366 0 3287512 3284250 0
289 1 0 2467.9014678126437 8.9297312697971734 9413 9411 0 3296737 3296563 0
290 1 0 1906.1466590853227 3.9340244627131824 9446 9437 0 3310999 3307746 0
291 1 0 4761.5718990681835 14.290536005631395 9481 9470 0 3322497 3320007 0
292 1 0 2137.5178570832486 6.96786792821257 9521 9512 0 3335982 3332116 0
293 1 0 6411.0871058553221 15.323257471069667 9560 9539 0 3351954 3344552 0
294 1 0 5293.6760696697856 16.267068407368583 9585 9577 0 3360623 3357212 0
295 1 0 4313.4009831913681 10.247530912364482 9615 9605 0 3372209 3369381 0
296 1 0 1317.8919466856851 4.0379756072894679 9640 9638 0 3382235 3381524 0
297 1 0 1891.4398306439803 6.1653663144851407 9680 9673 0 3396034 3393996 0
298 1 0 3903.2905881155375 10.686840725675722 9722 9708 0 3411708 3406885 0
299 1 0 8705.3891997294122 23.319319431330712 9774 9739 0 3430972 3419427 0
300 1 0 8200.1110265674433 25.410735708600953 9799 9775 0 3439275 3431584 0
