0 2 0 0 0 0 0 0 0 0 0
1 2 0 188.61398097699993 0.75262471199999981 20 19 0 7885 7319 0
2 2 0 158.78013460800008 0.4723061150000003 40 40 0 14292 14292 0
3 2 0 262.07201136600082 0.67745987800000274 60 60 0 21909 21909 0
4 2 0 703.84076074599898 2.3161338019999977 94 93 0 32798 32415 0
5 2 0 695.10631083400472 2.4673324240000323 126 126 0 44005 44005 0
6 2 0 674.51838839019626 2.3602715580900471 161 157 0 57232 55846 0
7 2 0 3747.5866290925369 9.55973508798 197 192 0 71833 68356 0
8 2 0 3328.7647132189309 7.9798881666999435 227 218 0 84025 80854 0
9 2 0 1978.035366595944 4.9041375656199353 251 247 0 94284 93659 0
10 2 0 318.1991681864485 1.3912346460899911 278 277 0 101989 101604 0
11 2 0 363.97955468381917 1.3331797479999636 304 303 0 110874 110228 0
12 2 0 581.69289743792831 1.9264656042700228 330 330 0 119509 119509 0
13 2 0 437.19241677855774 1.2130310112199734 353 353 0 128903 128903 0
14 2 0 726.6154674509994 2.2423719290000008 384 384 0 139834 139834 0
15 2 0 1065.6836393402743 3.4976224688399569 415 413 0 149678 149644 0
16 2 0 294.59531870151494 1.3286989755199805 451 448 0 159470 159050 0
17 2 0 225.90712084810983 0.66740968504003462 482 482 0 167849 167849 0
18 2 0 1360.6360529425669 4.2328019216398793 529 517 0 185137 179717 0
19 2 0 3240.4652506769885 8.7406364650396959 554 550 0 194155 192300 0
20 2 0 297.00194397844496 0.91411427813998003 579 578 0 203544 202681 0
21 2 0 542.93970895571124 1.5993717769799147 602 602 0 211187 211187 0
22 2 0 502.1370581055703 1.5221002110600388 634 631 0 223036 221858 0
23 2 0 674.06830353221505 2.6751516583999191 671 668 0 232872 232282 0
24 2 0 2175.9475964512394 7.0618748048599684 706 700 0 244724 244032 0
25 2 0 210.6610037235676 1.0282592860800506 733 733 0 252910 252910 0
26 2 0 255.59344713601814 0.98268394480005838 757 757 0 261569 261569 0
27 2 0 1365.8048591481665 4.3924680007798287 803 794 0 276373 273182 0
28 2 0 2619.4741138117279 7.872578150780015 840 827 0 290347 286040 0
29 2 0 3954.2285149677223 13.672191594920058 881 872 0 301938 298226 0
30 2 0 2920.5043675019674 8.9560860780997018 916 907 0 313264 310624 0
31 2 0 3854.7376787771573 11.508932371279084 961 943 0 329315 323600 0
32 2 0 2804.5312771788595 10.407697398338335 989 989 0 336043 336043 0
33 2 0 93.190714982008075 0.37084641400001317 1007 1007 0 340252 340252 0
34 2 0 157.70990038397599 0.66785306703989988 1032 1030 0 348582 348332 0
35 2 0 362.61945559208874 0.94990530390002448 1053 1051 0 356029 355630 0
36 2 0 1829.2539077018803 4.9151302422400676 1086 1082 0 368793 368206 0
37 2 0 1443.5695920183457 4.9302458695396396 1118 1117 0 379724 379595 0
38 2 0 390.30452716111637 1.5746397183900882 1154 1153 0 390488 390060 0
39 2 0 1387.2117638131306 2.4971465358299056 1180 1174 0 401273 398994 0
40 2 0 4868.6567596014038 11.710790743639272 1211 1201 0 414091 411375 0
41 2 0 1716.3974484471223 6.3148936056286971 1243 1240 0 423684 423238 0
42 2 0 665.97540514163791 3.2310566714695526 1283 1283 0 433405 433405 0
43 2 0 674.52734817244766 1.6591468543399799 1317 1313 0 445559 443514 0
44 2 0 3053.501159895301 7.9141202730991864 1362 1348 0 463113 456606 0
45 2 0 6230.508286616081 15.677274037029058 1395 1378 0 475945 469200 0
46 2 0 5562.4300249967109 14.465665277348911 1421 1409 0 486302 481294 0
47 2 0 3712.9104811321604 13.00940657882871 1453 1448 0 494462 493503 0
48 2 0 1229.6211044010897 3.6636658051301083 1482 1474 0 504880 503168 0
49 2 0 4154.3279116972153 11.083759230000233 1518 1503 0 517780 515296 0
50 2 0 740.23499931544939 3.073073787969669 1545 1541 0 528199 526098 0
51 2 0 1602.5531855048057 4.5900657974000225 1581 1571 0 540601 537498 0
52 2 0 1352.0026645546561 4.2465824222001487 1608 1607 0 551070 550308 0
53 2 0 2887.43529553808 6.9942914175002713 1642 1632 0 565496 562738 0
54 2 0 975.7568008544639 4.609251532700263 1677 1672 0 574744 572867 0
55 2 0 708.45139807111616 2.2108752109997596 1704 1704 0 583652 583652 0
56 2 0 434.65126602560156 1.3401217596999899 1730 1729 0 593598 593210 0
57 2 0 369.96540607549673 1.2399852436000032 1762 1759 0 602564 602152 0
58 2 0 32.009236219100671 0.13602782959996063 1785 1784 0 608786 608401 0
59 2 0 839.55516457846568 3.02170300429988 1814 1814 0 619064 619064 0
60 2 0 390.13806305889887 1.4059137969996911 1840 1840 0 627721 627721 0
61 2 0 514.12775544594797 1.2725886835000892 1866 1861 0 639479 636962 0
62 2 0 2263.4544790053687 7.5108078074003259 1903 1898 0 650297 648861 0
63 2 0 390.72074580336283 1.2637612747998617 1928 1928 0 657886 657886 0
64 2 0 117.34811765000735 0.31147450500000673 1951 1951 0 666681 666681 0
65 2 0 271.95542283401454 0.87425059100007729 1976 1976 0 675354 675354 0
66 2 0 411.67529697865552 1.3769261714001004 2010 2007 0 685946 684759 0
67 2 0 930.46310399045308 2.7088627191999848 2049 2039 0 698588 695460 0
68 2 0 742.74075107159604 2.4596744094990726 2071 2068 0 705566 705036 0
69 2 0 2922.5185484479298 8.1640311146023379 2119 2101 0 724076 717116 0
70 2 0 6799.1128839934599 23.808456568601358 2169 2145 0 739171 729621 0
71 2 0 9928.2881269466088 27.532672519602841 2210 2178 0 753377 742103 0
72 2 0 11364.15671001165 33.415953128802002 2251 2214 0 767364 755224 0
73 2 0 13878.096799932326 39.856393133602978 2291 2249 0 783505 767108 0
74 2 0 12771.893850695193 28.974073382202022 2315 2284 0 792667 779648 0
75 2 0 10071.636964522377 27.173935958601191 2336 2314 0 801959 792399 0
76 2 0 10865.404265851272 25.200597811803405 2371 2342 0 815126 804973 0
77 2 0 8392.7331987636298 25.370778258703623 2404 2381 0 827186 817180 0
78 2 0 10358.404126379741 26.291853535404144 2438 2415 0 840383 829823 0
79 2 0 9308.9334112225024 24.887169069403754 2470 2441 0 850657 842460 0
80 2 0 6310.3959729453836 23.489168140101199 2501 2484 0 859110 854682 0
81 2 0 6692.8486932506366 16.912413419701451 2536 2516 0 874429 867489 0
82 2 0 4956.0338332180445 14.616035666900899 2565 2553 0 883084 880219 0
83 2 0 4480.0211777205495 10.774547964302457 2602 2588 0 898459 892151 0
84 2 0 4719.8043629360318 15.480169242701592 2639 2624 0 909395 904750 0
85 2 0 4306.2455741843924 12.675770531701303 2668 2660 0 919033 917413 0
86 2 0 847.85901659650699 3.5735020273012026 2700 2696 0 929226 927489 0
87 2 0 1700.0366715032008 4.806635806399953 2731 2726 0 941412 939947 0
88 2 0 1203.4734600376262 3.8791370408003303 2763 2755 0 951492 949711 0
89 2 0 3170.9559795677137 9.8726800627987927 2803 2792 0 965128 962016 0
90 2 0 3193.9916061446834 10.943926895196782 2843 2835 0 977884 974458 0
91 2 0 6780.0543539194232 15.699102362499545 2884 2861 0 996060 987046 0
92 2 0 10120.184593790975 25.542692979826867 2919 2894 0 1011053 1000389 0
93 2 0 11293.758996956924 28.070517232157783 2955 2921 0 1021555 1011977 0
94 2 0 7715.3076247726422 31.745240020946213 2990 2970 0 1030719 1024597 0
95 2 0 5728.46107490549 16.007690449258945 3016 3005 0 1041152 1037298 0
96 2 0 4153.8275266140899 8.6838976726812831 3044 3033 0 1055535 1049790 0
97 2 0 6348.1970763419286 17.015332088052816 3079 3061 0 1067464 1062006 0
98 2 0 4655.1871645776528 15.068106566273926 3116 3101 0 1079046 1074717 0
99 2 0 4950.9358636981178 16.476707300953976 3161 3143 0 1091953 1087582 0
100 2 0 5137.9474083805426 17.125548760453952 3198 3182 0 1105198 1099819 0
101 2 0 6145.2820326156807 16.217546451734862 3239 3217 0 1119959 1112258 0
102 2 0 6479.1261168022729 21.115482403632726 3270 3256 0 1130710 1124727 0
103 2 0 7376.3711961168501 19.060285507534914 3311 3289 0 1145276 1137086 0
104 2 0 6297.4749236402658 21.203172212360187 3343 3327 0 1155862 1149556 0
105 2 0 5454.4671862453415 19.718646556270414 3382 3369 0 1166194 1162370 0
106 2 0 2120.1606515153408 7.5932942217994395 3415 3415 0 1174251 1174251 0
107 2 0 751.70961016530782 2.2402650484303308 3444 3443 0 1184963 1184445 0
108 2 0 177.26993640316891 0.66357543626989468 3470 3470 0 1192862 1192862 0
109 2 0 187.91648427000092 0.69414113800000621 3492 3492 0 1199667 1199667 0
110 2 0 438.64992797473747 1.4096974604710226 3524 3519 0 1210722 1209004 0
111 2 0 1612.9381935982544 4.7196875119296919 3560 3552 0 1225281 1221211 0
112 2 0 2974.2762810013746 8.8896332390983446 3599 3587 0 1237458 1233804 0
113 2 0 2911.6224584060128 10.914944570284732 3636 3633 0 1248158 1246084 0
114 2 0 1377.7507471050205 4.5695805116309458 3674 3664 0 1260581 1258142 0
115 2 0 2135.2087264678812 6.3276909122100022 3712 3693 0 1275444 1270506 0
116 2 0 3990.8603657383783 13.095804157407528 3743 3735 0 1286114 1283058 0
117 2 0 571.25049206322569 1.7723741046785904 3767 3767 0 1292351 1292351 0
118 2 0 74.628963077010525 0.42543462600004034 3790 3790 0 1298421 1298421 0
119 2 0 3670.7262008604262 8.0161579688041229 3835 3815 0 1318489 1308520 0
120 2 0 9328.946825193987 23.622248964301008 3871 3841 0 1331190 1321101 0
121 2 0 12134.094499435476 30.396337764008237 3907 3878 0 1346351 1333711 0
122 2 0 12156.542554994196 37.80554334505959 3947 3904 0 1357992 1346081 0
123 2 0 13378.665434519233 36.093407669514207 3981 3950 0 1371566 1358581 0
124 2 0 13608.75337172191 41.686675900410606 4028 3978 0 1386194 1371136 0
125 2 0 15385.413614634343 43.206388577317568 4059 4021 0 1397447 1384060 0
126 2 0 11871.782143264059 37.261378618130436 4089 4054 0 1408057 1395960 0
127 2 0 11334.89854078795 29.701768066389704 4117 4091 0 1419491 1408933 0
128 2 0 11152.24626340686 27.713611544562738 4151 4121 0 1431745 1421167 0
129 2 0 9586.7711460356622 27.368918401572131 4178 4155 0 1441975 1433677 0
130 2 0 7182.8804495293643 22.548814448089331 4217 4192 0 1454033 1446345 0
131 2 0 7332.7258683735063 18.717023214356431 4243 4227 0 1465253 1458939 0
132 2 0 5643.2602333356472 17.804775229018674 4277 4260 0 1475050 1470974 0
133 2 0 4736.4086855833584 14.008922361167492 4308 4299 0 1486184 1483615 0
134 2 0 3216.3338099163234 10.375577871070789 4349 4338 0 1499465 1495943 0
135 2 0 1646.9111572061445 5.6417776670710396 4378 4376 0 1509170 1508201 0
136 2 0 2053.3088096003862 5.9882459554609966 4411 4411 0 1519349 1519349 0
137 2 0 432.13617028068495 1.0807936268514311 4432 4427 0 1527494 1526492 0
138 2 0 446.04804762121455 1.7932810993705459 4461 4455 0 1535514 1533550 0
139 2 0 764.91497048705651 2.265717487279602 4485 4485 0 1544405 1544405 0
140 2 0 297.34015103703206 1.0893676780001158 4510 4510 0 1552294 1552294 0
141 2 0 1846.6160840277751 5.7665496419133149 4545 4542 0 1564842 1564372 0
142 2 0 736.61506976681733 2.5938094201926845 4582 4582 0 1576137 1576137 0
143 2 0 868.24586420940398 2.4035877570201478 4612 4611 0 1587472 1586635 0
144 2 0 333.72482869869185 0.91917065199982062 4633 4632 0 1597149 1596372 0
145 2 0 567.80997106412713 1.727903110379998 4661 4661 0 1604683 1604683 0
146 2 0 2889.9548282962396 7.3947949618608391 4693 4690 0 1618102 1617131 0
147 2 0 3591.4870806273975 7.6999349394630769 4731 4720 0 1635737 1629484 0
148 2 0 5534.1541110532226 13.707489327843518 4759 4746 0 1645755 1642002 0
149 2 0 3513.5750394447282 11.499944609164658 4794 4788 0 1657279 1654595 0
150 2 0 1875.899305166241 5.13658690896807 4827 4818 0 1669488 1667133 0
151 2 0 2076.4517611691103 5.7623639557056094 4858 4849 0 1682450 1679157 0
152 2 0 1798.6440896789313 6.5684688876793018 4895 4887 0 1693977 1691555 0
153 2 0 754.30141616158051 2.4833870763400228 4925 4920 0 1704368 1702993 0
154 2 0 1449.8365396906347 3.644317536800429 4948 4948 0 1714484 1714484 0
155 2 0 462.05182694716632 1.3503335590803545 4984 4980 0 1726942 1724896 0
156 2 0 1319.7912314539635 4.6310350531803692 5018 5015 0 1737672 1736408 0
157 2 0 2456.2817773478978 6.979552322702375 5057 5049 0 1750839 1749102 0
158 2 0 476.2982301299885 2.268717384680258 5086 5084 0 1759003 1758858 0
159 2 0 418.76750430905514 1.4314949942001078 5116 5114 0 1769166 1767880 0
160 2 0 538.74947236740229 1.7528773181203974 5149 5146 0 1778669 1778472 0
161 2 0 859.31716400212895 2.7842747571605457 5179 5178 0 1788651 1788045 0
162 2 0 393.32923624133866 1.2858400556201275 5212 5210 0 1800313 1799154 0
163 2 0 75.108379218837456 0.3093213934000687 5232 5230 0 1806312 1805948 0
164 2 0 257.47935920491142 0.76609793355987676 5256 5256 0 1815300 1815300 0
165 2 0 132.07895508373244 0.38115922871992325 5278 5277 0 1821927 1821594 0
166 2 0 1479.9699290020369 4.831317946178757 5316 5311 0 1834969 1833847 0
167 2 0 791.01144415587783 2.1188624864988412 5345 5344 0 1846419 1846051 0
168 2 0 1156.8895171921245 2.6368425918007006 5372 5369 0 1858619 1858007 0
169 2 0 645.17933516490712 2.3289883996010872 5407 5405 0 1868775 1868061 0
170 2 0 687.33681806641994 2.3192895135999549 5441 5440 0 1879789 1879709 0
171 2 0 144.3016181999937 0.62136907459995427 5469 5469 0 1888404 1888404 0
172 2 0 5195.3911681499985 9.4155036322012222 5509 5491 0 1909972 1901199 0
173 2 0 7312.0121124084944 17.875188967903512 5540 5517 0 1922904 1913488 0
174 2 0 6362.0040075803063 15.969181570607049 5565 5549 0 1931191 1925712 0
175 2 0 5945.8149546712757 18.260631268108199 5611 5584 0 1946504 1938267 0
176 2 0 8687.2384235235604 24.283221348507908 5647 5620 0 1958326 1951041 0
177 2 0 5046.5535047750091 18.678431889310673 5668 5664 0 1964328 1963533 0
178 2 0 1458.0858145623467 4.8176027966043193 5706 5698 0 1977018 1975017 0
179 2 0 1094.8413043809969 3.3597137266983736 5735 5735 0 1986338 1986338 0
180 2 0 1127.3176050585416 3.0756953130993168 5772 5766 0 2000757 1997936 0
181 2 0 1699.7130252625273 4.5725419174185618 5802 5800 0 2010867 2010404 0
182 2 0 1525.5600557431142 4.0961896719573758 5840 5830 0 2025045 2020800 0
183 2 0 2122.1304830480026 7.0388346920035758 5867 5867 0 2032599 2032599 0
184 2 0 1336.7072016907114 2.8266477619592649 5899 5892 0 2047278 2043481 0
185 2 0 2629.7817740750515 8.9430466215677882 5936 5932 0 2057542 2056004 0
186 2 0 1876.9097112589898 5.2156385640474241 5967 5965 0 2068693 2067468 0
187 2 0 158.17128937396268 0.62821632904086755 5994 5994 0 2075264 2075264 0
188 2 0 361.44427582619585 1.1189632800005427 6020 6020 0 2084025 2084025 0
189 2 0 2069.9530944131925 5.2260385468596837 6057 6050 0 2098911 2096393 0
190 2 0 3670.6412004922249 11.418956728141808 6094 6084 0 2111055 2108609 0
191 2 0 3915.0770596673947 10.892623885203449 6128 6118 0 2123758 2121003 0
192 2 0 1181.7139361262971 4.6772663135251946 6165 6161 0 2134769 2133414 0
193 2 0 236.76085435308872 1.25554870306064 6194 6193 0 2142074 2141687 0
194 2 0 1290.9327598885864 3.9617492688782363 6230 6228 0 2155149 2154884 0
195 2 0 343.49160978244021 0.8979185348587464 6259 6255 0 2164987 2163423 0
196 2 0 650.7040665148661 1.7923232683386914 6289 6282 0 2175951 2173080 0
197 2 0 891.95874906883921 2.7162045360235254 6317 6316 0 2184682 2184599 0
198 2 0 645.74005869549308 1.8924047003389717 6348 6344 0 2196006 2193776 0
199 2 0 2560.0529873143296 8.2551304158433823 6381 6379 0 2206599 2206401 0
200 2 0 709.80923312958839 2.7708625038418973 6412 6412 0 2217404 2217404 0
201 2 0 833.18455431202221 3.0311290785995766 6443 6441 0 2228221 2227165 0
202 2 0 537.84569246106344 1.5273965173185218 6474 6468 0 2241021 2239001 0
203 2 0 1126.6766768855457 3.4202190918035171 6499 6499 0 2250038 2250038 0
204 2 0 90.820337019952603 0.50617213699970875 6524 6524 0 2257830 2257830 0
205 2 0 214.68335883498096 0.77763234489879096 6549 6548 0 2267180 2266426 0
206 2 0 491.49829196045795 1.1097262865004893 6577 6577 0 2276950 2276950 0
207 2 0 33.697678000009603 0.23628851500009773 6604 6604 0 2282724 2282724 0
208 2 0 158.04499381809276 0.4875279220001687 6625 6625 0 2291393 2291393 0
209 2 0 558.55548722447668 2.1287134427984427 6660 6655 0 2301744 2300663 0
210 2 0 434.57157078267767 1.8980065812029352 6692 6692 0 2309799 2309799 0
211 2 0 888.53544694894526 2.4211048414025811 6722 6722 0 2320746 2320746 0
212 2 0 704.4860186071769 2.290367504497766 6759 6753 0 2332945 2330585 0
213 2 0 3471.3868090891237 9.5675366139999198 6791 6781 0 2345655 2342591 0
214 2 0 4504.7198149564483 12.979120371802452 6833 6820 0 2360041 2355150 0
215 2 0 3338.2258831112295 13.188555739303297 6868 6864 0 2367953 2367294 0
216 2 0 369.64260029142451 1.6344647021007006 6896 6894 0 2375851 2375061 0
217 2 0 1284.023926521468 3.9040074388012727 6927 6927 0 2386433 2386433 0
218 2 0 1512.2644316308636 4.3957173421969742 6965 6957 0 2399525 2396963 0
219 2 0 1115.6777386033639 4.2109650350119239 6995 6995 0 2409183 2409183 0
220 2 0 755.45818977409999 1.9979761682366473 7037 7029 0 2421777 2418555 0
221 2 0 851.94339188897573 2.609976207383454 7059 7058 0 2428688 2428673 0
222 2 0 109.04284189414847 0.43823795534061105 7084 7084 0 2436382 2436382 0
223 2 0 308.11525227410146 0.92129633400031707 7108 7108 0 2445860 2445860 0
224 2 0 314.89066406223128 0.8414997576383314 7131 7127 0 2455677 2454015 0
225 2 0 2043.1149016218899 6.1209321004954234 7169 7155 0 2469587 2466134 0
226 2 0 2422.2920739522442 8.4921664506655929 7205 7200 0 2480655 2478803 0
227 2 0 742.60313380843274 2.517600587953865 7234 7234 0 2489800 2489800 0
228 2 0 748.27986725445305 2.6418219898008317 7270 7270 0 2500801 2500801 0
229 2 0 47.078876199772935 0.32233392389983351 7310 7310 0 2509326 2509326 0
230 2 0 701.25720115798686 2.2343543263983747 7345 7341 0 2523051 2521329 0
231 2 0 410.1301087893894 1.6165363086027469 7369 7369 0 2530279 2530279 0
232 2 0 322.31240159000174 1.3724013740000203 7405 7405 0 2539982 2539982 0
233 2 0 748.90960519016357 1.7295287720004069 7435 7435 0 2550413 2550413 0
234 2 0 688.16402488176129 1.8196406804471223 7467 7460 0 2560771 2558346 0
235 2 0 1794.2781496477069 5.6220392884534647 7498 7494 0 2571300 2570809 0
236 2 0 151.57992205846554 0.65657811910213582 7528 7528 0 2580460 2580460 0
237 2 0 1704.0845756023582 4.8852589069506962 7566 7559 0 2593831 2592700 0
238 2 0 607.32890687531062 1.8926963834543358 7590 7590 0 2603235 2603235 0
239 2 0 216.21865940608865 0.64558847772852346 7615 7612 0 2612292 2611126 0
240 2 0 539.43485528895314 1.6510788339512885 7639 7639 0 2619684 2619684 0
241 2 0 287.63524394456903 0.98854728821817162 7672 7668 0 2629594 2628333 0
242 2 0 149.51725251502813 0.57972765518181291 7698 7698 0 2635961 2635961 0
243 2 0 458.90933618339881 1.6525668311298034 7735 7734 0 2647110 2647096 0
244 2 0 779.77948083752733 2.4294646033500271 7763 7761 0 2656716 2656432 0
245 2 0 814.99831326705646 2.5276159689478561 7800 7787 0 2668439 2664419 0
246 2 0 2618.39106829927 9.5160409216544508 7830 7826 0 2678245 2676667 0
247 2 0 298.06202724855348 0.71063077020167498 7850 7850 0 2684813 2684813 0
248 2 0 3264.0162045876136 7.8352714549480709 7887 7876 0 2700318 2696729 0
249 2 0 1286.3634882523104 4.566903494055623 7913 7909 0 2710385 2707943 0
250 2 0 452.08249167479244 1.3186090526507996 7934 7933 0 2716597 2716430 0
251 2 0 1311.1329043072603 2.8074603309495956 7965 7961 0 2730305 2727597 0
252 2 0 4368.6961331148641 12.05118165064809 8010 7989 0 2747041 2739878 0
253 2 0 8729.9144180745516 25.028714899849319 8057 8025 0 2765389 2752772 0
254 2 0 14311.676581072725 33.421865340601357 8094 8056 0 2779805 2765173 0
255 2 0 15979.625018781302 41.714061064754361 8131 8088 0 2794393 2778194 0
256 2 0 14082.333929173643 43.719014668657564 8158 8118 0 2801016 2790437 0
257 2 0 10616.849328826471 32.625262023717937 8191 8161 0 2813276 2802473 0
258 2 0 13515.498329186879 32.719449584012239 8229 8193 0 2830122 2814875 0
259 2 0 14451.53875680598 38.618221491006636 8255 8219 0 2839129 2828036 0
260 2 0 10372.539584900409 29.704979652808333 8288 8258 0 2850234 2840696 0
261 2 0 10769.018643748255 28.606846364903049 8311 8293 0 2860390 2852730 0
262 2 0 5943.3556032082006 17.574526560774189 8344 8326 0 2870207 2864923 0
263 2 0 2627.1032601998822 10.047156886080472 8373 8369 0 2878573 2877106 0
264 2 0 485.06726406536797 1.6657575765995034 8406 8402 0 2889715 2888340 0
265 2 0 1772.7259187489751 6.1144602495973004 8442 8442 0 2900884 2900884 0
266 2 0 956.91542230811024 3.218661553942411 8480 8475 0 2913239 2911868 0
267 2 0 1220.3947502407166 3.6560030786976085 8515 8508 0 2926312 2924069 0
268 2 0 3620.6897808021322 10.339271565640161 8553 8543 0 2939580 2936822 0
269 2 0 2213.0287601302912 6.8916955594417573 8585 8578 0 2951599 2948756 0
270 2 0 1883.8001344099657 4.8178377469471911 8611 8607 0 2963658 2961384 0
271 2 0 2090.9246835910626 7.215133755840327 8650 8643 0 2975711 2973689 0
272 2 0 5838.5633906473513 13.991871884833586 8692 8674 0 2993891 2987122 0
273 2 0 8004.7796871831843 20.426160064336443 8725 8706 0 3006799 2998913 0
274 2 0 9434.5080574967906 25.936012390577503 8759 8736 0 3019907 3011216 0
275 2 0 6244.1492728167914 18.013017699534259 8786 8774 0 3029791 3023742 0
276 2 0 4602.8182006394081 9.622074375536954 8810 8801 0 3040829 3036538 0
277 2 0 4812.9977845990425 14.452047495820977 8855 8835 0 3056546 3048795 0
278 2 0 5794.9669621085168 17.349581896837549 8884 8873 0 3066153 3061271 0
279 2 0 4047.3612177155669 11.828016308426811 8919 8905 0 3078183 3073750 0
280 2 0 3619.067727241526 10.21065875388274 8952 8942 0 3089244 3087066 0
281 2 0 4645.3317392635936 11.159962632980296 8985 8973 0 3103349 3098882 0
282 2 0 2880.2939950266054 9.7631220831295877 9024 9009 0 3115503 3111232 0
283 2 0 1889.3671034750687 6.6446631735836377 9057 9048 0 3126925 3123962 0
284 2 0 1142.3699068216567 4.2155715643914959 9089 9084 0 3137278 3135018 0
285 2 0 2227.6237201666636 5.8679231846491007 9118 9112 0 3149819 3147133 0
286 2 0 2276.4274932725862 6.7180547446948253 9150 9146 0 3160784 3159575 0
287 2 0 1339.7812184218953 4.4288090967217499 9186 9184 0 3173147 3172219 0
288 2 0 3314.8940425487817 8.9676396953896642 9224 9216 0 3187381 3184898 0
289 2 0 1663.3229619020449 5.2697548840523609 9256 9252 0 3197823 3197298 0
290 2 0 409.25181297140051 1.6973224724230249 9290 9287 0 3209170 3208073 0
291 2 0 565.6258454283734 2.3761159081337837 9325 9325 0 3218544 3218544 0
292 2 0 1062.730752427577 2.9919459299106279 9359 9351 0 3230284 3228411 0
293 2 0 639.96132649410833 2.5341323980196648 9389 9383 0 3240605 3238812 0
294 2 0 1599.4992063774778 4.7269912863964123 9426 9420 0 3253645 3251033 0
295 2 0 523.44789905978973 1.8951609842639527 9451 9451 0 3259065 3259065 0
296 2 0 276.32060865176129 0.88142425378919143 9479 9478 0 3266931 3266863 0
297 2 0 193.82000947699777 1.0615235177999125 9512 9511 0 3276911 3276155 0
298 2 0 293.20149525644479 0.81204003951114601 9535 9535 0 3285696 3285696 0
299 2 0 403.28520596504245 1.4177875387773042 9571 9569 0 3296743 3295790 0
300 2 0 1857.7229063114471 3.9818590256232369 9596 9596 0 3306844 3306844 0
