0 3 0 0 0 0 0 0 0 0 0
1 3 0 390.98351756599982 1.4411638069999997 29 26 0 8269 7566 0
2 3 0 1012.8278007420022 3.4336408290000064 67 61 0 21541 18788 0
3 3 0 1048.1017251709929 3.4827831269999785 100 100 0 31449 31449 0
4 3 0 178.85252080100076 0.68614909300000315 126 126 0 40889 40889 0
5 3 0 1630.7091596269947 4.4714471387999879 157 148 0 51252 49435 0
6 3 0 482.81885508299115 2.2228208689999693 183 182 0 60329 60073 0
7 3 0 956.5615073436054 2.7956591826000148 212 208 0 70434 68351 0
8 3 0 2297.1680769988138 8.0848089124000424 257 249 0 82743 80716 0
9 3 0 985.15582151780814 3.7177792876000328 292 284 0 93084 91092 0
10 3 0 700.73044715845458 2.2276783241001716 318 318 0 101692 101692 0
11 3 0 2214.6018757920729 5.8939365773999342 367 349 0 121281 114424 0
12 3 0 6514.0090237852237 16.029770653299803 393 378 0 131268 126247 0
13 3 0 3851.9190511612651 12.127580536099616 435 415 0 146803 138739 0
14 3 0 8122.9735471792455 21.759113649399605 464 445 0 156774 151813 0
15 3 0 4956.4635878332319 16.238368784799459 497 485 0 167493 163753 0
16 3 0 2387.5299051070169 8.7060856279993484 529 529 0 176157 176157 0
17 3 0 637.22140684672775 3.1472635081001208 570 566 0 188526 187693 0
18 3 0 685.55039807527874 2.8816575863999176 600 600 0 197249 197249 0
19 3 0 769.17548535410572 2.6173520951299736 638 631 0 209234 206596 0
20 3 0 4231.2961935275507 10.260280299699833 678 664 0 225924 219500 0
21 3 0 6517.767863520402 17.945855634189879 715 691 0 239824 231789 0
22 3 0 7751.2633884364859 22.91845131568931 752 731 0 252814 244895 0
23 3 0 6378.7407662818014 19.744197213138978 784 768 0 264137 256731 0
24 3 0 7899.6782312153537 21.836671032829329 823 796 0 277759 269473 0
25 3 0 6246.0437831285944 21.910153292927841 852 840 0 285085 281725 0
26 3 0 1765.1776148917106 5.5119826946680881 874 874 0 292448 292448 0
27 3 0 457.64216699233867 1.526394114290035 900 898 0 300962 300678 0
28 3 0 460.42079659177188 1.6706203363201304 932 929 0 311330 310330 0
29 3 0 2222.5760788509469 6.292244012120328 970 956 0 325413 322394 0
30 3 0 3361.7660291217376 9.4770951904798437 1000 992 0 337140 334496 0
31 3 0 3876.5602275759261 11.162631910029859 1037 1025 0 351583 346783 0
32 3 0 2827.017262517269 8.2227126820094689 1068 1058 0 361806 359658 0
33 3 0 1085.3757955773958 3.8573475405891458 1100 1093 0 374121 370059 0
34 3 0 1230.1353222961816 3.163445627109823 1125 1125 0 382531 382531 0
35 3 0 650.71248893692143 1.5490454716200119 1157 1151 0 395183 392950 0
36 3 0 1584.8493711683977 4.3656814596188696 1199 1187 0 411542 405521 0
37 3 0 6357.785134724355 17.627824724289297 1236 1217 0 424151 418419 0
38 3 0 6371.5455517809551 17.516565097519205 1266 1251 0 435727 430144 0
39 3 0 5709.3992095603353 15.411110733869272 1300 1284 0 448584 442948 0
40 3 0 5888.199368504841 14.336557098359222 1331 1317 0 461214 455770 0
41 3 0 4458.7610033749079 15.14468812227971 1362 1354 0 470175 467790 0
42 3 0 3766.1726205154423 8.7046106504099399 1396 1385 0 485692 480362 0
43 3 0 3966.4442119201394 11.745621525879926 1421 1416 0 494081 492647 0
44 3 0 1140.7342969468446 3.9050464403396674 1461 1454 0 506751 504698 0
45 3 0 1207.17939922609 3.3362932573700519 1493 1485 0 518862 516325 0
46 3 0 3795.5444533225586 9.3796606510494058 1527 1514 0 534656 528987 0
47 3 0 2807.214375269627 8.2132715335595279 1549 1548 0 540211 540206 0
48 3 0 269.47857398712171 0.92324085902994568 1574 1574 0 548061 548061 0
49 3 0 277.37816432900638 0.91663029600000812 1608 1608 0 557694 557694 0
50 3 0 204.10044126962396 0.87654251652996606 1632 1632 0 564630 564630 0
51 3 0 1688.3264850459393 3.6049484394996938 1662 1657 0 579036 576225 0
52 3 0 2048.2258221042935 6.4749533487995166 1694 1691 0 588997 588302 0
53 3 0 609.13496371724807 1.9095585871995553 1731 1726 0 601453 599674 0
54 3 0 2336.7133601615174 6.462563620199596 1765 1758 0 615325 612369 0
55 3 0 2232.7437011594925 6.3180121421992936 1800 1791 0 629026 624732 0
56 3 0 4772.538011988132 12.757405045898828 1836 1818 0 642596 637137 0
57 3 0 5188.5039355626923 14.304551788798911 1872 1856 0 655353 649633 0
58 3 0 6153.990577814543 19.500749285098941 1916 1895 0 670199 662535 0
59 3 0 6777.0653116205267 20.313322324099552 1947 1931 0 680930 674510 0
60 3 0 4366.6089573799463 13.916676367949577 1972 1968 0 687934 687196 0
61 3 0 55.659725202199972 0.33454064960000807 1994 1994 0 692915 692915 0
62 3 0 3661.660364040401 8.8640641947394769 2043 2019 0 714081 705365 0
63 3 0 7401.1262371067151 18.95129621088013 2072 2050 0 726531 717555 0
64 3 0 7866.1791096308343 21.046009578089986 2103 2082 0 738572 729903 0
65 3 0 4622.1472586195778 15.044055078040671 2126 2121 0 743192 742879 0
66 3 0 146.85045920201389 0.70438635185031728 2146 2146 0 750245 750245 0
67 3 0 749.12531243558476 2.6822756126595237 2182 2176 0 760747 758724 0
68 3 0 781.28780186282449 2.0842266884500162 2207 2206 0 770902 770335 0
69 3 0 372.06950284665874 1.0605638978900203 2229 2229 0 775953 775953 0
70 3 0 1044.5526428247199 3.2164987352895906 2267 2258 0 788092 785186 0
71 3 0 2625.0822908534719 10.437648365111642 2307 2307 0 797751 797751 0
72 3 0 578.77754856319291 1.8718652066398249 2345 2341 0 810179 809315 0
73 3 0 3455.3888191171645 9.6264899078683186 2383 2372 0 823903 821169 0
74 3 0 607.91529875873675 2.757538092488943 2406 2406 0 831049 831049 0
75 3 0 686.02136744094719 1.8740036959998605 2436 2436 0 841577 841577 0
76 3 0 709.53137980091822 1.7975037692792597 2472 2464 0 856348 852562 0
77 3 0 2886.2384179172891 8.6973878623590508 2500 2496 0 865196 864455 0
78 3 0 99.597333521195921 0.49177856535997932 2525 2525 0 872942 872942 0
79 3 0 609.99091505235492 2.0176918645498603 2560 2555 0 884367 883038 0
80 3 0 1476.9648345274923 4.0152929400694006 2592 2590 0 896545 896027 0
81 3 0 4043.8346178208531 8.8515200705485455 2622 2615 0 910668 907836 0
82 3 0 5029.712118975367 14.321457047517654 2666 2647 0 925964 920711 0
83 3 0 5664.6136517308614 18.993335913000166 2698 2689 0 936733 932865 0
84 3 0 4147.9853712196054 10.075692538619819 2731 2720 0 950558 945520 0
85 3 0 1492.5259704199232 5.1943085030519711 2755 2755 0 956281 956281 0
86 3 0 4233.5494629535106 10.926065465548433 2801 2784 0 975130 968373 0
87 3 0 5924.8993694350947 14.961115062748917 2826 2816 0 986964 981336 0
88 3 0 5765.8552890174369 11.172236929998505 2859 2841 0 1004263 993963 0
89 3 0 9618.444965220031 25.71815721799932 2894 2862 0 1013237 1006123 0
90 3 0 6278.4199829092095 22.431766959349574 2924 2909 0 1023513 1018487 0
91 3 0 5159.1577069547466 15.693572994446598 2968 2950 0 1039141 1031271 0
92 3 0 6991.9826207963724 17.777898817348003 2993 2976 0 1048361 1043024 0
93 3 0 2226.2895368391423 7.5660003877475788 3019 3019 0 1056428 1056428 0
94 3 0 1123.624441649052 3.3279981495996651 3051 3047 0 1067352 1066241 0
95 3 0 326.10570729995504 1.4765825524004015 3083 3083 0 1074735 1074735 0
96 3 0 998.25445373464333 2.4651109718993922 3118 3114 0 1088504 1086768 0
97 3 0 707.3008228361698 2.1986604427993797 3138 3138 0 1095910 1095910 0
98 3 0 794.45054489995994 2.3240935191991809 3168 3160 0 1108313 1104034 0
99 3 0 5355.5907568939783 16.160359006348813 3209 3192 0 1120952 1115858 0
100 3 0 4147.8400815127798 11.629776723399729 3239 3228 0 1132988 1128618 0
101 3 0 5434.9598236178754 15.274646898097927 3277 3260 0 1147798 1141207 0
102 3 0 5456.9133319507209 14.659777414818734 3305 3294 0 1157910 1153527 0
103 3 0 1737.4186215054388 5.0399274950892874 3329 3329 0 1164700 1164700 0
104 3 0 2375.9788286191956 6.9170272746706871 3369 3360 0 1179459 1176447 0
105 3 0 4393.0380162775054 12.225360844151041 3406 3392 0 1195022 1188560 0
106 3 0 4049.0506604162156 10.698978972311039 3433 3422 0 1203490 1201227 0
107 3 0 1847.1343587803731 5.612911942811607 3468 3460 0 1216337 1213954 0
108 3 0 3603.8261570822947 9.9621690160125951 3508 3493 0 1230129 1226248 0
109 3 0 3577.5152117643643 12.049584865082068 3544 3533 0 1242683 1238665 0
110 3 0 1619.6492106306412 5.7577007620218694 3574 3569 0 1251715 1249391 0
111 3 0 4024.0775261527901 9.5606354359512125 3611 3601 0 1266621 1262387 0
112 3 0 1327.6930905282243 5.1553980531989083 3633 3633 0 1273393 1273393 0
113 3 0 621.41696200650972 1.8958183221294149 3662 3661 0 1284683 1283794 0
114 3 0 1989.5341909095928 5.6686420785787419 3702 3695 0 1300588 1296314 0
115 3 0 2934.3723521021452 7.0380492793385088 3728 3723 0 1311187 1309033 0
116 3 0 2407.3377765046248 6.8431162916289878 3761 3755 0 1323795 1321377 0
117 3 0 2453.2330468446403 5.8297373462790603 3785 3783 0 1334781 1334164 0
118 3 0 1558.9721906157222 4.3273319484899559 3816 3811 0 1346176 1344429 0
119 3 0 2804.4512071756249 7.5527512132697723 3848 3844 0 1358427 1356957 0
120 3 0 790.48090556478144 2.3829316681399035 3873 3871 0 1369746 1369456 0
121 3 0 1257.1595359996932 4.0729823239193195 3911 3905 0 1383263 1381895 0
122 3 0 1100.2298964613831 3.2298517954289565 3945 3938 0 1395960 1392981 0
123 3 0 921.06565145125285 2.5528768462207836 3971 3970 0 1404686 1403721 0
124 3 0 1617.9459197916988 3.7067601812097166 4003 3995 0 1418295 1414402 0
125 3 0 1683.0530906343292 3.8300264149598178 4020 4020 0 1425291 1425291 0
126 3 0 268.98938772599331 0.74108819699996786 4043 4043 0 1433751 1433751 0
127 3 0 1719.5464279940297 4.016097348379617 4075 4069 0 1446538 1445270 0
128 3 0 1839.0447469583594 5.9061000053398089 4109 4105 0 1459026 1457683 0
129 3 0 1860.0503544958101 6.283380196709544 4141 4140 0 1470326 1469697 0
130 3 0 1017.4882253086045 3.577644924119511 4172 4167 0 1479800 1478889 0
131 3 0 850.69964518880204 2.672653826349773 4204 4204 0 1491487 1491487 0
132 3 0 707.71546817196577 2.0574725453392091 4241 4233 0 1504963 1502421 0
133 3 0 2370.640256461324 7.1063691527078561 4276 4267 0 1517862 1514925 0
134 3 0 1540.0445437903256 4.4506969760487891 4303 4303 0 1526684 1526684 0
135 3 0 665.08407080350014 2.2525659031904013 4330 4329 0 1536301 1536273 0
136 3 0 926.78210911493204 3.1352944790004642 4362 4361 0 1548548 1548205 0
137 3 0 3054.9272431126628 9.6164316028601888 4406 4401 0 1563519 1561376 0
138 3 0 4813.1576449172644 12.510321770288186 4449 4433 0 1582625 1573226 0
139 3 0 7495.6706622771781 18.56935120468674 4488 4461 0 1595209 1585682 0
140 3 0 7874.1692411048389 24.662317498075026 4517 4497 0 1603397 1598869 0
141 3 0 4714.2059464194699 18.492858499740152 4552 4545 0 1613512 1610763 0
142 3 0 2358.8650543175809 6.4115296735143943 4581 4575 0 1624552 1623649 0
143 3 0 710.34019589170748 2.4334628671654457 4613 4613 0 1634484 1634484 0
144 3 0 730.85619849292573 2.3894905508784916 4645 4643 0 1646209 1645913 0
145 3 0 1843.1491226645944 4.3582312834950869 4683 4671 0 1661460 1656781 0
146 3 0 7204.5255643765549 17.318533164126649 4719 4700 0 1675944 1669047 0
147 3 0 6959.7264140903808 20.937732223459619 4758 4735 0 1690468 1681536 0
148 3 0 6660.0011892157036 20.208131742886621 4786 4771 0 1698725 1694243 0
149 3 0 2540.7647978893265 7.2002067201518116 4809 4808 0 1705952 1705911 0
150 3 0 372.91484007319775 1.0517770054898961 4836 4834 0 1716652 1715179 0
151 3 0 4254.6236966086699 11.314823855426027 4873 4864 0 1730731 1728353 0
152 3 0 3985.671773210302 11.406544939978659 4907 4896 0 1743014 1740099 0
153 3 0 3367.567540284695 8.9373454451083774 4942 4932 0 1757176 1753007 0
154 3 0 2824.6593246223802 10.193879382848138 4978 4973 0 1767750 1765089 0
155 3 0 2281.4533158888316 5.5079872542654016 5009 5001 0 1781043 1777837 0
156 3 0 689.40265318848208 2.8416385000835191 5030 5030 0 1786596 1786596 0
157 3 0 913.54577061293378 2.9056329148408224 5060 5060 0 1796953 1796953 0
158 3 0 335.85893787105556 1.2926633932990796 5091 5090 0 1806466 1806394 0
159 3 0 646.82855910833462 1.9475182331001974 5120 5118 0 1817476 1816951 0
160 3 0 329.97730719906872 1.0121953200006715 5142 5142 0 1826319 1826319 0
161 3 0 1727.1099750597575 4.6100142184968718 5177 5171 0 1840741 1838003 0
162 3 0 1086.5467382674242 3.0534147895045578 5203 5202 0 1849767 1849294 0
163 3 0 4222.0608891593947 10.774584943675166 5241 5232 0 1865919 1862431 0
164 3 0 1938.8169537018821 6.140647923883904 5270 5269 0 1875150 1874410 0
165 3 0 462.40536064374533 1.6073153267382736 5299 5296 0 1884970 1884197 0
166 3 0 551.3880153819531 2.143878283081051 5336 5334 0 1896123 1896043 0
167 3 0 655.48724340339868 1.909588793256205 5379 5369 0 1908806 1905498 0
168 3 0 1958.1867862394552 5.4036565176064926 5403 5403 0 1917946 1917946 0
169 3 0 937.9601499813067 2.6788156397014404 5433 5433 0 1928608 1928608 0
170 3 0 360.92934300563473 1.5447603630388471 5471 5469 0 1940137 1939822 0
171 3 0 965.27851456706651 2.8172046759995908 5499 5497 0 1951312 1950729 0
172 3 0 1410.5709193923524 4.1667327105585059 5532 5527 0 1963759 1961826 0
173 3 0 369.01028290293601 1.309983778481012 5560 5556 0 1972368 1970676 0
174 3 0 3719.9518973649847 9.9541162002689134 5607 5589 0 1990676 1982721 0
175 3 0 6044.8303608359029 15.860629161562258 5631 5620 0 1998512 1995657 0
176 3 0 3955.7397086396022 10.272944603020164 5666 5654 0 2012863 2007776 0
177 3 0 3033.095443720124 10.891213442625286 5698 5695 0 2021556 2020538 0
178 3 0 813.6498511189593 2.3564514953198454 5731 5727 0 2034213 2031936 0
179 3 0 2989.6643010513299 7.2480442369200091 5758 5753 0 2045610 2044365 0
180 3 0 990.26077865338493 2.8483565484031317 5786 5786 0 2054351 2054351 0
181 3 0 245.91173485164873 0.82246222601989416 5816 5815 0 2063364 2063193 0
182 3 0 640.78754029232266 1.8901421184784226 5838 5833 0 2073465 2072029 0
183 3 0 1077.0731644702626 3.322317514022842 5863 5862 0 2083040 2083010 0
184 3 0 531.63518535824051 1.7325106008787827 5890 5885 0 2093515 2092060 0
185 3 0 412.39871563171596 1.9199984185028427 5926 5926 0 2101459 2101459 0
186 3 0 299.69663746891666 1.1134792685591322 5956 5953 0 2110972 2109543 0
187 3 0 782.07289002158029 2.87236891514425 5988 5988 0 2121007 2121007 0
188 3 0 492.94320118953408 1.6133569536382879 6016 6014 0 2131226 2130300 0
189 3 0 2139.7884086353197 5.2903100415181541 6048 6040 0 2145675 2142895 0
190 3 0 601.93082872678724 2.1193658748454425 6075 6075 0 2151447 2151447 0
191 3 0 1750.3258538365112 4.1343167943565504 6106 6098 0 2166522 2163587 0
192 3 0 553.29895715043835 2.3926696910451994 6141 6141 0 2174556 2174556 0
193 3 0 41.076008484805044 0.22546158543889305 6159 6157 0 2181659 2180630 0
194 3 0 2506.6893065209492 7.6116600264393526 6196 6192 0 2194344 2192755 0
195 3 0 1615.6643380929872 5.9617824984389642 6240 6228 0 2208978 2205385 0
196 3 0 2709.1775028996371 7.1430068188641656 6267 6263 0 2219989 2218112 0
197 3 0 2560.5630019151904 7.304527190779595 6303 6298 0 2232590 2230801 0
198 3 0 848.19522755203161 2.7625384470391054 6334 6328 0 2243723 2240990 0
199 3 0 1592.3351733880841 4.8738600960830354 6365 6363 0 2253599 2252842 0
200 3 0 612.97448339165987 1.9073522082408658 6394 6394 0 2263256 2263256 0
201 3 0 1245.2811536833888 4.1983960508569567 6439 6432 0 2277789 2275068 0
202 3 0 3773.3804093941762 9.2989037592818136 6472 6463 0 2291025 2287575 0
203 3 0 6239.6486707551467 17.635997474406764 6513 6494 0 2306457 2299671 0
204 3 0 7546.5921599137619 16.552488883491122 6544 6524 0 2321061 2312921 0
205 3 0 6624.1894014348582 18.773123826448284 6568 6553 0 2328501 2324679 0
206 3 0 2846.5939439965637 8.9780209690241861 6601 6595 0 2340166 2337783 0
207 3 0 6670.1810810518327 14.167848009227811 6636 6619 0 2357206 2349892 0
208 3 0 7569.6705112680565 17.543578845172021 6671 6645 0 2370850 2362563 0
209 3 0 5973.9582896517295 19.791790935131161 6694 6682 0 2378558 2374732 0
210 3 0 1610.3211797417719 4.9955303116547327 6718 6716 0 2386830 2386633 0
211 3 0 488.61299014251676 1.5221627978993979 6749 6747 0 2397109 2396630 0
212 3 0 742.04839319664325 2.4602390459471337 6781 6774 0 2408047 2405038 0
213 3 0 3162.1867035408941 9.3536472797127601 6817 6811 0 2420139 2417542 0
214 3 0 1416.6132212176456 4.2603618262151315 6853 6848 0 2432624 2430458 0
215 3 0 1460.8121074707956 3.8863993011347304 6879 6877 0 2442990 2442228 0
216 3 0 87.000318237996908 0.35026875502103394 6902 6902 0 2448215 2448215 0
217 3 0 875.34695283467317 1.9651386927949375 6935 6925 0 2461265 2457665 0
218 3 0 4560.7559887734396 11.813291455938213 6969 6953 0 2475537 2470478 0
219 3 0 5604.4675115504951 16.746522703603148 7003 6987 0 2486519 2482801 0
220 3 0 2645.9534630553608 8.1398431897517298 7027 7025 0 2495447 2495222 0
221 3 0 1926.960667204406 4.8380126609317813 7069 7055 0 2511503 2506320 0
222 3 0 4167.4374629191771 11.080946818410155 7094 7088 0 2520214 2518075 0
223 3 0 2062.8800496985655 7.4423563097922738 7128 7128 0 2529827 2529827 0
224 3 0 701.26879904679276 1.922767782114164 7162 7158 0 2542655 2540559 0
225 3 0 2891.6757934191983 8.585795164550035 7202 7191 0 2557262 2553113 0
226 3 0 1769.9040984008177 5.6748494393307567 7231 7226 0 2566396 2564909 0
227 3 0 406.91971178722895 1.3697125738077602 7255 7255 0 2574934 2574934 0
228 3 0 104.51683715844285 0.41253953117853825 7283 7282 0 2581895 2581692 0
229 3 0 45.804638366356414 0.13193688302146711 7305 7305 0 2589090 2589090 0
230 3 0 3029.8336052785585 7.8652519787665938 7351 7340 0 2605897 2601262 0
231 3 0 5158.5088088471603 15.630502352003532 7386 7375 0 2617451 2613425 0
232 3 0 6401.7739701009541 18.670248420621363 7432 7403 0 2633795 2625873 0
233 3 0 7414.9153981282498 23.534528162065641 7462 7445 0 2644068 2638243 0
234 3 0 4773.0352310909129 14.60567019887992 7491 7482 0 2654035 2650681 0
235 3 0 4172.3559017952402 11.368055011759907 7531 7515 0 2669451 2663191 0
236 3 0 5787.4173715595434 16.25885983233178 7563 7547 0 2680444 2675743 0
237 3 0 2830.2205044307525 7.8692745987710282 7586 7583 0 2689185 2688411 0
238 3 0 5078.4507077279477 12.574421992640112 7632 7610 0 2707517 2701150 0
239 3 0 5582.8024918885167 17.999850902538299 7659 7649 0 2717057 2712973 0
240 3 0 3725.9411467343798 10.587138495170564 7686 7682 0 2726818 2725363 0
241 3 0 191.16968758733961 0.9093728440459472 7711 7711 0 2731202 2731202 0
242 3 0 778.5293471116621 2.9326812265989304 7744 7744 0 2741172 2741172 0
243 3 0 627.05561376085188 2.5614535399993485 7779 7779 0 2751124 2751124 0
244 3 0 822.66327357480839 2.7571769421164447 7814 7811 0 2763515 2762236 0
245 3 0 2146.9262006865865 5.8276145379334707 7853 7844 0 2777660 2774816 0
246 3 0 1816.6095404272235 5.8034357633560489 7879 7879 0 2785453 2785453 0
247 3 0 1900.3688524591057 5.2790346079940775 7916 7911 0 2798789 2796999 0
248 3 0 398.49164966843102 1.2849363875079689 7944 7944 0 2806384 2806384 0
249 3 0 2084.8254315937302 6.928527488928097 7992 7981 0 2823559 2817970 0
250 3 0 4351.924318114312 12.361613394519935 8021 8012 0 2832414 2830439 0
251 3 0 2164.005321752149 6.7346084603366307 8051 8048 0 2843686 2842473 0
252 3 0 180.32976305594246 1.0634682483535585 8083 8083 0 2850568 2850568 0
253 3 0 1944.9532896745163 5.594962107531984 8116 8110 0 2862503 2861065 0
254 3 0 200.26374894161461 0.71569788156810432 8137 8137 0 2869699 2869699 0
255 3 0 1589.506940678898 4.8531431531304463 8174 8168 0 2882946 2881948 0
256 3 0 697.55100235528062 2.5184340819977535 8210 8202 0 2894582 2892072 0
257 3 0 2601.5311738730625 8.5165997227287562 8242 8238 0 2904608 2904086 0
258 3 0 594.91803527988304 2.2078325553817422 8273 8270 0 2914722 2913473 0
259 3 0 1118.128175340338 3.6256760482345953 8315 8310 0 2928751 2926362 0
260 3 0 634.5309246260133 2.2781754019989648 8341 8336 0 2936839 2934452 0
261 3 0 3321.4606060810329 7.6068068143497953 8374 8362 0 2950424 2947224 0
262 3 0 2668.5373353876521 7.1791295027227875 8402 8395 0 2961924 2959476 0
263 3 0 3757.6052809667694 8.7213022717081117 8427 8422 0 2972927 2972063 0
264 3 0 3058.6740500996084 7.8066084410053804 8466 8456 0 2989767 2984520 0
265 3 0 6048.0539563075408 14.484637490576574 8500 8484 0 3003991 2997601 0
266 3 0 8861.1239415453711 21.008794979853178 8534 8513 0 3018351 3009578 0
267 3 0 9900.0013515804803 24.128855699347525 8573 8545 0 3034400 3022245 0
268 3 0 15573.792891896226 33.665429657733114 8604 8574 0 3049305 3034997 0
269 3 0 19138.510658768184 44.260664071971348 8655 8600 0 3070258 3047208 0
270 3 0 24217.481031539632 61.759435807019656 8688 8627 0 3084218 3059992 0
271 3 0 24331.437143941283 58.93300756314045 8719 8661 0 3094804 3072002 0
272 3 0 21135.17048699834 56.276066554396493 8748 8689 0 3105016 3085089 0
273 3 0 19557.153278533806 54.884572834443134 8773 8724 0 3116352 3097473 0
274 3 0 17477.280024932406 42.735592809406 8803 8758 0 3128168 3110237 0
275 3 0 14695.814849031489 41.15817973736489 8825 8787 0 3134646 3121997 0
276 3 0 12488.903528982431 35.177789997256752 8853 8825 0 3145334 3134646 0
277 3 0 10112.079553978148 27.759747204894552 8881 8856 0 3155187 3147416 0
278 3 0 5860.7606174780221 18.098743364876213 8907 8895 0 3165079 3159692 0
279 3 0 5061.3247008056023 13.14062424580618 8943 8927 0 3178039 3172317 0
280 3 0 3281.695132276619 9.7672653155768216 8967 8963 0 3185696 3184567 0
281 3 0 2439.8667895399208 5.826250365683336 9000 8994 0 3198768 3197275 0
282 3 0 3141.976644505834 8.2392395961966258 9039 9026 0 3214420 3209655 0
283 3 0 1739.855546247072 5.2490396305208833 9054 9054 0 3219545 3219545 0
284 3 0 212.65529706803812 1.0210996330000057 9080 9080 0 3228021 3228021 0
285 3 0 387.4649901755746 1.4272872179984688 9105 9105 0 3235087 3235087 0
286 3 0 190.55142072714222 0.76567178900052113 9134 9134 0 3243918 3243918 0
287 3 0 1415.1073315362146 3.0424782353308046 9169 9161 0 3258106 3253243 0
288 3 0 4763.6722193290843 12.272327803154383 9201 9191 0 3269561 3265957 0
289 3 0 2992.4623533024887 9.2293617399261052 9230 9226 0 3279173 3277990 0
290 3 0 1302.3981544634867 3.5282678051637504 9263 9257 0 3291726 3288814 0
291 3 0 2636.1541238242653 7.6792670620380363 9297 9288 0 3302777 3300422 0
292 3 0 1985.6745764974255 6.1050794003955957 9329 9325 0 3313834 3313045 0
293 3 0 664.7690876182844 2.5771504121583462 9361 9360 0 3324468 3324232 0
294 3 0 1670.4206705958595 4.4122983865200354 9396 9391 0 3337734 3336282 0
295 3 0 139.7310681567464 0.7828125559025807 9423 9423 0 3346080 3346080 0
296 3 0 147.31315726702258 0.60608800875922952 9451 9449 0 3355758 3355239 0
297 3 0 1137.1178613390005 3.1817205245994273 9481 9479 0 3367622 3366190 0
298 3 0 2587.4165121472206 8.0650873534982566 9526 9514 0 3382488 3377722 0
299 3 0 7098.4139851282243 16.829196611018801 9568 9542 0 3400856 3389998 0
300 3 0 8287.2660821477493 22.492741805509183 9591 9573 0 3409496 3402795 0
