0 1 0 0 0 0 0 0 0 0 0
1 1 0 6.7008986050000132 0.058231262000000061 12 12 0 2342 2342 0
2 1 0 12.786937786099948 0.094895435399999783 37 37 0 6704 6704 0
3 1 0 283.63480640600039 1.1193967731000005 70 69 0 13447 13434 0
4 1 0 28.515431076500018 0.23822772910000012 109 109 0 18721 18721 0
5 1 0 1085.1027495044912 4.8131390836999692 149 148 0 30499 30234 0
6 1 0 73.882783699299992 0.38037608820000024 182 182 0 35102 35102 0
7 1 0 30.071993573999212 0.31002609199999398 212 212 0 39883 39883 0
8 1 0 21.77001050099943 0.17506291899999571 241 241 0 45433 45433 0
9 1 0 104.62597685679992 0.37531730720000311 273 273 0 51216 51216 0
10 1 0 162.09809150890013 0.96071482490000193 309 309 0 57520 57520 0
11 1 0 13.876549119000522 0.17226355500000423 336 336 0 62140 62140 0
12 1 0 187.39994507729827 0.77210647609999583 364 364 0 69309 69309 0
13 1 0 4.5363505910000477 0.10779707900000091 386 386 0 72595 72595 0
14 1 0 172.51467530800244 0.83613851620000545 411 411 0 79261 79261 0
15 1 0 283.83089059199983 1.2327394900000037 436 436 0 87102 87102 0
16 1 0 261.96616056839503 0.85472987919998467 463 463 0 95457 95457 0
17 1 0 33.480909462001378 0.18879152830000479 489 489 0 99490 99490 0
18 1 0 94.112823180000305 0.45402945379998982 509 507 0 105786 105643 0
19 1 0 89.940165446800663 0.40053314969999931 537 537 0 111553 111553 0
20 1 0 41.646648982999118 0.24680594000000511 559 559 0 115398 115398 0
21 1 0 65.410577292999037 0.37167204099998941 594 594 0 123357 123357 0
22 1 0 163.07128987779723 0.58168821089999057 626 626 0 131320 131320 0
23 1 0 468.92293765088789 2.0307895683999391 664 664 0 139522 139522 0
24 1 0 209.50184136249104 0.99674977800002296 699 697 0 146593 146514 0
25 1 0 45.615025924094354 0.42222181279993976 741 741 0 152417 152417 0
26 1 0 896.06850982626622 3.4434682928998832 783 783 0 162412 162412 0
27 1 0 75.841535057200758 0.77091204940000679 819 819 0 170050 170050 0
28 1 0 22.422096400000882 0.20556958500000277 845 845 0 175581 175581 0
29 1 0 43.559024252502027 0.28107566330000822 879 879 0 180380 180380 0
30 1 0 15.569780584560068 0.13011496692000435 907 906 0 183149 183131 0
31 1 0 70.972528702038304 0.45069215247998429 940 940 0 188608 188608 0
32 1 0 10.204782747001559 0.078373757000001376 965 965 0 192963 192963 0
33 1 0 379.83535150100971 1.2825131656798661 998 994 0 202954 201892 0
34 1 0 67.678611069967516 0.39092178932000365 1021 1021 0 206344 206344 0
35 1 0 78.35402784200285 0.55489092400003415 1054 1054 0 211639 211639 0
36 1 0 16.383678737002988 0.10708303700000243 1076 1076 0 215450 215450 0
37 1 0 121.05834468470498 0.45551045919992106 1108 1103 0 222841 221905 0
38 1 0 77.337331420294873 0.71896654040009622 1142 1142 0 227989 227989 0
39 1 0 0.41344558800026476 0.016637368000004926 1159 1159 0 230148 230148 0
40 1 0 129.22658012699807 0.70723202299999599 1189 1189 0 236855 236855 0
41 1 0 35.216274222802866 0.1479019144000091 1214 1214 0 240958 240958 0
42 1 0 28.708489432405187 0.24367330610000693 1239 1239 0 246362 246362 0
43 1 0 17.809452240001292 0.11081681000000287 1260 1260 0 249807 249807 0
44 1 0 127.04496527865764 0.40999469177975811 1288 1284 0 257186 256170 0
45 1 0 27.913594001544425 0.3394927111202577 1314 1314 0 261159 261159 0
46 1 0 285.43754492010061 1.0470019953000005 1348 1348 0 269306 269306 0
47 1 0 422.67627259154483 1.939760259739792 1386 1384 0 278691 278578 0
48 1 0 95.918028474961119 0.66900638276023017 1421 1421 0 286691 286691 0
49 1 0 40.236213396111459 0.23622946811987333 1454 1453 0 292493 292442 0
50 1 0 60.624926418880207 0.54283319288004606 1486 1486 0 297800 297800 0
51 1 0 1.8730996760000096 0.046932337999997742 1511 1511 0 300217 300217 0
52 1 0 156.96696642067681 0.40183696521989276 1536 1535 0 306146 306072 0
53 1 0 73.16066727322908 0.33525608608011481 1568 1568 0 312128 312128 0
54 1 0 1.4777743050003522 0.029997357000006275 1588 1588 0 314573 314573 0
55 1 0 814.37911312408448 2.4758982143399564 1615 1615 0 323222 323222 0
56 1 0 22.527133880001863 0.35394761500004535 1648 1648 0 328030 328030 0
57 1 0 33.671354311997952 0.26745141399999994 1680 1680 0 334725 334725 0
58 1 0 141.9741889515914 0.8130170457999526 1711 1711 0 340417 340417 0
59 1 0 164.03334631694733 1.086909522889286 1749 1746 0 347963 347599 0
60 1 0 130.23205081390265 0.70558810224370916 1775 1775 0 353962 353962 0
61 1 0 248.74605274040394 1.2478463172000289 1814 1814 0 361585 361585 0
62 1 0 83.963912972809126 0.45782205540004384 1843 1843 0 366535 366535 0
63 1 0 142.25839682312682 0.67228604228537137 1870 1869 0 372915 372897 0
64 1 0 30.870008351275544 0.20598545580000405 1898 1897 0 378248 378002 0
65 1 0 416.88553514015297 1.5859838133144422 1936 1936 0 386683 386683 0
66 1 0 9.0906259140010377 0.17691307900000197 1966 1966 0 392185 392185 0
67 1 0 20.933720547598156 0.23645524619998071 1994 1994 0 396292 396292 0
68 1 0 66.570017423994855 0.41179456600001174 2024 2024 0 402206 402206 0
69 1 0 100.96063115399917 0.35719912299998668 2046 2046 0 406689 406689 0
70 1 0 98.892367563357027 0.56918049708525587 2079 2078 0 412893 412830 0
71 1 0 42.468959180203242 0.3246778189145374 2107 2107 0 417232 417232 0
72 1 0 24.39522726499284 0.19277493699992476 2131 2131 0 421048 421048 0
73 1 0 3.7925835219974999 0.084330360999956611 2157 2157 0 425583 425583 0
74 1 0 218.53352796102183 0.73083039800006588 2191 2191 0 433769 433769 0
75 1 0 62.577688258004684 0.35225246200008087 2217 2217 0 438891 438891 0
76 1 0 188.90822141987908 1.1694375818998566 2256 2256 0 449355 449355 0
77 1 0 17.021914691005875 0.17587361400003942 2284 2284 0 452863 452863 0
78 1 0 13.253661826496028 0.06489550869997629 2306 2306 0 456669 456669 0
79 1 0 5.601117983004599 0.076152583000009599 2327 2327 0 460134 460134 0
80 1 0 395.46685424259636 1.4487868874987981 2360 2360 0 469176 469176 0
81 1 0 272.81340674253659 1.3320043499997212 2402 2402 0 476423 476423 0
82 1 0 147.74572192801057 0.91262706590012499 2445 2445 0 483422 483422 0
83 1 0 51.671120243183651 0.29212035754143528 2472 2468 0 489488 488347 0
84 1 0 154.17812084047415 0.7307616691147274 2504 2501 0 496233 495218 0
85 1 0 177.77223320300044 1.0007730439291009 2542 2541 0 503937 503869 0
86 1 0 15.506412382193574 0.13929246191459299 2568 2568 0 508493 508493 0
87 1 0 89.446812477486901 0.51945375849999209 2599 2599 0 514369 514369 0
88 1 0 2.4925791049981711 0.024671206999983042 2621 2621 0 516307 516307 0
89 1 0 434.05140577701997 1.2513927900000681 2653 2653 0 524034 524034 0
90 1 0 6.4200966749998685 0.10622343399998613 2681 2681 0 528158 528158 0
91 1 0 168.52204613933361 0.662622018685326 2718 2717 0 536869 536681 0
92 1 0 124.79832948172738 0.83676263841442733 2748 2748 0 541739 541739 0
93 1 0 91.703497598043853 0.74283967100018344 2785 2785 0 549299 549299 0
94 1 0 9.9524232629994316 0.17654573800000151 2811 2811 0 552920 552920 0
95 1 0 15.671313407303899 0.13819036344999347 2832 2832 0 557375 557375 0
96 1 0 99.605847681998213 0.53172139599998047 2865 2865 0 564568 564568 0
97 1 0 103.65350889241257 0.50460196063531271 2895 2894 0 571846 571466 0
98 1 0 188.28620031169561 1.0202173568999626 2936 2935 0 578916 578847 0
99 1 0 58.695944432349677 0.61497804326451444 2985 2985 0 586632 586632 0
100 1 0 15.165660125991806 0.26059643299991819 3018 3018 0 591698 591698 0
101 1 0 96.296676587650452 0.86145631613526064 3052 3051 0 600224 599436 0
102 1 0 133.3059704383318 0.74425110086461643 3084 3084 0 606497 606497 0
103 1 0 12.038298080000871 0.046643149999994193 3104 3104 0 610614 610614 0
104 1 0 50.791934620695685 0.33592035849999036 3141 3141 0 617324 617324 0
105 1 0 53.754339854023158 0.57392427263538082 3174 3173 0 623945 623362 0
106 1 0 53.619157945067059 0.16414464116459726 3200 3200 0 629250 629250 0
107 1 0 16.006203089562959 0.14701853793549446 3231 3230 0 633808 633781 0
108 1 0 19.104566354102559 0.30609981383530283 3262 3260 0 638699 638618 0
109 1 0 93.721044623238726 0.43713508322916539 3289 3289 0 645629 645629 0
110 1 0 244.37729856624989 0.92274385214781773 3322 3315 0 654690 653852 0
111 1 0 29.896668865689108 0.36837169785184187 3347 3347 0 656784 656784 0
112 1 0 14.664143636518304 0.16807836173536828 3375 3374 0 661353 661321 0
113 1 0 17.165754627465603 0.099624773264565647 3399 3399 0 666395 666395 0
114 1 0 54.56174131335716 0.26947381307100216 3431 3429 0 673174 671961 0
115 1 0 61.634030207169687 0.49631454512909556 3459 3459 0 676989 676989 0
116 1 0 5.1884481160004299 0.030493433000003733 3484 3484 0 679942 679942 0
117 1 0 250.65899663612174 0.79869593063548905 3521 3520 0 688635 688608 0
118 1 0 567.58514665198322 2.7136560630646755 3563 3563 0 697803 697803 0
119 1 0 33.125353115718099 0.27567354160008506 3599 3599 0 703240 703240 0
120 1 0 35.696731241997412 0.26515450599997337 3625 3625 0 706919 706919 0
121 1 0 62.498126369993983 0.22801586699999632 3652 3652 0 711511 711511 0
122 1 0 77.609766308599063 0.38510845159997587 3683 3683 0 717117 717117 0
123 1 0 29.93130931031655 0.15561814873998969 3707 3707 0 722337 722337 0
124 1 0 21.600352264993489 0.1906641549999506 3736 3736 0 726647 726647 0
125 1 0 57.618651574491508 0.32684115517565715 3779 3778 0 734036 733933 0
126 1 0 99.470108721122472 0.65769020782445864 3809 3809 0 740374 740374 0
127 1 0 41.404051362280157 0.33065077119989894 3848 3848 0 746769 746769 0
128 1 0 7.1854004070874709 0.1434412109899057 3888 3888 0 751655 751655 0
129 1 0 33.703554555998466 0.23008852800006707 3916 3916 0 756787 756787 0
130 1 0 63.570218344280079 0.39894030736556374 3953 3952 0 762868 762854 0
131 1 0 66.376436065844672 0.46609593612993194 3984 3983 0 768381 768319 0
132 1 0 52.646246263843665 0.28084863524239267 4017 4017 0 775823 775823 0
133 1 0 72.653886567104905 0.60628777819525226 4048 4046 0 781760 781544 0
134 1 0 94.446822140873991 0.64163802120449986 4081 4081 0 788261 788261 0
135 1 0 15.754781530013474 0.058737260000015112 4104 4104 0 792638 792638 0
136 1 0 89.074326622016429 0.57454077200003439 4138 4138 0 798885 798885 0
137 1 0 2.7246437678012398 0.12301443539999468 4162 4162 0 802039 802039 0
138 1 0 168.32403802771873 1.093798184796924 4195 4195 0 809704 809704 0
139 1 0 19.019404828997097 0.2367881360000581 4223 4223 0 814874 814874 0
140 1 0 7.8469903443977103 0.085610268399960887 4254 4254 0 818859 818859 0
141 1 0 34.702433906598287 0.19568501865700227 4281 4280 0 823898 823856 0
142 1 0 105.59644492346081 0.59433538534332797 4304 4304 0 828764 828764 0
143 1 0 620.65843240072059 2.4691053009580628 4350 4342 0 840830 839380 0
144 1 0 467.55818375975423 2.8129744353464048 4386 4386 0 847815 847815 0
145 1 0 8.9838847007953007 0.1034503480999831 4414 4414 0 852142 852142 0
146 1 0 98.932449267558866 0.60904951923996009 4440 4440 0 857285 857285 0
147 1 0 25.6834438799998 0.1904041899999811 4469 4469 0 861465 861465 0
148 1 0 18.630007028971278 0.15337876299989261 4499 4499 0 865637 865637 0
149 1 0 71.907793289756057 0.32451135604006254 4529 4529 0 872191 872191 0
150 1 0 16.233257029390472 0.17682319440001493 4561 4561 0 876581 876581 0
151 1 0 77.791074113937555 0.29316406799983952 4579 4579 0 881704 881704 0
152 1 0 27.78769932190346 0.30654960930002062 4604 4604 0 885506 885506 0
153 1 0 13.188437228997941 0.048600193999988051 4625 4625 0 889144 889144 0
154 1 0 164.42163417798039 0.64891224199990916 4662 4662 0 897834 897834 0
155 1 0 87.096984853154993 0.40714657972202417 4695 4689 0 905173 903261 0
156 1 0 580.32873040522827 2.9737518342766975 4726 4726 0 911171 911171 0
157 1 0 114.75101657002585 0.67777379400010318 4754 4754 0 919090 919090 0
158 1 0 154.46067812972584 0.64948228506693795 4787 4786 0 927632 926871 0
159 1 0 125.00062029255949 0.56065977197317807 4824 4824 0 934667 934667 0
160 1 0 36.405884845147114 0.3540378522500589 4852 4852 0 940146 940146 0
161 1 0 77.113079936531165 0.44560962247680891 4889 4888 0 946830 946594 0
162 1 0 36.22740468235753 0.18936682382306458 4923 4923 0 951629 951629 0
163 1 0 51.644922269192875 0.18477797659997464 4949 4949 0 956789 956789 0
164 1 0 117.52591157049528 0.34799549799998886 4980 4980 0 962980 962980 0
165 1 0 7.2813949321321161 0.13716459137691572 5012 5011 0 967278 967275 0
166 1 0 11.403393769839454 0.075896079463177557 5037 5037 0 971235 971235 0
167 1 0 56.38616664175521 0.26721922539377374 5060 5058 0 977940 977794 0
168 1 0 106.45311551587287 0.61155874180641945 5079 5079 0 981570 981570 0
169 1 0 9.3945985280052184 0.10972191200002612 5102 5102 0 985325 985325 0
170 1 0 88.951833955499325 0.54589568879993067 5134 5134 0 992154 992154 0
171 1 0 19.673537847000489 0.086780916999998681 5169 5169 0 996771 996771 0
172 1 0 36.90504545257366 0.25576636429988753 5198 5198 0 1001632 1001632 0
173 1 0 33.587964247204468 0.15380717879997974 5222 5222 0 1006258 1006258 0
174 1 0 25.967117309613315 0.24587510189275008 5250 5250 0 1011476 1011476 0
175 1 0 44.258082818372003 0.29300362848979944 5279 5278 0 1018339 1017633 0
176 1 0 125.26855410768374 0.7040474519105544 5302 5302 0 1022688 1022688 0
177 1 0 122.73328755203448 0.71294262500015293 5342 5342 0 1029374 1029374 0
178 1 0 550.92672244886796 1.8424520889995506 5376 5376 0 1037421 1037421 0
179 1 0 22.914572034220043 0.16211770560013861 5403 5403 0 1041529 1041529 0
180 1 0 43.516777582998969 0.32239384999996901 5430 5430 0 1046196 1046196 0
181 1 0 9.6158473649941243 0.094316565999974955 5449 5449 0 1050407 1050407 0
182 1 0 108.56764513557027 0.65875736440051469 5473 5473 0 1054757 1054757 0
183 1 0 224.25236281402172 1.6240581800001337 5515 5515 0 1062133 1062133 0
184 1 0 88.272237810637279 0.47389731110024513 5550 5550 0 1069445 1069445 0
185 1 0 135.1010480686528 0.43785275260015055 5573 5573 0 1074535 1074535 0
186 1 0 60.130317794601353 0.35486492940000858 5605 5605 0 1079899 1079899 0
187 1 0 65.833068654616369 0.52755139526959738 5642 5639 0 1086565 1086095 0
188 1 0 44.980876858140675 0.26541227663025779 5672 5672 0 1091188 1091188 0
189 1 0 954.90617203780118 3.8785178095190247 5719 5711 0 1102200 1100184 0
190 1 0 514.1533762050899 2.0686608514805584 5754 5754 0 1110708 1110708 0
191 1 0 20.945483373207907 0.14748200410005552 5782 5782 0 1114821 1114821 0
192 1 0 90.221571981071634 0.52396635100026856 5814 5814 0 1121262 1121262 0
193 1 0 283.42886345087732 1.2762514597391998 5847 5845 0 1127756 1127591 0
194 1 0 81.13163033732161 0.2972136292401899 5880 5880 0 1133901 1133901 0
195 1 0 83.250013768570199 0.46048322209995263 5914 5914 0 1141261 1141261 0
196 1 0 69.652019823984858 0.38347196861914767 5952 5948 0 1147580 1147070 0
197 1 0 67.429878523708453 0.35420503826054528 5978 5977 0 1152743 1152502 0
198 1 0 153.28836279071237 0.53415956492003147 6008 6008 0 1159623 1159623 0
199 1 0 764.00812582636411 2.055508040800504 6036 6036 0 1167973 1167973 0
200 1 0 16.882665913002882 0.17634131100001582 6068 6068 0 1173581 1173581 0
201 1 0 17.347265245995686 0.10776015499999403 6097 6097 0 1177720 1177720 0
202 1 0 24.467293669790251 0.19847164353993207 6125 6125 0 1181783 1181783 0
203 1 0 17.103097712131159 0.13862681941949972 6154 6153 0 1186414 1185794 0
204 1 0 46.63430510082901 0.14711882318039216 6183 6183 0 1189733 1189733 0
205 1 0 17.554297707905647 0.13831285279999861 6211 6211 0 1195093 1195093 0
206 1 0 62.057533549256277 0.44643137266015742 6237 6237 0 1199675 1199675 0
207 1 0 22.328676818999469 0.21516457980001746 6270 6270 0 1204275 1204275 0
208 1 0 48.147913068031812 0.39083830600011993 6299 6299 0 1208702 1208702 0
209 1 0 39.611771506012445 0.18808250600002907 6324 6324 0 1213243 1213243 0
210 1 0 8.2895500596946476 0.14642562279999538 6361 6361 0 1218290 1218290 0
211 1 0 7.5517887095991227 0.11987505889996442 6388 6388 0 1222221 1222221 0
212 1 0 81.759954380766089 0.3133866955998883 6423 6423 0 1228886 1228886 0
213 1 0 13.188502432997353 0.21413716599991517 6450 6450 0 1232353 1232353 0
214 1 0 3.1610876354063464 0.063896193600044171 6479 6479 0 1235458 1235458 0
215 1 0 48.016309293496903 0.44281787649995863 6508 6508 0 1241134 1241134 0
216 1 0 4.2013100000026782 0.033610480000021425 6522 6522 0 1242733 1242733 0
217 1 0 198.50079647006038 0.50759081640012482 6550 6550 0 1248842 1248842 0
218 1 0 60.35008445001489 0.2540406880000603 6574 6574 0 1254507 1254507 0
219 1 0 13.019401291448617 0.09503934030968253 6599 6598 0 1259675 1259496 0
220 1 0 106.98869672583649 0.70979160519999596 6636 6635 0 1268647 1268536 0
221 1 0 12.197458744321807 0.094155599290303371 6662 6662 0 1273220 1273220 0
222 1 0 31.269412909063817 0.23835571801939182 6692 6690 0 1278914 1278288 0
223 1 0 227.40800052004047 0.94735069098109648 6716 6716 0 1284194 1284194 0
224 1 0 665.69492545232833 2.7514490754194583 6750 6748 0 1292485 1292469 0
225 1 0 346.15718208560844 1.6302635152099185 6791 6788 0 1303008 1302070 0
226 1 0 61.573231387732989 0.45031450217126689 6817 6817 0 1307422 1307422 0
227 1 0 17.507533266404607 0.23899324260003141 6846 6846 0 1312301 1312301 0
228 1 0 135.57701074196476 0.5094707599999424 6870 6870 0 1317667 1317667 0
229 1 0 87.303677785051804 0.5989646180003092 6907 6907 0 1323987 1323987 0
230 1 0 426.18584486879354 1.7100337019990945 6944 6944 0 1332256 1332256 0
231 1 0 7.8626967520044957 0.065745336900022266 6969 6969 0 1335059 1335059 0
232 1 0 40.103935235085061 0.31946524953966104 7009 7005 0 1342759 1341678 0
233 1 0 319.37024632575651 1.5915837044803709 7045 7043 0 1351750 1351680 0
234 1 0 67.544323657699778 0.47874829039028555 7085 7084 0 1359090 1358950 0
235 1 0 15.049851105647804 0.10668963799014364 7124 7124 0 1364525 1364525 0
236 1 0 77.744492455284529 0.64914154289991188 7165 7165 0 1371697 1371697 0
237 1 0 5.5874114810133335 0.079860689000071261 7190 7190 0 1375847 1375847 0
238 1 0 80.147016299038171 0.3853785210001206 7214 7214 0 1380109 1380109 0
239 1 0 78.953421350966863 0.29223539399990273 7237 7237 0 1386139 1386139 0
240 1 0 10.14314206719277 0.079334832599982974 7264 7264 0 1391706 1391706 0
241 1 0 76.884919240012238 0.40760858999999527 7294 7294 0 1397936 1397936 0
242 1 0 25.219649075018168 0.22122058581936699 7322 7320 0 1403050 1402862 0
243 1 0 7.1626908759770913 0.082261239180638768 7346 7346 0 1405864 1405864 0
244 1 0 38.736080459985658 0.20148479399995267 7378 7378 0 1411052 1411052 0
245 1 0 232.45234095166376 1.0872116925096122 7415 7414 0 1418609 1418516 0
246 1 0 107.81678929071023 0.91090491829049824 7456 7456 0 1424333 1424333 0
247 1 0 109.24632587457569 0.72432422501952942 7494 7492 0 1431928 1431872 0
248 1 0 69.684460232068602 0.41689499198042768 7524 7524 0 1437635 1437635 0
249 1 0 180.74128525497932 0.86151362599994741 7548 7548 0 1445230 1445230 0
250 1 0 3.6336216264032828 0.050588536400056228 7581 7581 0 1449142 1449142 0
251 1 0 31.812433994006312 0.12613982800002077 7609 7609 0 1454200 1454200 0
252 1 0 97.912097657978308 0.60653213399982064 7639 7639 0 1459841 1459841 0
253 1 0 31.329149360185852 0.2342980434000026 7668 7668 0 1464546 1464546 0
254 1 0 73.398643920185719 0.43349014319991852 7698 7698 0 1470121 1470121 0
255 1 0 83.670566298742614 0.46450200921961482 7726 7724 0 1476602 1475916 0
256 1 0 82.808533925888668 0.52996646127976987 7758 7758 0 1481552 1481552 0
257 1 0 26.003249760994606 0.19844355799995128 7780 7780 0 1486013 1486013 0
258 1 0 40.58141341106159 0.21041911520012491 7813 7813 0 1491425 1491425 0
259 1 0 137.5475233089013 0.3726174473299011 7844 7841 0 1500074 1498085 0
260 1 0 2254.1783019555883 9.6185534010667197 7884 7884 0 1509816 1509816 0
261 1 0 232.01587970428403 1.1130517407400475 7921 7917 0 1519341 1518016 0
262 1 0 199.5140172076338 1.175212768759593 7946 7946 0 1524667 1524667 0
263 1 0 62.09430074846307 0.30627950009983351 7974 7974 0 1529764 1529764 0
264 1 0 104.51621672202384 0.5213611572097534 8003 8002 0 1536153 1536148 0
265 1 0 160.84025889693078 0.7098409381897568 8034 8034 0 1541835 1541835 0
266 1 0 23.861688021168561 0.20765237586977037 8064 8064 0 1547581 1547581 0
267 1 0 114.150996334578 0.46027244936084344 8106 8104 0 1555713 1555336 0
268 1 0 37.255517999919107 0.1894625433394026 8137 8137 0 1560822 1560822 0
269 1 0 60.771192579979243 0.46483232700006738 8159 8159 0 1566209 1566209 0
270 1 0 219.47072324808408 1.0066770560003988 8197 8197 0 1573483 1573483 0
271 1 0 89.763173025459309 0.41992059356095979 8230 8228 0 1579751 1579621 0
272 1 0 26.664618335529838 0.27921251343923359 8265 8265 0 1583321 1583321 0
273 1 0 89.678019636250895 0.44795937580016698 8291 8291 0 1589158 1589158 0
274 1 0 23.876781013817833 0.22333373660006828 8325 8325 0 1594603 1594603 0
275 1 0 17.243827961972443 0.10969791299982035 8353 8353 0 1598786 1598786 0
276 1 0 54.916132117007237 0.31307588900006067 8381 8381 0 1604355 1604355 0
277 1 0 88.841197007507446 0.56244590830010566 8412 8412 0 1611068 1611068 0
278 1 0 166.1604381512991 0.73655751479100218 8452 8449 0 1619121 1618745 0
279 1 0 7.3506975593431321 0.055160541208579161 8472 8472 0 1621734 1621734 0
280 1 0 182.12488773796457 0.53489754039992476 8499 8499 0 1627011 1627011 0
281 1 0 198.15514650464075 0.88182825900224771 8527 8527 0 1633276 1633276 0
282 1 0 53.804840735976825 0.39569535099968789 8559 8559 0 1639806 1639806 0
283 1 0 22.857177982085602 0.16500055000039993 8581 8581 0 1643481 1643481 0
284 1 0 35.003505791987493 0.22827174299987973 8604 8604 0 1646612 1646612 0
285 1 0 63.002881593750715 0.50700173379954094 8636 8636 0 1651970 1651970 0
286 1 0 25.609773919580334 0.14773216059995775 8665 8665 0 1656300 1656300 0
287 1 0 40.622340744385269 0.23544926416116141 8695 8693 0 1660934 1660709 0
288 1 0 120.71381112890907 0.97841817413865328 8735 8735 0 1667744 1667744 0
289 1 0 3.977403615501089 0.057794256500017127 8764 8764 0 1670539 1670539 0
290 1 0 72.765353695631291 0.32883429980017809 8794 8794 0 1676746 1676746 0
291 1 0 43.842727687556646 0.37716792316729197 8827 8827 0 1683184 1683184 0
292 1 0 159.88599901481513 0.68922375309733752 8864 8863 0 1690501 1690400 0
293 1 0 41.125860347113189 0.37149424940218978 8899 8899 0 1696796 1696796 0
294 1 0 17.76792955961065 0.083677717700027188 8923 8923 0 1700885 1700885 0
295 1 0 137.79317944497711 0.53339542089508996 8951 8949 0 1706771 1706753 0
296 1 0 12.932744216518074 0.16381220530502105 8973 8973 0 1711416 1711416 0
297 1 0 99.938549775014053 0.4933986786967921 9010 9009 0 1717928 1717912 0
298 1 0 78.220041092278109 0.50162422540222451 9048 9048 0 1725015 1725015 0
299 1 0 512.73554380246037 2.6415527573928443 9098 9096 0 1736194 1735946 0
300 1 0 31.30142591494365 0.26605938929958484 9122 9120 0 1740654 1740484 0
