0 2 0 0 0 0 0 0 0 0 0
1 2 0 73.484585566999982 0.32187235799999991 18 18 0 5159 5159 0
2 2 0 22.761775310000189 0.073994838000000396 37 37 0 9998 9998 0
3 2 0 65.980066638999887 0.15263356200000011 56 56 0 15329 15329 0
4 2 0 394.03456354900055 1.2499600900000005 88 87 0 24770 24342 0
5 2 0 140.07279410000109 0.51208193900000687 119 119 0 33455 33455 0
6 2 0 240.52313757094015 0.86087555209000222 150 150 0 42933 42933 0
7 2 0 721.25409432228025 2.5846378163999324 184 184 0 53464 53464 0
8 2 0 228.82644522379994 0.6589340323999977 212 212 0 62243 62243 0
9 2 0 160.44540353299786 0.52262567139999128 236 236 0 70001 70001 0
10 2 0 269.11997476999812 1.0891103099999917 262 262 0 77436 77436 0
11 2 0 95.38418223185495 0.39437413402998267 288 287 0 84394 83732 0
12 2 0 343.4111998818434 1.2244509262700038 313 313 0 92505 92505 0
13 2 0 232.8284635776169 0.81506224898998703 336 336 0 100632 100632 0
14 2 0 356.22052924400225 1.3972123730000003 367 367 0 109989 109989 0
15 2 0 103.42295718300129 0.42948825300000237 396 396 0 117538 117538 0
16 2 0 159.56328623659806 0.74744889629999456 431 431 0 126829 126829 0
17 2 0 76.81786449600547 0.21571089510000974 462 462 0 134660 134660 0
18 2 0 638.94452311271732 2.0911152719199926 506 500 0 147214 143718 0
19 2 0 1132.5236992004786 3.3259550859799774 529 529 0 154027 154027 0
20 2 0 146.52079491839373 0.64060269759997723 553 553 0 160509 160509 0
21 2 0 165.75883483198714 0.67686945699995249 577 577 0 168099 168099 0
22 2 0 173.45065519102519 0.60630100002002862 608 607 0 176748 176647 0
23 2 0 258.13674777316447 1.1062968439799121 644 644 0 185373 185373 0
24 2 0 1058.1062251909793 3.7253275045999601 678 678 0 195403 195403 0
25 2 0 56.887441290001505 0.35986580500000898 705 705 0 202320 202320 0
26 2 0 160.8991920724016 0.63296295420000703 728 728 0 210204 210204 0
27 2 0 400.87708149236931 1.6194923054599499 773 770 0 221362 220743 0
28 2 0 382.19799391839916 1.2300475092400269 808 803 0 233318 231029 0
29 2 0 1023.614858261058 4.3609928068001231 848 848 0 241921 241921 0
30 2 0 398.41641127389084 1.2395384989399645 881 879 0 251380 250970 0
31 2 0 599.43395103931948 2.1771234636000223 921 919 0 263318 262232 0
32 2 0 90.502113354000159 0.4960923313600496 949 949 0 269237 269237 0
33 2 0 43.69139611000157 0.19567013400000377 967 967 0 272791 272791 0
34 2 0 117.64769520198962 0.62737845899995648 992 992 0 280005 280005 0
35 2 0 84.26150654371105 0.24968467890003154 1011 1011 0 285324 285324 0
36 2 0 506.56317685001625 1.8920770250000203 1043 1043 0 294856 294856 0
37 2 0 61.894866335005119 0.30889292500003762 1075 1075 0 301632 301632 0
38 2 0 278.55985922953232 1.1279208652100294 1111 1110 0 311539 311346 0
39 2 0 595.80037676574216 1.5012072145996527 1137 1135 0 320758 320381 0
40 2 0 238.26790628887451 1.1395841037793062 1165 1165 0 327397 327397 0
41 2 0 134.02413409024902 0.52696380622003858 1196 1194 0 335686 335302 0
42 2 0 624.21741474141709 2.8853548585802571 1236 1236 0 344502 344502 0
43 2 0 225.35857867791518 0.72498833610997337 1269 1268 0 353693 353221 0
44 2 0 666.98943963315992 2.1625077766499246 1311 1305 0 365340 363350 0
45 2 0 732.62462185975949 2.9103739648801579 1342 1338 0 374595 373984 0
46 2 0 279.23728127626737 1.056927419980056 1367 1365 0 382334 382057 0
47 2 0 295.81277337341038 1.1778951967799074 1399 1399 0 390205 390205 0
48 2 0 531.51703219022977 1.897882211110165 1428 1427 0 398401 398203 0
49 2 0 593.45050843371723 1.9080383825398499 1461 1459 0 408346 408144 0
50 2 0 123.14802593112887 0.45793543815990034 1486 1484 0 416350 415318 0
51 2 0 143.58772803131092 0.62417959670005274 1518 1518 0 424586 424586 0
52 2 0 91.333286987710792 0.34104254760003272 1545 1545 0 432412 432412 0
53 2 0 488.83275334011142 1.6310536020003781 1578 1578 0 442934 442934 0
54 2 0 94.034838753747522 0.36761761940014992 1612 1608 0 451566 450184 0
55 2 0 232.33033951415823 0.76521864639988024 1638 1638 0 458495 458495 0
56 2 0 125.29226830690232 0.44055475030000224 1662 1662 0 465563 465563 0
57 2 0 54.079750655994573 0.25809919599995368 1694 1694 0 472228 472228 0
58 2 0 1.6774749200009538 0.012821320000007574 1717 1717 0 477615 477615 0
59 2 0 490.6701494320198 1.9105554410000778 1745 1745 0 484861 484861 0
60 2 0 32.579646403999483 0.15216634300000464 1768 1768 0 490909 490909 0
61 2 0 73.124305413000499 0.22234189799999626 1790 1790 0 497663 497663 0
62 2 0 142.17565969073738 0.59560334880016086 1825 1823 0 506813 506440 0
63 2 0 39.011744141285803 0.16471685049992146 1850 1850 0 512840 512840 0
64 2 0 15.935521095005079 0.073770185000022082 1872 1872 0 519115 519115 0
65 2 0 39.561025796998933 0.14572813799999551 1895 1895 0 525621 525621 0
66 2 0 199.05444152893438 0.77244688999979871 1929 1929 0 534254 534254 0
67 2 0 596.9945136759743 1.9391249669003372 1967 1960 0 545659 543584 0
68 2 0 327.25264811490342 1.1828674933998258 1989 1985 0 552091 551519 0
69 2 0 1328.8381077048466 4.6967914762008007 2036 2026 0 566748 564039 0
70 2 0 1865.8078275661392 7.3750261183986652 2081 2074 0 578588 576456 0
71 2 0 1986.0876319353185 6.7772072090002808 2121 2115 0 590911 588729 0
72 2 0 1121.1070144446455 4.0407697966009408 2160 2153 0 601336 600084 0
73 2 0 910.37055741371569 3.5011545706001641 2200 2199 0 612547 612323 0
74 2 0 300.15956658347659 1.2230512788002983 2222 2220 0 618913 618468 0
75 2 0 374.99384565834748 1.0300880815997573 2243 2243 0 625620 625620 0
76 2 0 357.65870989205695 1.3581595090001883 2278 2278 0 636314 636314 0
77 2 0 508.74827760604819 1.4770558988013534 2309 2301 0 645628 643631 0
78 2 0 1113.1163574290249 3.6452394947988864 2342 2342 0 655167 655167 0
79 2 0 274.63101206932078 1.313727500599569 2373 2373 0 662825 662825 0
80 2 0 113.84888073299173 0.45549045199997806 2403 2403 0 669803 669803 0
81 2 0 124.04532641943594 0.44908643560025041 2432 2430 0 678333 677965 0
82 2 0 123.71542003093293 0.53118230279966383 2460 2460 0 685563 685563 0
83 2 0 890.97164907601496 2.5680069808994972 2492 2491 0 696373 696223 0
84 2 0 230.58926091325435 0.84760302970028079 2528 2523 0 706641 705714 0
85 2 0 605.33941652873636 2.1323651814999494 2557 2557 0 714664 714664 0
86 2 0 265.42674153284543 0.98945754710031508 2587 2584 0 722876 722443 0
87 2 0 223.45970242482133 0.84512497779955709 2615 2615 0 731329 731329 0
88 2 0 66.954511179014105 0.24464397900000279 2644 2644 0 738105 738105 0
89 2 0 794.44052368094026 2.7336288539997753 2682 2682 0 749607 749607 0
90 2 0 259.33096016699864 1.1081281050998228 2718 2716 0 759584 758832 0
91 2 0 2060.240791917643 5.4068252606004847 2754 2748 0 773938 770929 0
92 2 0 2674.224998448095 7.7427452385990279 2786 2782 0 785512 783493 0
93 2 0 1362.0027185287299 4.2424320403082021 2822 2822 0 794906 794906 0
94 2 0 109.71708559498465 0.35070983699993974 2856 2856 0 802671 802671 0
95 2 0 66.138333126016192 0.18290127900004904 2880 2880 0 809412 809412 0
96 2 0 148.04598468220752 0.57998603680000826 2907 2907 0 817482 817482 0
97 2 0 134.4041713853731 0.525302234300284 2939 2939 0 826381 826381 0
98 2 0 122.99264382318556 0.62279692679992138 2975 2975 0 835236 835236 0
99 2 0 910.58415714250896 3.5091659890197917 3020 3018 0 847140 846493 0
100 2 0 214.07135976421822 0.80246901259972958 3055 3055 0 856095 856095 0
101 2 0 318.87165204682282 1.3089138939209022 3094 3090 0 866239 865451 0
102 2 0 84.829724265425384 0.45987028847932265 3124 3124 0 872438 872438 0
103 2 0 1121.7788657210583 3.4644216117813045 3164 3158 0 883899 882985 0
104 2 0 252.06013703917543 0.93567840686985448 3195 3190 0 893483 892368 0
105 2 0 1221.2964307156349 4.9243740751486058 3233 3233 0 903428 903428 0
106 2 0 65.385804499795569 0.33417075099997362 3265 3265 0 909955 909955 0
107 2 0 212.66577541701093 0.76734447830000363 3293 3293 0 919065 919065 0
108 2 0 73.688997095225943 0.43050620800013917 3319 3319 0 924755 924755 0
109 2 0 103.74656117499298 0.45494332399998427 3340 3340 0 930816 930816 0
110 2 0 63.728549215862472 0.40327947327035929 3369 3368 0 937249 937114 0
111 2 0 166.84095038286486 0.73838619781020043 3402 3400 0 946171 945266 0
112 2 0 199.90520511538193 0.77730699942972592 3437 3436 0 954351 954118 0
113 2 0 115.95751726078366 0.52168417390977595 3472 3472 0 962362 962362 0
114 2 0 311.69960664468107 1.5029933806306275 3508 3501 0 972134 970661 0
115 2 0 1351.5146407710311 4.4415411228305715 3543 3529 0 984224 981467 0
116 2 0 951.80853386936246 4.4755653149384216 3573 3573 0 992022 992022 0
117 2 0 27.271551441997232 0.12855378000000428 3596 3596 0 996916 996916 0
118 2 0 50.391440712004112 0.25476364600001489 3619 3619 0 1002676 1002676 0
119 2 0 2041.5301578300473 5.5252869367731847 3659 3646 0 1017605 1013225 0
120 2 0 4004.2915620034451 12.187829117710962 3694 3682 0 1028671 1025209 0
121 2 0 2951.3713587494117 9.546386559849779 3727 3720 0 1039307 1037495 0
122 2 0 443.01826956373031 2.1874253199688525 3766 3766 0 1047902 1047902 0
123 2 0 659.25940576180244 1.9164247499994502 3798 3798 0 1058747 1058747 0
124 2 0 241.45352806803137 1.0691416906808655 3843 3841 0 1070345 1069909 0
125 2 0 148.29471962381865 0.63734172871980377 3872 3872 0 1077842 1077842 0
126 2 0 124.72949508752812 0.60949771918059525 3900 3898 0 1086096 1085237 0
127 2 0 121.6392952215228 0.43349326441962432 3924 3924 0 1093387 1093387 0
128 2 0 259.60016488415124 1.0343050588906237 3957 3956 0 1102688 1102581 0
129 2 0 157.75969329841942 0.60585735491002879 3983 3983 0 1110920 1110920 0
130 2 0 150.28506542689652 0.71217376678998789 4021 4020 0 1120736 1120455 0
131 2 0 263.85863739120327 0.98418357358036701 4047 4044 0 1128793 1128376 0
132 2 0 198.68588180916214 0.96492936388952444 4080 4080 0 1135538 1135538 0
133 2 0 116.56456339202651 0.43758845900015331 4109 4109 0 1143359 1143359 0
134 2 0 332.50008277594623 1.4781668709998144 4147 4147 0 1152877 1152877 0
135 2 0 692.36255409794194 2.485762476999696 4176 4176 0 1161683 1161683 0
136 2 0 951.12048099514902 2.8472071036010504 4208 4208 0 1171129 1171129 0
137 2 0 243.12236273506898 0.58194977751082888 4226 4223 0 1177431 1176679 0
138 2 0 169.04902103172444 0.86077707760000521 4255 4252 0 1183831 1182909 0
139 2 0 110.69527320017446 0.37276010448940156 4278 4278 0 1190274 1190274 0
140 2 0 17.871147746018949 0.078902823000049693 4302 4302 0 1195652 1195652 0
141 2 0 691.16457593713983 2.5643848841714885 4336 4335 0 1206049 1205808 0
142 2 0 133.38955066416949 0.71381661592977252 4373 4373 0 1214432 1214432 0
143 2 0 340.93024550093764 1.2707734373005053 4403 4403 0 1222928 1222928 0
144 2 0 200.12099604101903 0.68595510500006185 4424 4424 0 1230674 1230674 0
145 2 0 144.2798563890386 0.54434186500009218 4451 4451 0 1237228 1237228 0
146 2 0 525.80502166133692 1.6986136870011705 4480 4480 0 1245695 1245695 0
147 2 0 1159.1322766396027 3.0950816290015837 4518 4513 0 1258712 1257486 0
148 2 0 146.83927877032968 0.50347436139861657 4543 4543 0 1265971 1265971 0
149 2 0 420.06676916496195 1.4840400579998345 4578 4578 0 1275862 1275862 0
150 2 0 151.76751804100809 0.54291290999998409 4610 4610 0 1285052 1285052 0
151 2 0 288.29128330709386 0.98849147232047585 4640 4639 0 1294009 1293781 0
152 2 0 293.32547474192233 1.127481659640523 4675 4672 0 1303141 1302448 0
153 2 0 87.639309482180579 0.29657567777968552 4703 4701 0 1310184 1309555 0
154 2 0 165.31062879636363 0.65627991995984303 4725 4725 0 1317293 1317293 0
155 2 0 96.71896606173064 0.42757121604014969 4760 4758 0 1326865 1326429 0
156 2 0 205.08537082143874 0.95595143615975076 4794 4794 0 1334765 1334765 0
157 2 0 527.20675493033502 1.9920458130012264 4831 4831 0 1345601 1345601 0
158 2 0 84.621088195429166 0.37459619822033119 4860 4859 0 1352357 1352238 0
159 2 0 74.427464589638305 0.37467765277989429 4887 4887 0 1359234 1359234 0
160 2 0 294.13384190642779 1.1832816051195323 4919 4918 0 1367643 1367543 0
161 2 0 152.07232890105658 0.70949102937973407 4949 4949 0 1375041 1375041 0
162 2 0 92.207976955492882 0.41409050320004326 4981 4981 0 1383353 1383353 0
163 2 0 10.270712503005228 0.085661250000043765 5001 5001 0 1387845 1387845 0
164 2 0 106.2184442450116 0.29198282700002665 5024 5024 0 1394880 1394880 0
165 2 0 36.362630378302185 0.11323146872001644 5047 5046 0 1401059 1400878 0
166 2 0 132.4622577020634 0.6293906756798151 5082 5082 0 1409767 1409767 0
167 2 0 170.20497231609139 0.56677691416007292 5111 5110 0 1418363 1418259 0
168 2 0 205.45173163321505 0.57761888040002418 5135 5134 0 1427104 1426944 0
169 2 0 214.09126314512608 0.86633774639977901 5170 5168 0 1436841 1436188 0
170 2 0 351.04269555678087 1.2628680571999098 5203 5203 0 1445576 1445576 0
171 2 0 42.157066017024533 0.23347695500009991 5231 5231 0 1451951 1451951 0
172 2 0 2494.5843475888823 6.0306345010001223 5267 5257 0 1467883 1464296 0
173 2 0 1134.9307082716869 3.5871283208001898 5295 5292 0 1477178 1476682 0
174 2 0 246.12972870338308 0.99782181670030923 5320 5318 0 1484672 1484015 0
175 2 0 760.9941780781329 2.7508161582001662 5364 5358 0 1497191 1495431 0
176 2 0 1032.5377709350573 3.0673089951001486 5399 5399 0 1507423 1507423 0
177 2 0 30.039934641020267 0.25923266400010903 5420 5420 0 1512401 1512401 0
178 2 0 421.66870114299201 1.5680339820000313 5457 5457 0 1522496 1522496 0
179 2 0 159.05291604906847 0.65588553909984171 5486 5486 0 1530093 1530093 0
180 2 0 255.7958487888034 0.8753915629999085 5520 5519 0 1540955 1540114 0
181 2 0 218.84627815170327 0.85274316223967617 5550 5550 0 1548796 1548796 0
182 2 0 872.82068990079279 2.6734090090789095 5587 5581 0 1560207 1558294 0
183 2 0 656.25538741708829 2.3072872807216811 5612 5612 0 1566200 1566200 0
184 2 0 586.75802775617149 1.6210614281193898 5642 5638 0 1576901 1575539 0
185 2 0 601.0934280866943 2.4098011925211154 5679 5676 0 1586540 1585366 0
186 2 0 263.52696181859437 1.0029736200601747 5707 5707 0 1594163 1594163 0
187 2 0 24.948194314016291 0.13741155700006402 5734 5734 0 1599866 1599866 0
188 2 0 30.772860990334038 0.13749365297979921 5759 5758 0 1605129 1604997 0
189 2 0 499.29106302110108 1.7827389472000448 5795 5794 0 1616382 1616270 0
190 2 0 188.19081953372921 0.87161997260017188 5830 5829 0 1625431 1624831 0
191 2 0 724.72399770630875 2.4625000522207188 5862 5862 0 1634737 1634737 0
192 2 0 442.39168092698424 1.6449681308588424 5896 5894 0 1644305 1643372 0
193 2 0 112.86000233332271 0.72249816674045064 5925 5925 0 1650357 1650357 0
194 2 0 336.56626580567161 1.2330907777002551 5960 5960 0 1660999 1660999 0
195 2 0 142.03020757758216 0.46096060911833092 5989 5985 0 1669232 1668232 0
196 2 0 180.87723267448862 0.6621903644408178 6017 6015 0 1677735 1677495 0
197 2 0 151.04628600844936 0.62302660292030509 6045 6044 0 1684719 1684581 0
198 2 0 53.34741050980935 0.21191532412044012 6073 6073 0 1692165 1692165 0
199 2 0 54.564326735001714 0.26125891300000603 6105 6105 0 1698575 1698575 0
200 2 0 102.89127177205614 0.50677596000022618 6133 6133 0 1706103 1706103 0
201 2 0 252.09919934772367 1.0011337743600279 6162 6162 0 1713120 1713120 0
202 2 0 91.749485305562786 0.42652490089972162 6189 6188 0 1720003 1719783 0
203 2 0 173.61367824492797 0.64873351230059484 6214 6214 0 1726882 1726882 0
204 2 0 38.252472500983004 0.2121205479999162 6239 6239 0 1733395 1733395 0
205 2 0 40.982285463975643 0.15570764699992878 6263 6263 0 1740457 1740457 0
206 2 0 225.49787786424716 0.57840552069990281 6291 6291 0 1749356 1749356 0
207 2 0 24.269368321008045 0.12447872000004168 6317 6317 0 1754687 1754687 0
208 2 0 36.960782726970677 0.12933412199984673 6337 6337 0 1760700 1760700 0
209 2 0 185.37436620131095 0.90989883639889513 6371 6368 0 1768860 1768326 0
210 2 0 119.96966694719094 0.56477831170147397 6401 6401 0 1776176 1776176 0
211 2 0 275.44671056176986 0.84295279620022256 6430 6430 0 1785470 1785470 0
212 2 0 318.85174237501934 1.2216986582984362 6467 6462 0 1795599 1794139 0
213 2 0 536.88600434134071 2.0204154230018503 6497 6497 0 1803630 1803630 0
214 2 0 213.15770356405682 0.9578027340002393 6538 6538 0 1814244 1814244 0
215 2 0 99.439163117596962 0.47884256259948188 6572 6572 0 1820823 1820823 0
216 2 0 159.77906944355996 0.65431581619913004 6599 6597 0 1827894 1826964 0
217 2 0 821.56798548634538 2.6444982168007414 6629 6629 0 1837179 1837179 0
218 2 0 806.53361828446566 2.4258414023987598 6664 6660 0 1848116 1847059 0
219 2 0 186.65466161614782 0.73620828980244823 6692 6692 0 1856338 1856338 0
220 2 0 393.44116686201187 1.2042553161584237 6733 6729 0 1867297 1865712 0
221 2 0 337.06208113065082 1.0676382760217109 6755 6754 0 1873882 1873776 0
222 2 0 31.426360830093984 0.17321145234049595 6780 6780 0 1879478 1879478 0
223 2 0 51.459988574001841 0.21949920600002315 6802 6802 0 1886488 1886488 0
224 2 0 177.79839218599821 0.57156885497880694 6825 6822 0 1894806 1893390 0
225 2 0 795.95096740724739 3.1711435438571129 6860 6851 0 1905767 1904132 0
226 2 0 787.27152468239012 3.063565419064787 6896 6896 0 1916315 1916315 0
227 2 0 92.794512826785109 0.39086608008022949 6924 6924 0 1923741 1923741 0
228 2 0 187.05559823803014 0.74783070460009071 6958 6958 0 1932434 1932434 0
229 2 0 59.598230536390133 0.30100231989999315 6998 6998 0 1940995 1940995 0
230 2 0 200.00003169402945 0.7577036160001569 7029 7029 0 1951233 1951233 0
231 2 0 46.97388139199785 0.22376336999997193 7052 7052 0 1957787 1957787 0
232 2 0 297.19866019908306 1.2805577140003948 7088 7088 0 1967052 1967052 0
233 2 0 202.6470980740178 0.56523711800005572 7117 7117 0 1975935 1975935 0
234 2 0 623.12230852084019 1.7432406804472294 7149 7142 0 1985765 1983460 0
235 2 0 547.2885188799828 2.1945399060540183 7179 7179 0 1994146 1994146 0
236 2 0 115.04850602608363 0.46801386600029105 7209 7209 0 2001558 2001558 0
237 2 0 632.17166856218955 2.0609547442013252 7245 7245 0 2012367 2012367 0
238 2 0 50.239325103980235 0.29823012099998891 7270 7270 0 2018160 2018160 0
239 2 0 38.502242563604085 0.1498472827800299 7294 7294 0 2023959 2023959 0
240 2 0 198.42364513799134 0.55438419999995858 7317 7317 0 2030825 2030825 0
241 2 0 143.83909943032626 0.60110725278883592 7350 7347 0 2039520 2038425 0
242 2 0 96.827858923251512 0.48905311361144754 7376 7376 0 2045303 2045303 0
243 2 0 141.32460623436168 0.63903663780970987 7413 7412 0 2054797 2054684 0
244 2 0 341.44077402966445 1.2358072456508751 7440 7440 0 2063077 2063077 0
245 2 0 296.91825738464348 0.96008134224726405 7473 7464 0 2071722 2069521 0
246 2 0 1038.8302923859003 3.9733189012496553 7502 7498 0 2080372 2079242 0
247 2 0 103.37732410995005 0.37807077020161728 7522 7522 0 2085047 2085047 0
248 2 0 2026.2183464147136 5.1721429281492419 7554 7547 0 2098294 2096695 0
249 2 0 246.18119481977561 1.1036962327029016 7578 7577 0 2105358 2104663 0
250 2 0 124.32890796679547 0.35433073179999042 7598 7597 0 2111076 2110835 0
251 2 0 140.08044247742848 0.44740818735033372 7627 7627 0 2119507 2119507 0
252 2 0 1463.6741962568703 4.4978625655983535 7670 7660 0 2133158 2130915 0
253 2 0 2640.1822469444419 8.8356326806004972 7713 7703 0 2146968 2142781 0
254 2 0 2574.5743732324545 9.4884866666052972 7747 7745 0 2155599 2155332 0
255 2 0 527.06569512964984 2.141775965650595 7782 7781 0 2166440 2166340 0
256 2 0 27.37884839428412 0.12803082075001271 7809 7809 0 2172324 2172324 0
257 2 0 238.57784271383008 0.97429657750069509 7841 7839 0 2181041 2180824 0
258 2 0 1451.588819229132 3.8496363255499091 7877 7866 0 2195292 2192088 0
259 2 0 2161.1860400066307 7.7757884654460554 7903 7903 0 2203008 2203008 0
260 2 0 49.046247641834668 0.16785809065089552 7934 7931 0 2210396 2209375 0
261 2 0 189.19944998739669 0.78336285235002379 7955 7955 0 2216738 2216738 0
262 2 0 152.08454557407526 0.60005654949748077 7988 7988 0 2225464 2225464 0
263 2 0 172.3710548171473 0.66347843049851463 8017 8015 0 2233379 2232965 0
264 2 0 293.64822884504463 1.1003074127484069 8049 8046 0 2242703 2241917 0
265 2 0 694.85860207018391 2.6840059159478074 8085 8085 0 2252601 2252601 0
266 2 0 494.55611343877894 1.7557797692468284 8121 8118 0 2262962 2262271 0
267 2 0 855.93492728436991 2.8131432214975689 8155 8152 0 2274642 2273273 0
268 2 0 966.30443247215021 3.3665569224442606 8191 8191 0 2285600 2285600 0
269 2 0 413.76830921728549 1.1349054877444473 8223 8218 0 2296270 2294061 0
270 2 0 869.87872179478018 2.6557587570554233 8247 8247 0 2305113 2305113 0
271 2 0 1214.7630959357975 4.50420826349864 8286 8284 0 2316451 2315856 0
272 2 0 917.39885949029645 3.0527681396542334 8323 8322 0 2328389 2328263 0
273 2 0 207.91780832797645 0.7056482476505721 8354 8354 0 2337278 2337278 0
274 2 0 379.26691575941618 1.4526452455004915 8386 8386 0 2345921 2345921 0
275 2 0 75.300211359982825 0.33041991600009624 8413 8413 0 2352020 2352020 0
276 2 0 82.989726343245593 0.2921633516002089 8435 8435 0 2359195 2359195 0
277 2 0 628.94346465570334 2.0075449590945027 8479 8473 0 2371614 2369850 0
278 2 0 501.07161788780388 2.5168837009036338 8507 8507 0 2378086 2378086 0
279 2 0 86.432228132390776 0.42173459729997376 8540 8540 0 2386706 2386706 0
280 2 0 103.7591750771283 0.36331242000051134 8571 8571 0 2395290 2395290 0
281 2 0 593.09802767643509 1.8953846201995361 8602 8602 0 2405660 2405660 0
282 2 0 389.24993069467308 1.5397937305431242 8639 8632 0 2416973 2415074 0
283 2 0 370.17978869510279 1.3784396567547788 8669 8667 0 2425740 2424708 0
284 2 0 433.09243499735396 1.90776948259969 8699 8697 0 2433523 2433192 0
285 2 0 162.70119391401369 0.63271084375071496 8727 8726 0 2442688 2442311 0
286 2 0 1213.2526975038211 3.8114724711498411 8759 8759 0 2452287 2452287 0
287 2 0 309.14724449228908 1.124651683200625 8793 8793 0 2461982 2461982 0
288 2 0 704.53010071099004 2.4334267036892356 8829 8828 0 2472908 2472758 0
289 2 0 95.617972560653754 0.45494477161105351 8860 8860 0 2480714 2480714 0
290 2 0 142.27391242939746 0.5047822156670918 8891 8888 0 2490356 2489343 0
291 2 0 204.63220625616196 0.98594043713347901 8924 8924 0 2498318 2498318 0
292 2 0 532.56243791026759 1.8974029880011472 8956 8956 0 2507432 2507432 0
293 2 0 132.68998516456656 0.50692571248799823 8984 8983 0 2515361 2515208 0
294 2 0 243.76602783067341 0.98465132451252657 9015 9015 0 2523959 2523959 0
295 2 0 5.1646239059933805 0.028791137999974126 9041 9041 0 2528978 2528978 0
296 2 0 144.01780495449708 0.53865070478883581 9069 9068 0 2536864 2536748 0
297 2 0 38.425912855991442 0.29361912761112308 9100 9100 0 2544723 2544723 0
298 2 0 99.939107811047052 0.41094450600013488 9123 9123 0 2551571 2551571 0
299 2 0 78.854978409482271 0.46145175288853579 9158 9157 0 2560140 2559740 0
300 2 0 542.88630807338029 1.5721024798108942 9183 9183 0 2567283 2567283 0
