0 3 0 0 0 0 0 0 0 0 0
1 3 0 106.25535840899995 0.48058154099999978 29 29 0 6183 6183 0
2 3 0 143.90484171300017 0.62487450600000116 63 62 0 15976 15776 0
3 3 0 478.13574528299864 1.6357316199999956 96 96 0 25670 25670 0
4 3 0 113.10855400500053 0.45298967900000209 123 123 0 33811 33811 0
5 3 0 379.73339702280248 1.4090937880000096 152 152 0 41859 41859 0
6 3 0 68.103986636200403 0.38824939780000189 178 178 0 48198 48198 0
7 3 0 140.73699087900258 0.5800462940000104 205 205 0 55371 55371 0
8 3 0 430.40392893420227 1.7216192376000068 249 249 0 65804 65804 0
9 3 0 200.86819140740039 0.94170386379999727 283 282 0 74857 74654 0
10 3 0 149.76522213060508 0.61455582170001755 309 309 0 82265 82265 0
11 3 0 868.38372507009024 2.9213223492999791 353 342 0 96948 93311 0
12 3 0 842.0916617472451 2.5444183568998238 377 377 0 103590 103590 0
13 3 0 192.55826860778859 0.82092051659995313 417 411 0 113174 111731 0
14 3 0 980.48108844718524 3.0542859223999628 443 443 0 121462 121462 0
15 3 0 100.32733102000344 0.44649535760001413 475 474 0 129546 129446 0
16 3 0 56.982322236998655 0.33063863239999591 505 505 0 135757 135757 0
17 3 0 254.94982101750557 1.3543867021000153 545 544 0 145635 145428 0
18 3 0 168.93575622171352 0.66144516110005824 573 573 0 152629 152629 0
19 3 0 277.14335450533758 1.0999778775400131 609 604 0 161885 160827 0
20 3 0 1262.5301331552444 3.9546772423698826 647 641 0 174470 173011 0
21 3 0 1255.111168428763 4.666156583490082 681 678 0 184942 184201 0
22 3 0 128.52867826212156 0.69938731068997484 715 715 0 193104 193104 0
23 3 0 217.93511701539728 0.80952669214002881 743 741 0 201325 200938 0
24 3 0 906.30945949537545 2.9300295551100852 781 776 0 214032 212517 0
25 3 0 239.43427392936576 0.9917672811496665 810 810 0 220645 220645 0
26 3 0 19.189891422800482 0.068859776100001824 830 830 0 225502 225502 0
27 3 0 113.54572466660095 0.51838672875000213 856 856 0 231935 231935 0
28 3 0 251.56975638385717 1.0628747893600803 888 885 0 240443 239786 0
29 3 0 273.7868168648273 1.1496986334599768 921 920 0 250094 249226 0
30 3 0 105.80280618576583 0.4892277526299722 948 948 0 256884 256884 0
31 3 0 789.84960923583299 2.9883942754699788 985 984 0 268831 268619 0
32 3 0 241.74168082253513 1.0781701206299026 1013 1013 0 276676 276676 0
33 3 0 120.02985433780748 0.51882139840002139 1042 1042 0 284493 284493 0
34 3 0 49.137874755006983 0.25669752200002449 1067 1067 0 291376 291376 0
35 3 0 319.14702496744968 0.88747906334996429 1098 1093 0 300840 299579 0
36 3 0 713.20126391076769 2.3497998858097517 1138 1130 0 312911 310721 0
37 3 0 2077.1279442523892 7.4866202541089919 1174 1173 0 323202 322788 0
38 3 0 338.85925049243502 1.2521944301300465 1203 1203 0 331703 331703 0
39 3 0 98.984907950997894 0.43044948899999014 1234 1234 0 340429 340429 0
40 3 0 208.75019257500037 0.77522368000001052 1262 1262 0 348581 348581 0
41 3 0 72.143745902005648 0.35993934700002228 1293 1293 0 356888 356888 0
42 3 0 307.56255205468688 0.94146358134002384 1322 1320 0 367702 367098 0
43 3 0 244.90139212528797 1.1828565376598448 1346 1346 0 373248 373248 0
44 3 0 340.98634828697988 1.1056293904197929 1384 1378 0 383559 381707 0
45 3 0 682.9082483015037 2.3047965453699319 1416 1409 0 394105 392457 0
46 3 0 662.48266371015563 2.1360461729199187 1448 1445 0 404593 403438 0
47 3 0 133.68369345759396 0.5916511870600587 1470 1469 0 409959 409856 0
48 3 0 70.291736728093539 0.27392653703003589 1493 1493 0 416462 416462 0
49 3 0 56.78207827299336 0.26593753799996733 1527 1527 0 424338 424338 0
50 3 0 108.1417626239087 0.45394723823000049 1550 1550 0 429917 429917 0
51 3 0 198.77453131299274 0.55661873399998285 1576 1576 0 439028 439028 0
52 3 0 126.60337033899101 0.62333110399997338 1607 1607 0 447303 447303 0
53 3 0 87.269398550031184 0.32192492210011636 1642 1641 0 456416 456116 0
54 3 0 389.0308414690158 1.3672227839000541 1672 1672 0 467748 467748 0
55 3 0 230.9144499389252 0.89612451309983499 1704 1703 0 476642 475872 0
56 3 0 283.9436441015805 1.0187399130999495 1739 1737 0 486650 485564 0
57 3 0 250.67984853316864 1.0530702599001316 1774 1773 0 495830 495503 0
58 3 0 368.19013288896269 1.5009654098002585 1816 1814 0 507383 506544 0
59 3 0 204.63445598967684 0.84979745610024082 1845 1845 0 514480 514480 0
60 3 0 77.765532129291955 0.5148293374600641 1871 1871 0 520530 520530 0
61 3 0 26.272353769996371 0.13647757699998664 1893 1893 0 525148 525148 0
62 3 0 1311.6538619061312 4.6847326852495144 1938 1923 0 537650 534787 0
63 3 0 986.24046376349997 3.9028113177900465 1968 1964 0 547448 545841 0
64 3 0 546.01089752666439 1.9000458938701001 1999 1998 0 556764 556725 0
65 3 0 24.580970920105727 0.23930631348999043 2022 2022 0 561736 561736 0
66 3 0 26.574935250997626 0.13195844699998815 2041 2041 0 566312 566312 0
67 3 0 404.80625180856657 1.6555655196197989 2076 2074 0 575039 574437 0
68 3 0 128.74017955578245 0.415196093779997 2100 2100 0 582613 582613 0
69 3 0 31.262060339995131 0.095065597999990814 2121 2121 0 586983 586983 0
70 3 0 369.31943151534182 1.4222402317100489 2156 2155 0 596550 596336 0
71 3 0 551.90392876122769 2.3777585673903019 2196 2196 0 605929 605929 0
72 3 0 120.55824941608887 0.4512461434099464 2232 2231 0 615589 615479 0
73 3 0 860.17182783750127 2.7884856875886612 2269 2269 0 627020 627020 0
74 3 0 20.103281392005897 0.11950641600002143 2292 2292 0 632227 632227 0
75 3 0 268.98556175794278 0.62500681499986399 2321 2321 0 641417 641417 0
76 3 0 185.18702523224471 0.62921553104968098 2354 2349 0 651278 649804 0
77 3 0 181.84051910475611 0.61745394595034497 2380 2380 0 658228 658228 0
78 3 0 23.163150323999844 0.092545407000002911 2404 2404 0 664532 664532 0
79 3 0 556.17336388075557 1.9138750526395825 2438 2434 0 675084 674360 0
80 3 0 349.88466270416268 1.0939841541602107 2468 2468 0 685634 685634 0
81 3 0 1133.263795861028 3.4361126010001186 2497 2497 0 695519 695519 0
82 3 0 1038.9182661232207 3.9343410242383783 2540 2536 0 708416 707883 0
83 3 0 393.5564301194388 1.5986616512600733 2570 2570 0 717144 717144 0
84 3 0 143.9015554769517 0.38788513199989438 2599 2599 0 725874 725874 0
85 3 0 34.907531526842334 0.10671955333999961 2623 2623 0 731580 731580 0
86 3 0 1000.5367945481919 3.8778323379001876 2667 2661 0 744876 743930 0
87 3 0 302.12991369949293 1.1747161609001182 2689 2689 0 753173 753173 0
88 3 0 343.71610316862211 1.0008431853498081 2720 2713 0 764392 761646 0
89 3 0 1107.5611863433114 3.9464920208513945 2754 2754 0 772344 772344 0
90 3 0 379.7900025429675 1.0640088077498717 2783 2782 0 781895 781731 0
91 3 0 418.82049444613671 1.4588901835494426 2824 2818 0 792416 790996 0
92 3 0 153.17237618554094 0.72125480560015376 2847 2847 0 798409 798409 0
93 3 0 117.10820640198337 0.62293405299993765 2873 2873 0 805390 805390 0
94 3 0 188.8614796493421 0.72508314765002524 2903 2902 0 813419 812920 0
95 3 0 67.029790780684394 0.2735503523500995 2934 2934 0 819909 819909 0
96 3 0 171.06982891392761 0.57429733729995291 2965 2963 0 828716 828163 0
97 3 0 90.454166244567972 0.31424482199977888 2983 2983 0 834263 834263 0
98 3 0 532.80122148056034 1.5453610702495553 3009 3004 0 843630 841535 0
99 3 0 1940.7109394181484 7.1953471438498724 3049 3045 0 854857 853701 0
100 3 0 423.09832841225079 1.4917303823995809 3077 3077 0 863120 863120 0
101 3 0 619.551556981202 2.0983156380005852 3113 3113 0 873950 873950 0
102 3 0 167.07684590236738 0.56718024636970199 3141 3140 0 881723 881297 0
103 3 0 40.242523537552387 0.20907039777007697 3164 3164 0 886714 886714 0
104 3 0 898.20854827239737 3.3658044425209255 3203 3199 0 898728 897978 0
105 3 0 726.73960354775988 2.5667643789406611 3239 3237 0 910127 909258 0
106 3 0 158.26849519096331 0.63364507654011959 3265 3265 0 916759 916759 0
107 3 0 434.22939937957511 1.6845050710801672 3300 3294 0 926651 925623 0
108 3 0 637.55600249429006 2.3403660913501483 3336 3335 0 937053 936917 0
109 3 0 107.27147617172065 0.40753965707001782 3371 3371 0 945465 945465 0
110 3 0 197.74365384377634 0.76276521092017902 3401 3397 0 953681 952254 0
111 3 0 1214.663146667195 4.2995822648803284 3435 3435 0 964369 964369 0
112 3 0 47.208678277997564 0.24125584199998684 3456 3456 0 970737 970737 0
113 3 0 43.449082099178568 0.19383114929992473 3483 3483 0 976782 976782 0
114 3 0 304.45304156263796 0.9523210797200079 3520 3516 0 987907 986459 0
115 3 0 316.44694999804938 0.96746699293967708 3542 3540 0 995044 994741 0
116 3 0 144.07017000630987 0.71691774727004542 3574 3573 0 1003923 1003820 0
117 3 0 133.39870729616246 0.54258304106984667 3597 3597 0 1011271 1011271 0
118 3 0 112.02082101702602 0.46194140030007702 3625 3625 0 1018939 1018939 0
119 3 0 531.45419928252682 1.6837307530003898 3656 3656 0 1028921 1028921 0
120 3 0 206.80466092299139 0.6686675349999831 3678 3678 0 1037007 1037007 0
121 3 0 373.63055147407039 1.5397930259995576 3715 3715 0 1047802 1047802 0
122 3 0 333.2821044929716 1.202563442290085 3748 3745 0 1057988 1056716 0
123 3 0 140.89597705252973 0.5576005535102837 3774 3774 0 1064480 1064480 0
124 3 0 258.46588071362646 1.0751470000300145 3803 3802 0 1073250 1072569 0
125 3 0 39.441129446950583 0.12630613136995805 3820 3820 0 1078895 1078895 0
126 3 0 155.88927198901266 0.53084397800003558 3843 3843 0 1086162 1086162 0
127 3 0 210.11129802848023 0.70690560169994399 3873 3873 0 1094200 1094200 0
128 3 0 291.22095771563875 1.1155533265301756 3905 3904 0 1102718 1102498 0
129 3 0 733.20329935470647 2.9831529642688395 3935 3935 0 1111972 1111972 0
130 3 0 88.915141455829257 0.40509846099925539 3963 3963 0 1118403 1118403 0
131 3 0 206.81205883788215 0.69026617099962095 3994 3994 0 1127944 1127944 0
132 3 0 385.87214306543171 1.3388934354789512 4031 4025 0 1139926 1138101 0
133 3 0 278.98055635242929 1.6330561481607049 4065 4063 0 1148290 1147946 0
134 3 0 144.58730881188043 0.41538384382030813 4089 4089 0 1154107 1154107 0
135 3 0 91.938109360006024 0.4778642580000394 4112 4112 0 1159290 1159290 0
136 3 0 365.95004686200656 1.5057449870000426 4143 4143 0 1169695 1169695 0
137 3 0 524.22209303233319 1.7954280264895601 4184 4183 0 1180891 1180645 0
138 3 0 878.50376519048132 2.5625392176703485 4225 4221 0 1196363 1193349 0
139 3 0 771.83596909557764 2.253624541132325 4262 4261 0 1204738 1204439 0
140 3 0 34.586728422914746 0.19009920421044058 4291 4291 0 1210488 1210488 0
141 3 0 499.88169891570857 2.1903766512004665 4326 4326 0 1219927 1219927 0
142 3 0 109.60468798045727 0.60037686489968678 4354 4354 0 1228185 1228185 0
143 3 0 173.70515195180914 0.68676682600002437 4384 4384 0 1236400 1236400 0
144 3 0 248.27576960853798 0.98736208550019455 4414 4414 0 1245558 1245558 0
145 3 0 642.11454061297763 2.0060497212583641 4449 4445 0 1257370 1256130 0
146 3 0 2363.8252235078103 7.1163268034710256 4485 4478 0 1269631 1268422 0
147 3 0 544.92389774024036 2.2370225685772596 4521 4521 0 1280586 1280586 0
148 3 0 77.052546162030296 0.38597195400015494 4549 4549 0 1287238 1287238 0
149 3 0 55.638745058444925 0.28183924148984829 4572 4571 0 1292769 1292662 0
150 3 0 225.7277208035843 0.74931971451033519 4598 4598 0 1300420 1300420 0
151 3 0 805.41758378080135 2.9875908009992997 4633 4633 0 1310549 1310549 0
152 3 0 408.55485212601326 1.6006680436901206 4667 4666 0 1320036 1319910 0
153 3 0 128.78658171864606 0.54885929831027624 4699 4699 0 1328783 1328783 0
154 3 0 82.316232717709369 0.40485508390003133 4734 4734 0 1338686 1338686 0
155 3 0 322.34934425972074 1.0691356460581574 4762 4758 0 1348605 1347307 0
156 3 0 145.92744578742219 0.71886409414202035 4783 4783 0 1353603 1353603 0
157 3 0 244.43203275587268 0.85092950973995585 4812 4812 0 1361269 1361269 0
158 3 0 294.60368249522764 1.1145518164991302 4843 4842 0 1369727 1369599 0
159 3 0 85.257893473293336 0.4223678189005966 4870 4870 0 1378010 1378010 0
160 3 0 31.151670457760645 0.15684977619977758 4892 4892 0 1382446 1382446 0
161 3 0 489.67732088249022 1.497694008100666 4923 4923 0 1392165 1392165 0
162 3 0 29.459988659999908 0.12008895200000325 4946 4946 0 1398410 1398410 0
163 3 0 919.9319974784305 2.8098638246790131 4979 4979 0 1408756 1408756 0
164 3 0 78.616123750111058 0.36119948800035218 5008 5008 0 1416469 1416469 0
165 3 0 197.24913337492404 0.7414968284997201 5036 5036 0 1425325 1425325 0
166 3 0 360.05713036514004 1.4367480460005879 5072 5072 0 1435003 1435003 0
167 3 0 295.21780139456024 1.1211977038170176 5114 5108 0 1444955 1443286 0
168 3 0 333.05320757106188 1.0542896534830106 5137 5137 0 1451480 1451480 0
169 3 0 326.46321588647766 1.2288211659010244 5167 5167 0 1459822 1459822 0
170 3 0 67.667021166007856 0.36869760600004042 5204 5204 0 1468462 1468462 0
171 3 0 167.90680559100704 0.6864083950000861 5230 5230 0 1477010 1477010 0
172 3 0 290.71710322040605 0.9573470495195977 5261 5260 0 1486689 1486388 0
173 3 0 174.44598163965674 0.74160280603931028 5288 5285 0 1493934 1492885 0
174 3 0 1414.0495623090894 4.5297264300760389 5332 5325 0 1508079 1505223 0
175 3 0 918.47821834369472 2.582229667563098 5355 5355 0 1514379 1514379 0
176 3 0 457.67866637039873 1.3437952518386851 5388 5386 0 1525859 1525424 0
177 3 0 220.84620720447168 1.0201497236608077 5420 5420 0 1532933 1532933 0
178 3 0 243.15042288299603 0.85672226699995235 5448 5448 0 1540590 1540590 0
179 3 0 28.538038176015675 0.16568710000007059 5473 5473 0 1547632 1547632 0
180 3 0 38.991712143064177 0.19541657400029067 5501 5501 0 1554591 1554591 0
181 3 0 67.265493421824118 0.22404526390008073 5530 5530 0 1561227 1561227 0
182 3 0 388.55758385820388 1.2152912882388307 5550 5548 0 1569470 1569158 0
183 3 0 490.43244118276067 1.7321218227609734 5573 5573 0 1576922 1576922 0
184 3 0 526.07792648247516 1.5921728614982555 5599 5594 0 1586811 1585445 0
185 3 0 260.96786086124865 1.4840292096026531 5634 5634 0 1593066 1593066 0
186 3 0 104.16721082385806 0.50142475671964348 5661 5660 0 1600174 1599907 0
187 3 0 412.79664871416202 1.5822162591803703 5693 5693 0 1609780 1609780 0
188 3 0 264.02277316329526 0.88249558351964197 5721 5720 0 1618202 1618056 0
189 3 0 1090.4185107433159 2.727204804259145 5751 5747 0 1629901 1628103 0
190 3 0 210.744531459786 0.69422439554202242 5778 5777 0 1635382 1635143 0
191 3 0 825.79643225477605 2.4235232835806357 5806 5806 0 1646552 1646552 0
192 3 0 60.818665927587745 0.3614065981999488 5841 5841 0 1653750 1653750 0
193 3 0 16.821007955461909 0.08248705221942032 5857 5856 0 1658527 1658215 0
194 3 0 927.43042196749877 3.0387989617806568 5893 5893 0 1669165 1669165 0
195 3 0 263.38949471337389 1.0758095529586456 5933 5930 0 1680297 1678666 0
196 3 0 215.80315079570389 0.50940067396226141 5956 5956 0 1689090 1689090 0
197 3 0 353.07454414199464 1.3168868449999138 5992 5992 0 1698805 1698805 0
198 3 0 158.02485113568719 0.55452347217692477 6020 6014 0 1707364 1705305 0
199 3 0 785.15968394403671 2.9282138789238559 6051 6051 0 1714706 1714706 0
200 3 0 171.01317882603851 0.5455233970002098 6079 6079 0 1722257 1722257 0
201 3 0 623.46579663661987 2.4497364089385769 6121 6118 0 1734045 1732514 0
202 3 0 526.07919598735225 1.9437537311723361 6153 6153 0 1743299 1743299 0
203 3 0 1187.8288515241391 3.8780363077567301 6192 6188 0 1757100 1756232 0
204 3 0 446.6225202566892 1.7435458446211953 6221 6219 0 1767144 1766922 0
205 3 0 118.95708392226831 0.56528760172170678 6244 6244 0 1773996 1773996 0
206 3 0 477.52310533569698 1.2255999579573711 6277 6273 0 1784518 1783268 0
207 3 0 987.50551625274113 2.9405731592314339 6308 6307 0 1795904 1795745 0
208 3 0 948.23550220597849 3.1107723099023019 6341 6340 0 1805768 1805586 0
209 3 0 61.821341084167358 0.32399843461075761 6363 6363 0 1811578 1811578 0
210 3 0 56.315841787524676 0.19425533687916641 6386 6384 0 1817965 1817666 0
211 3 0 117.44319479024227 0.36617803762072754 6416 6416 0 1826089 1826089 0
212 3 0 236.44961982820413 0.85129068636820193 6447 6444 0 1835232 1833947 0
213 3 0 492.67724222083467 2.1812658973328212 6482 6482 0 1844848 1844848 0
214 3 0 521.17221281357172 1.881021125257945 6518 6514 0 1855857 1854677 0
215 3 0 219.20327212104294 0.69537233573092294 6544 6543 0 1863227 1863127 0
216 3 0 4.7461008660403081 0.030205734510417415 6567 6567 0 1867376 1867376 0
217 3 0 230.50388315917127 0.8060719323580372 6596 6592 0 1876255 1875601 0
218 3 0 1330.7927554521257 4.6398872961108282 6630 6627 0 1886967 1885910 0
219 3 0 711.38817425503362 2.9430545791323084 6664 6664 0 1895880 1895880 0
220 3 0 202.52540760339792 0.54799499959997888 6687 6687 0 1903321 1903321 0
221 3 0 726.86761330153809 2.3747805903153107 6724 6719 0 1914285 1912915 0
222 3 0 476.71111838220048 1.5776721752532694 6749 6749 0 1921982 1921982 0
223 3 0 102.08469651557772 0.4348600232007982 6781 6781 0 1929385 1929385 0
224 3 0 155.32926855495009 0.5542051835570021 6814 6812 0 1938805 1938263 0
225 3 0 1047.7986739705486 3.3620685303999096 6850 6848 0 1950546 1948755 0
226 3 0 142.21941184109144 0.6296261076002736 6879 6877 0 1957034 1956637 0
227 3 0 36.789716442692168 0.1680121022429546 6902 6902 0 1963275 1963275 0
228 3 0 80.567429280431924 0.33063972117864182 6929 6928 0 1970115 1969966 0
229 3 0 31.959408106180831 0.092988323021359065 6951 6951 0 1976296 1976296 0
230 3 0 647.92618052806586 2.6548705009807065 6993 6992 0 1987934 1987820 0
231 3 0 182.58945273039546 0.95534472602122378 7027 7027 0 1997066 1997066 0
232 3 0 1343.3525602763825 5.641453538396263 7071 7066 0 2008973 2008021 0
233 3 0 91.46871685547498 0.53130777690802233 7098 7098 0 2014681 2014681 0
234 3 0 48.76085329213177 0.25785473150017424 7125 7125 0 2020435 2020435 0
235 3 0 661.44514692121413 2.161521960389166 7164 7156 0 2032786 2030833 0
236 3 0 531.77434335157682 2.4366624350913924 7194 7194 0 2040316 2040316 0
237 3 0 39.619441028031332 0.14465834800009247 7217 7217 0 2046404 2046404 0
238 3 0 2506.6218970927616 7.014975416988392 7257 7247 0 2061080 2058008 0
239 3 0 1434.7192408821365 4.9303865578132218 7283 7283 0 2069337 2069337 0
240 3 0 292.47018074412836 1.0627800725997361 7309 7309 0 2078039 2078039 0
241 3 0 25.949061930990268 0.13040148499996462 7334 7334 0 2082559 2082559 0
242 3 0 60.859877409413201 0.29295514869960471 7367 7367 0 2089186 2089186 0
243 3 0 245.99669747910238 0.92548760700017851 7401 7401 0 2097831 2097831 0
244 3 0 197.19199740929059 0.89408675050034958 7434 7434 0 2106066 2106066 0
245 3 0 839.93352783468106 2.6898400329555443 7471 7467 0 2117666 2116539 0
246 3 0 373.9081054999192 1.245185118446301 7496 7496 0 2124960 2124960 0
247 3 0 748.35319410311354 2.5842219575996523 7531 7531 0 2135318 2135318 0
248 3 0 20.909865052199564 0.13234390910000116 7557 7557 0 2141635 2141635 0
249 3 0 912.89606133726147 3.0718792216497661 7603 7594 0 2156082 2152651 0
250 3 0 1817.6246950572133 6.2739761584923031 7631 7631 0 2163497 2163497 0
251 3 0 217.36368565755194 0.67261857970859751 7658 7657 0 2171070 2170969 0
252 3 0 122.6845599512599 0.6269890129912028 7689 7689 0 2177494 2177494 0
253 3 0 318.12998839100447 1.3075489249999634 7719 7719 0 2184831 2184831 0
254 3 0 41.469322076001021 0.14229915210000854 7739 7739 0 2190357 2190357 0
255 3 0 188.34012709699971 0.68909034799997926 7773 7773 0 2199856 2199856 0
256 3 0 430.38466216434824 1.2315664111291937 7809 7801 0 2210803 2208342 0
257 3 0 1059.5322581494866 4.2814226871533947 7840 7840 0 2218547 2218547 0
258 3 0 217.53591939905232 0.86683568500023966 7870 7870 0 2226257 2226257 0
259 3 0 485.6726291809091 1.8150915609947447 7911 7906 0 2238219 2236609 0
260 3 0 343.34615221805791 1.4200244563990054 7937 7932 0 2245348 2243895 0
261 3 0 2127.2905994696616 5.1799241847937196 7968 7959 0 2257850 2255922 0
262 3 0 950.14313303388394 2.92449837003619 7996 7993 0 2266994 2266547 0
263 3 0 886.15786337076838 2.3358444942732604 8019 8019 0 2275713 2275713 0
264 3 0 686.14481672579154 2.1992681051292493 8059 8056 0 2288314 2287449 0
265 3 0 237.77750856962143 1.1227766972900781 8090 8088 0 2297372 2296950 0
266 3 0 233.17983822182902 0.84636115458340555 8122 8122 0 2307083 2307083 0
267 3 0 1067.566439779459 3.180611778046341 8156 8151 0 2317421 2316313 0
268 3 0 2058.7224859620192 5.7479356745529344 8185 8185 0 2328262 2328262 0
269 3 0 2694.7892747905398 8.4004739091133729 8229 8217 0 2343383 2339532 0
270 3 0 3379.2462697812252 9.8648068992862363 8262 8256 0 2355033 2352190 0
271 3 0 1223.6280709791172 3.8625560537308274 8292 8289 0 2362851 2362339 0
272 3 0 98.656991030794075 0.40379423634232126 8319 8318 0 2368904 2368517 0
273 3 0 203.81242499174891 0.6497206621709779 8343 8343 0 2375971 2375971 0
274 3 0 140.10313877397874 0.71115809560001253 8370 8370 0 2383102 2383102 0
275 3 0 39.616892213217113 0.18554396520011096 8391 8391 0 2387740 2387740 0
276 3 0 322.5685306008848 1.1432856929996547 8418 8418 0 2396504 2396504 0
277 3 0 103.77499048689498 0.44328581299976122 8445 8445 0 2404799 2404799 0
278 3 0 126.60096899244576 0.43034580192954763 8471 8470 0 2413136 2412999 0
279 3 0 248.78033065567791 0.95244537499905846 8506 8505 0 2424104 2423445 0
280 3 0 278.3714501767293 0.8648618440709015 8530 8530 0 2431357 2431357 0
281 3 0 788.89959016757132 2.1382519485988496 8561 8561 0 2440936 2440936 0
282 3 0 557.63136601292626 1.8139744562311648 8597 8596 0 2452786 2452121 0
283 3 0 15.413210508785028 0.072388500771182862 8612 8612 0 2456947 2456947 0
284 3 0 261.11969572693187 1.2016081989997929 8639 8639 0 2465067 2465067 0
285 3 0 27.50245042399024 0.16493304199997283 8663 8663 0 2469945 2469945 0
286 3 0 79.482844644986699 0.40303054199989674 8692 8692 0 2476560 2476560 0
287 3 0 185.13609191721298 0.64260490501595768 8725 8721 0 2486069 2485036 0
288 3 0 563.43250480730842 1.7747216327615547 8754 8753 0 2495527 2495421 0
289 3 0 60.006088970585211 0.2180463452003778 8782 8781 0 2502817 2502717 0
290 3 0 345.34681424298526 0.84608039939826085 8814 8808 0 2511848 2509473 0
291 3 0 860.23992329017119 3.1281088549229139 8847 8847 0 2520889 2520889 0
292 3 0 301.63531367255865 1.3718284262006364 8878 8878 0 2529811 2529811 0
293 3 0 251.6218037084501 1.1004925017993514 8910 8910 0 2538484 2538484 0
294 3 0 175.04246505943911 0.67220137490056686 8944 8944 0 2546686 2546686 0
295 3 0 40.883112082812033 0.16695291970012249 8971 8971 0 2553857 2553857 0
296 3 0 34.292974901286414 0.18667209997971668 8996 8995 0 2560339 2560171 0
297 3 0 210.6609855618953 0.70542005532053054 9023 9023 0 2567321 2567321 0
298 3 0 1243.5390735087954 4.900691643940263 9067 9059 0 2578691 2576848 0
299 3 0 1417.3225589687802 4.617965881421469 9105 9098 0 2591878 2589298 0
300 3 0 396.95498910243532 1.5106108602501536 9128 9126 0 2597654 2597135 0
