0 1 0 0 0 0 0 0 0 0 0
1 1 0 141.40188397600011 0.39002452300000012 13 13 0 5362 5362 0
2 1 0 363.34292219240149 1.3525520095000056 43 42 0 15627 15552 0
3 1 0 1127.2916345822021 2.6318049628000035 82 70 0 28822 25208 0
4 1 0 4084.9141249802997 14.602118919699993 123 110 0 40719 37128 0
5 1 0 11900.566641821306 22.409988542200004 168 139 0 64442 50572 0
6 1 0 14211.070116205417 37.284694324700027 205 162 0 76363 62154 0
7 1 0 11614.215312724002 38.478921789800005 240 198 0 88242 74856 0
8 1 0 12989.10328021575 34.736917268700154 271 235 0 98930 87299 0
9 1 0 10838.837428772649 34.966675791500172 306 276 0 111409 100381 0
10 1 0 13875.939800279913 31.720524063800031 345 308 0 128322 112546 0
11 1 0 14352.649151020385 37.93825371899996 374 337 0 139683 124815 0
12 1 0 15173.441233008878 35.495925299499945 405 371 0 154308 137486 0
13 1 0 15434.828345143818 35.520483864299813 429 396 0 162537 149693 0
14 1 0 11229.514798009683 31.25527058419971 454 426 0 172495 162145 0
15 1 0 13481.621424215924 26.751690760199821 485 458 0 189787 174811 0
16 1 0 16505.157395422164 29.778975653699923 515 481 0 205142 187479 0
17 1 0 16258.522831135859 36.955063913100133 541 504 0 213426 200378 0
18 1 0 11222.640029221959 33.491023577800142 563 536 0 222503 212599 0
19 1 0 10098.734251267362 24.397439463800133 596 568 0 236757 225004 0
20 1 0 8642.8087991854409 23.578142930499848 619 599 0 243312 237479 0
21 1 0 7299.1245710070198 19.216724421799494 655 637 0 258061 250191 0
22 1 0 9240.7315376857641 22.85865009869968 689 665 0 272670 262512 0
23 1 0 12747.415477034412 30.843467256900063 731 693 0 289639 274889 0
24 1 0 14814.441366463536 40.350283411799658 768 724 0 303399 287118 0
25 1 0 17126.158561481108 47.147699420599508 814 762 0 317986 300326 0
26 1 0 21569.580955479418 63.817698375899269 859 796 0 334454 312620 0
27 1 0 23410.2731861463 61.585354673499126 898 832 0 350055 324691 0
28 1 0 24725.003668421636 63.236434872199027 927 867 0 362391 337885 0
29 1 0 23142.939968720573 61.578489332099331 962 897 0 372527 349730 0
30 1 0 19591.42277937114 62.208679375758834 990 927 0 380138 362391 0
31 1 0 17867.869902262741 59.657522353778432 1024 972 0 391981 374675 0
32 1 0 14299.789953302621 43.739556881619066 1050 1011 0 400732 387285 0
33 1 0 15501.497134870226 38.739761038218546 1086 1048 0 418900 400259 0
34 1 0 15942.771200550902 35.232260747857872 1109 1077 0 425147 412674 0
35 1 0 11221.363539896069 38.058107419416999 1145 1108 0 435644 425087 0
36 1 0 9455.4421619877849 29.20594663035606 1168 1152 0 443697 437831 0
37 1 0 6286.8309430259596 17.624354446136273 1205 1183 0 458647 449723 0
38 1 0 5991.2844723989165 19.551915720014314 1241 1224 0 468213 462374 0
39 1 0 4818.141292957378 12.91806149929559 1261 1257 0 476475 474670 0
40 1 0 2284.8974298552412 5.9514498493357308 1293 1286 0 489234 487308 0
41 1 0 1549.067276396825 4.1704331100957788 1322 1319 0 500913 499436 0
42 1 0 2597.6176228465606 6.122228686619394 1349 1345 0 512546 511624 0
43 1 0 637.6464930561317 1.5213793471199821 1370 1370 0 522032 522032 0
44 1 0 937.2122654946927 2.499747462019748 1402 1396 0 534953 532483 0
45 1 0 1426.7938837221527 4.5965031721198244 1430 1428 0 545307 544027 0
46 1 0 5311.5904291759925 12.351524875398368 1468 1451 0 561262 555963 0
47 1 0 9665.3160919115435 21.285019302357917 1507 1482 0 580344 568784 0
48 1 0 12871.586801446916 31.435156706237407 1546 1509 0 596433 581283 0
49 1 0 13742.225089866071 35.839496900138222 1579 1540 0 607040 593548 0
50 1 0 12733.126630587163 39.502962292297546 1616 1577 0 618937 605983 0
51 1 0 10368.591963135246 31.425316832098268 1643 1614 0 626991 618582 0
52 1 0 5930.7045500571967 19.873723090759306 1670 1658 0 637853 631052 0
53 1 0 7908.8994512961381 18.571650142537166 1709 1685 0 652566 643892 0
54 1 0 5467.9798395325788 19.12133774447922 1729 1721 0 657951 655958 0
55 1 0 5904.6160403821359 11.555607788787611 1762 1749 0 674904 669326 0
56 1 0 6656.887298209509 17.508352634947776 1797 1779 0 687460 681517 0
57 1 0 8512.8131755429913 22.841682641508086 1832 1811 0 701523 693537 0
58 1 0 7980.3261588759478 20.764091829268253 1863 1844 0 713318 705984 0
59 1 0 8076.3403399639647 22.452390500170601 1902 1876 0 727781 718487 0
60 1 0 8445.0167593259885 23.470297298669372 1933 1910 0 739266 730910 0
61 1 0 10075.188789171942 24.870464995763001 1974 1942 0 754494 743907 0
62 1 0 9394.4816121035128 31.187453388182817 2004 1981 0 764351 755989 0
63 1 0 8635.4849964098776 24.792963529273493 2036 2014 0 776884 768430 0
64 1 0 7204.6236381374429 18.098607018521818 2066 2046 0 789075 781120 0
65 1 0 11904.666766164177 27.104667448776652 2110 2075 0 807563 793665 0
66 1 0 12077.341049246126 33.293954003057593 2143 2103 0 818528 805997 0
67 1 0 11174.407238902211 33.608553595496105 2172 2142 0 828074 818381 0
68 1 0 10494.498020791912 28.871083220713473 2208 2180 0 842540 831009 0
69 1 0 9851.1110591981469 28.479642533179842 2234 2212 0 851479 843509 0
70 1 0 7257.5220739831857 18.913361746556959 2267 2245 0 864635 856222 0
71 1 0 7701.0537752760501 22.119082878585274 2298 2278 0 875418 868713 0
72 1 0 5722.4302779909531 14.185556397578949 2324 2310 0 884656 881043 0
73 1 0 2954.7527637354165 9.6794536783036591 2351 2350 0 893518 893400 0
74 1 0 1430.8536455175633 3.4207012756339168 2388 2378 0 908109 904925 0
75 1 0 3276.3691571460818 9.1523765150890739 2416 2412 0 918881 917243 0
76 1 0 5015.9699963957355 12.209905098624375 2463 2440 0 938981 929831 0
77 1 0 6944.0458515620912 21.202921358816297 2493 2471 0 947918 942217 0
78 1 0 3993.140491410401 11.343406745237345 2516 2510 0 956669 954780 0
79 1 0 783.89111208179452 2.831447271689953 2539 2539 0 962861 962861 0
80 1 0 6565.4244216023108 10.793723530936489 2577 2559 0 983473 975290 0
81 1 0 14246.109656859875 35.055708785046122 2627 2585 0 1003054 986890 0
82 1 0 19977.507531923693 51.949876999661626 2675 2617 0 1021952 999502 0
83 1 0 20301.519054690609 53.716599238339285 2704 2649 0 1031567 1012348 0
84 1 0 20643.497781318154 57.795993960651899 2740 2682 0 1047178 1025061 0
85 1 0 24631.355547332987 60.151208017394779 2781 2716 0 1063018 1036880 0
86 1 0 23958.080708573711 61.975566809512046 2808 2744 0 1072511 1049700 0
87 1 0 22860.578850147471 62.766087541910167 2842 2779 0 1086149 1061994 0
88 1 0 20707.019976031908 59.000551373527188 2867 2813 0 1092398 1074753 0
89 1 0 21241.881701620277 59.375306113251455 2905 2848 0 1108057 1087059 0
90 1 0 19986.990880736874 54.004026114525544 2934 2879 0 1118156 1100334 0
91 1 0 20897.871953520458 58.547167686337147 2976 2917 0 1135473 1112265 0
92 1 0 23036.749691477646 59.08310154206751 3009 2948 0 1146936 1124408 0
93 1 0 23204.348878283337 62.372326297823136 3047 2981 0 1159182 1136898 0
94 1 0 18221.318457182042 60.497225678713917 3073 3015 0 1166281 1149969 0
95 1 0 14928.445225270369 48.820852874374111 3098 3059 0 1176468 1161986 0
96 1 0 17052.473347841318 42.003477953039621 3136 3093 0 1192219 1174367 0
97 1 0 19744.486840117941 47.615692866944912 3173 3123 0 1210105 1186954 0
98 1 0 22830.964348685156 53.259952375820845 3215 3153 0 1225493 1199453 0
99 1 0 29446.28535909564 77.006899890566743 3266 3178 0 1243415 1212031 0
100 1 0 30878.390855570338 86.285868553172591 3305 3212 0 1257134 1224495 0
101 1 0 33709.154388489187 91.127613582016053 3342 3247 0 1274233 1237225 0
102 1 0 36080.322627124689 93.456144390068019 3376 3286 0 1285083 1250281 0
103 1 0 33847.673893289037 85.90036071204959 3397 3314 0 1293881 1262095 0
104 1 0 32009.21157495127 84.340118292385199 3438 3344 0 1311083 1274649 0
105 1 0 36212.556116272674 95.630076900350872 3476 3379 0 1324535 1286987 0
106 1 0 36318.814822394575 93.373102359633279 3503 3412 0 1334707 1299428 0
107 1 0 33309.666879115277 91.206997279729563 3538 3439 0 1345111 1312083 0
108 1 0 30960.982098497436 89.816772570802826 3571 3476 0 1355176 1324535 0
109 1 0 31521.920318213048 94.539860751461291 3602 3508 0 1370165 1337039 0
110 1 0 32767.389996423528 84.70253710881336 3636 3550 0 1384295 1349484 0
111 1 0 31111.344637659015 77.515103197507315 3661 3586 0 1389185 1361955 0
112 1 0 25957.154526241324 78.710992170888204 3692 3613 0 1400283 1374787 0
113 1 0 24837.713603445565 78.034787745126692 3718 3648 0 1413228 1386962 0
114 1 0 26146.534537208077 61.72222722404868 3753 3690 0 1427337 1399813 0
115 1 0 26045.134419977072 64.156109300675297 3784 3716 0 1437160 1412298 0
116 1 0 22592.642245966439 66.786615926662549 3809 3749 0 1444469 1424899 0
117 1 0 23882.841803124345 64.521927096424363 3849 3784 0 1463480 1437160 0
118 1 0 31914.540650485254 72.321279242346861 3896 3817 0 1483159 1450035 0
119 1 0 33380.267722784716 82.530153826098697 3932 3846 0 1494572 1461892 0
120 1 0 30535.609388064557 87.47534366562131 3959 3871 0 1502638 1474365 0
121 1 0 27016.67895743961 82.892206635316128 3987 3907 0 1513853 1486979 0
122 1 0 26733.553929776906 78.713232344858028 4023 3947 0 1526411 1499580 0
123 1 0 27009.047835840069 70.745102979349952 4050 3981 0 1537321 1512161 0
124 1 0 25182.943103996535 67.702591331476725 4081 4018 0 1548155 1524755 0
125 1 0 24346.102119878757 71.386546614219597 4126 4047 0 1563558 1536972 0
126 1 0 27586.064185740444 77.785002184967638 4158 4085 0 1575334 1549423 0
127 1 0 28259.902196556046 78.889452321339732 4204 4124 0 1591709 1562050 0
128 1 0 28393.729796700023 84.784819645290369 4245 4156 0 1603131 1574654 0
129 1 0 30459.567452173542 93.333141875415379 4280 4192 0 1615369 1586973 0
130 1 0 31726.930257570228 91.635166128455978 4320 4232 0 1630577 1599525 0
131 1 0 30004.861673822215 85.305207301481715 4353 4268 0 1641665 1611916 0
132 1 0 31517.045908576354 87.631237291999042 4390 4301 0 1656903 1625102 0
133 1 0 30013.966574138311 82.055207277600687 4422 4340 0 1667962 1637125 0
134 1 0 32342.21001595489 84.316234615301113 4458 4373 0 1684056 1649760 0
135 1 0 32615.796468124441 80.063193545614922 4481 4405 0 1692618 1661923 0
136 1 0 30484.142609416842 75.124924518695934 4518 4438 0 1706246 1674440 0
137 1 0 30115.635937742274 81.040658373039918 4543 4465 0 1713989 1687487 0
138 1 0 29042.355732196229 79.488459182899277 4580 4498 0 1731040 1699434 0
139 1 0 30390.538493070464 77.844214721418552 4611 4535 0 1742222 1712412 0
140 1 0 31022.93919083965 81.623770455586708 4648 4567 0 1755331 1724451 0
141 1 0 29117.059428852266 79.213101972728168 4676 4596 0 1766235 1737848 0
142 1 0 29596.411603380548 74.79724002902222 4701 4636 0 1776546 1749423 0
143 1 0 29916.682551396312 72.420607409840244 4754 4664 0 1799797 1762343 0
144 1 0 40836.501718401443 95.099121649042587 4794 4695 0 1817169 1774540 0
145 1 0 42029.240752187921 100.42402621948617 4825 4723 0 1829028 1787255 0
146 1 0 43125.796683160996 101.0878976097564 4855 4754 0 1843024 1799797 0
147 1 0 42038.176161705516 106.20820681212976 4884 4783 0 1851334 1812050 0
148 1 0 38411.949701982594 101.00452672434574 4917 4815 0 1864166 1824999 0
149 1 0 40157.693035055003 106.13644058757663 4949 4837 0 1876569 1836891 0
150 1 0 38930.870211129914 111.33011230331664 4983 4880 0 1886835 1849699 0
151 1 0 36748.287461152642 98.646247355867388 5008 4912 0 1899731 1861877 0
152 1 0 37362.18264829948 97.273919034311518 5035 4942 0 1908942 1874942 0
153 1 0 30818.005929964533 83.143182648376467 5056 4984 0 1915213 1887208 0
154 1 0 31138.163357325542 82.177759271397377 5100 5008 0 1934263 1899731 0
155 1 0 33366.568948960019 91.260286298210985 5138 5047 0 1948153 1911923 0
156 1 0 38740.017334739627 93.970511480649236 5170 5077 0 1962239 1924434 0
157 1 0 38199.490884328356 93.036019292615435 5203 5112 0 1976502 1937130 0
158 1 0 39672.727050380192 91.388432892379683 5238 5141 0 1990196 1949455 0
159 1 0 41982.401068070874 101.03787599829224 5277 5169 0 2005819 1961919 0
160 1 0 44344.459687540526 110.73671391364553 5308 5198 0 2017352 1975149 0
161 1 0 42700.476285199584 115.82299062330989 5347 5230 0 2031065 1987351 0
162 1 0 45486.680118940305 123.04939514184579 5383 5260 0 2043798 1999458 0
163 1 0 44543.054714446822 120.63245458227041 5412 5294 0 2056868 2011913 0
164 1 0 45013.886924850391 115.10601475723377 5444 5330 0 2069755 2024543 0
165 1 0 43581.163311848126 111.6513075746289 5480 5365 0 2083717 2037169 0
166 1 0 44979.136433948479 113.94380182431613 5508 5394 0 2093482 2049862 0
167 1 0 44181.31824918557 111.48676989880008 5534 5424 0 2107485 2062169 0
168 1 0 43467.585979256095 105.96962558700071 5554 5459 0 2114514 2074428 0
169 1 0 38192.323665717224 91.769617594021554 5579 5490 0 2123319 2087510 0
170 1 0 37460.30298077195 90.237291375777829 5613 5520 0 2137304 2099510 0
171 1 0 37164.082984332592 99.818955833505669 5649 5546 0 2148098 2111923 0
172 1 0 34307.120318390698 98.775738057716723 5680 5584 0 2160155 2124380 0
173 1 0 34483.645618090668 96.163950759169893 5706 5612 0 2172123 2137114 0
174 1 0 35477.911724029538 90.126928597277498 5735 5653 0 2182961 2149397 0
175 1 0 31807.781876312998 77.775728626187913 5767 5685 0 2195233 2162280 0
176 1 0 32725.919980471983 84.116815614032248 5792 5709 0 2205561 2174486 0
177 1 0 32641.006634288871 85.936485832509135 5835 5749 0 2222671 2187682 0
178 1 0 40013.121031189628 95.510370135963257 5875 5778 0 2240239 2199888 0
179 1 0 38710.85935293683 95.417694501434539 5903 5810 0 2249708 2211866 0
180 1 0 38609.500584967282 90.432970478300405 5933 5841 0 2263984 2225231 0
181 1 0 38938.702613928232 93.68723638901551 5957 5869 0 2274837 2236975 0
182 1 0 37119.082718607751 87.688670354684575 5984 5903 0 2284656 2249708 0
183 1 0 37369.781482471473 92.81428931160923 6030 5926 0 2302002 2262151 0
184 1 0 43037.374496055774 109.57577246131191 6069 5957 0 2317138 2274837 0
185 1 0 41523.34859568844 108.60964398367844 6097 5991 0 2327839 2287498 0
186 1 0 39898.826370032992 107.64414442194936 6133 6022 0 2340747 2299622 0
187 1 0 40793.065309611658 114.24214324228052 6171 6050 0 2353648 2312038 0
188 1 0 41680.663120348625 117.05966589116528 6202 6085 0 2364876 2324585 0
189 1 0 43754.641776094155 123.02188003853922 6254 6125 0 2385346 2337132 0
190 1 0 49205.007447432981 131.14675506241579 6292 6161 0 2399408 2349987 0
191 1 0 48103.86786634889 126.94766988913332 6320 6192 0 2409689 2362176 0
192 1 0 47948.403614805749 124.96640636246568 6355 6229 0 2423704 2374391 0
193 1 0 50049.46459763914 126.37407930207121 6394 6259 0 2439494 2387050 0
194 1 0 51094.655768858604 134.99561841103588 6429 6291 0 2449851 2399387 0
195 1 0 53014.156854392073 141.5067891684304 6466 6325 0 2465735 2412297 0
196 1 0 52880.296720928236 141.39981724137681 6504 6357 0 2477306 2425093 0
197 1 0 51506.783402935056 149.35142095747389 6533 6384 0 2488237 2436917 0
198 1 0 50603.767922310712 144.71739622878343 6566 6428 0 2500337 2449582 0
199 1 0 52582.574318501276 140.28539718834654 6599 6458 0 2516183 2462418 0
200 1 0 52871.425922103132 141.04080942412315 6635 6496 0 2528852 2474709 0
201 1 0 52316.067469417525 133.94802722411052 6664 6531 0 2539432 2487391 0
202 1 0 51357.534523926603 133.15875400830006 6695 6562 0 2550831 2499435 0
203 1 0 49001.526472049358 132.41930874108945 6726 6590 0 2559884 2512037 0
204 1 0 46453.076516194167 134.08541777641216 6756 6626 0 2569553 2524416 0
205 1 0 44332.508469304565 131.13257996948323 6788 6658 0 2580205 2536995 0
206 1 0 40801.449726046078 122.95734607233956 6817 6692 0 2589735 2549906 0
207 1 0 39108.673153633259 121.60463300396631 6852 6731 0 2600417 2561898 0
208 1 0 37588.7320798945 117.21370694257118 6881 6769 0 2610514 2574562 0
209 1 0 34194.888781400019 103.55694328061389 6907 6806 0 2621732 2587124 0
210 1 0 34201.390113608184 96.315780262276888 6944 6848 0 2632686 2599417 0
211 1 0 31479.439426648714 89.889906113828431 6975 6886 0 2643899 2612003 0
212 1 0 33464.687927529943 93.819583133120176 7014 6915 0 2660294 2624708 0
213 1 0 33848.223582653081 94.335561414100141 7044 6956 0 2669720 2637151 0
214 1 0 30340.36895562688 82.525828834217833 7073 6987 0 2678267 2649621 0
215 1 0 28046.78836694669 87.451165810028272 7104 7023 0 2689436 2661996 0
216 1 0 22751.703410290414 70.405621842613613 7118 7056 0 2693672 2674394 0
217 1 0 17364.969377341455 53.478127549674781 7151 7099 0 2704958 2686960 0
218 1 0 17095.432847679644 47.886324459254837 7179 7138 0 2716691 2699927 0
219 1 0 14406.693975961585 37.48941958293193 7205 7171 0 2725728 2712820 0
220 1 0 14843.200247700239 37.463453659461067 7246 7203 0 2742779 2724530 0
221 1 0 15525.791257432378 42.214634422182854 7274 7232 0 2752130 2737429 0
222 1 0 15080.097856227683 40.184756458673093 7307 7269 0 2763871 2749429 0
223 1 0 14890.402034130881 39.356258259005784 7332 7301 0 2773724 2761933 0
224 1 0 13109.650255098561 34.113626654644634 7369 7334 0 2789555 2774379 0
225 1 0 17514.802951520691 42.240666677857007 7418 7361 0 2811287 2786857 0
226 1 0 22974.376878057174 52.663046837477253 7446 7395 0 2822313 2799587 0
227 1 0 21600.379533824431 55.199829277665089 7475 7422 0 2832155 2811870 0
228 1 0 19852.555018716816 52.672553965907838 7501 7453 0 2843037 2824855 0
229 1 0 18948.512018331145 52.286124649055438 7542 7484 0 2857764 2836910 0
230 1 0 23914.152414652744 61.969395240784422 7585 7521 0 2874543 2849430 0
231 1 0 21693.04170172751 59.817500941009797 7611 7552 0 2881605 2861986 0
232 1 0 19661.574680551777 63.514060484798108 7654 7584 0 2897343 2874423 0
233 1 0 26024.228341167665 66.799472151968928 7692 7628 0 2914082 2887039 0
234 1 0 29332.703085335768 68.206127194404246 7740 7663 0 2933123 2899959 0
235 1 0 34118.582384052301 87.701083367882291 7781 7684 0 2946333 2911948 0
236 1 0 35179.53600981395 100.89485970437849 7826 7719 0 2960290 2924786 0
237 1 0 33075.895010927634 104.77974211981279 7854 7754 0 2969196 2937342 0
238 1 0 31649.607858139469 99.100595489693006 7882 7788 0 2977894 2949760 0
239 1 0 29909.827868616943 88.284017329802424 7909 7834 0 2990546 2962648 0
240 1 0 26505.137679562289 74.827316834470111 7940 7865 0 3000408 2974833 0
241 1 0 25806.699715418468 69.972127653308974 7974 7902 0 3012920 2987408 0
242 1 0 24449.011191643749 67.718178401669547 8004 7939 0 3024125 3000215 0
243 1 0 22127.208519496304 64.865733316051859 8033 7970 0 3032269 3012154 0
244 1 0 20125.595408854588 60.678349130104237 8068 8006 0 3045243 3024446 0
245 1 0 21291.522482216842 60.401013453910679 8108 8045 0 3059477 3037490 0
246 1 0 23286.643060054797 67.65444209994817 8151 8079 0 3073197 3049494 0
247 1 0 24084.359979785022 72.32604834903637 8193 8118 0 3088356 3062355 0
248 1 0 26468.634504553869 73.559932280105102 8225 8155 0 3099741 3074523 0
249 1 0 27045.420749031509 68.09100336433076 8255 8189 0 3117190 3087061 0
250 1 0 33354.467012721296 74.347209284623858 8292 8224 0 3131431 3099483 0
251 1 0 32639.654008675207 75.020346692282374 8329 8246 0 3144488 3111866 0
252 1 0 32279.97035318995 89.208367560096917 8362 8276 0 3154705 3124419 0
253 1 0 29785.349652127399 88.936063756335159 8395 8308 0 3165696 3137041 0
254 1 0 30589.109811283113 91.661529988329534 8429 8339 0 3179467 3149730 0
255 1 0 28422.425876010417 79.043350486058017 8459 8384 0 3192905 3161881 0
256 1 0 31151.239007201424 77.922845723432687 8493 8415 0 3204056 3174472 0
257 1 0 28859.827852733026 73.223624871672882 8515 8449 0 3213509 3187010 0
258 1 0 26507.984033372952 71.712868294336829 8549 8480 0 3225635 3199389 0
259 1 0 27084.363691995 68.345936762074928 8586 8511 0 3243245 3211973 0
260 1 0 37317.155429168291 85.297745079893161 8631 8544 0 3262982 3224468 0
261 1 0 41719.830000199938 92.257166317725932 8675 8574 0 3282064 3237281 0
262 1 0 44149.458829340161 101.15594435240996 8701 8602 0 3291787 3250018 0
263 1 0 41199.641535350282 100.38379809684847 8731 8630 0 3302718 3262371 0
264 1 0 42231.220447647487 107.10076419992771 8765 8655 0 3316925 3274383 0
265 1 0 41054.289930499268 109.06427266574406 8797 8687 0 3327929 3287399 0
266 1 0 42807.240713344196 112.25408320474025 8832 8723 0 3344092 3299743 0
267 1 0 45993.908156304911 118.272378314869 8878 8753 0 3361861 3312610 0
268 1 0 47715.680315675854 120.10192316170446 8909 8790 0 3371772 3325199 0
269 1 0 45978.122689014432 118.24312416763206 8935 8818 0 3383299 3337498 0
270 1 0 48795.069750132083 125.75720781996955 8977 8849 0 3398369 3349526 0
271 1 0 49044.908997980419 126.68356247727155 9012 8878 0 3414663 3361861 0
272 1 0 53636.817982055909 134.82527720118884 9050 8916 0 3427884 3374917 0
273 1 0 55024.067609766564 135.51686649025572 9080 8944 0 3440909 3387388 0
274 1 0 55496.365183196649 139.56983136733641 9118 8979 0 3455691 3399473 0
275 1 0 54506.574373133764 138.44039733383858 9150 9008 0 3467489 3412198 0
276 1 0 54976.21179640403 144.17906117595936 9182 9038 0 3478782 3424509 0
277 1 0 55330.016578094335 146.07906421169525 9215 9068 0 3491414 3436857 0
278 1 0 55991.943647586013 152.8744880964482 9259 9099 0 3506535 3449814 0
279 1 0 57006.590101086484 153.65197851174884 9283 9136 0 3517350 3462123 0
280 1 0 53747.804603564196 144.07108778575673 9311 9167 0 3527130 3474949 0
281 1 0 51788.838759465027 142.21281941141888 9345 9202 0 3539749 3486957 0
282 1 0 53109.067011876454 143.33156819907447 9381 9237 0 3552072 3500075 0
283 1 0 49546.900060727661 136.80696910803664 9404 9270 0 3558469 3512445 0
284 1 0 45002.177517626929 131.6222462400583 9429 9306 0 3567066 3524859 0
285 1 0 42998.01725173134 123.26721718352371 9462 9338 0 3580677 3537577 0
286 1 0 42452.032451519903 121.74216231083579 9491 9372 0 3590692 3549363 0
287 1 0 38630.489737889213 111.32895772284019 9523 9412 0 3601627 3562286 0
288 1 0 39690.637505961931 110.61021231251317 9567 9447 0 3616226 3575000 0
289 1 0 41445.011737179906 121.91988534706826 9599 9478 0 3626375 3586946 0
290 1 0 40136.172964545265 116.01240621720433 9633 9518 0 3642061 3599468 0
291 1 0 44064.097501440352 118.66765407379569 9668 9552 0 3654712 3612640 0
292 1 0 42412.861800945655 113.60958515200844 9709 9594 0 3669549 3624577 0
293 1 0 48371.028821096566 119.48097839835754 9749 9623 0 3687122 3637521 0
294 1 0 48346.621658016535 126.86650500859002 9774 9652 0 3696659 3650034 0
295 1 0 48664.238258426805 119.87969044746865 9804 9691 0 3709403 3662102 0
296 1 0 46314.606150536216 110.43641562234825 9829 9718 0 3720431 3674652 0
297 1 0 47956.524846555178 116.97879406597752 9871 9749 0 3735609 3687122 0
298 1 0 51458.388887573397 126.79599535365935 9913 9779 0 3752849 3699983 0
299 1 0 57923.979039993043 145.07274904853085 9965 9809 0 3774042 3712005 0
300 1 0 58607.764221422425 149.30277876567447 9991 9838 0 3783171 3724507 0
