0 2 0 0 0 0 0 0 0 0 0
1 2 0 304.5756390909998 1.1368072079999989 21 20 0 8671 7948 0
2 2 0 255.2240961490007 0.71215512600000186 42 41 0 15718 15423 0
3 2 0 356.43126662400078 0.82289086700000214 62 62 0 24098 24098 0
4 2 0 965.14672139999902 2.8869396329999959 96 94 0 36075 35232 0
5 2 0 1247.7876725560227 3.7300452470000618 128 126 0 48405 47776 0
6 2 0 1516.5587499701523 4.4652437480901108 164 158 0 62952 60310 0
7 2 0 5839.8855656655714 14.070472855840134 202 185 0 79009 72761 0
8 2 0 6701.2083555260933 15.809548976360158 234 217 0 92420 85448 0
9 2 0 6418.530149555866 14.154881740650147 259 243 0 103703 98368 0
10 2 0 2521.8168947263948 8.5763123928102782 286 284 0 112180 110657 0
11 2 0 726.93698809248872 2.2994300143000252 313 312 0 121956 121246 0
12 2 0 814.68389970430962 2.3735525842700227 339 339 0 131452 131452 0
13 2 0 574.07438506412177 1.4269770249199834 362 362 0 141784 141784 0
14 2 0 1097.0322460140435 3.0477624647599786 394 391 0 153809 153247 0
15 2 0 1503.4887465259922 4.7170310410000003 426 423 0 164638 163501 0
16 2 0 618.57914015799383 2.807444266039937 463 458 0 175408 174601 0
17 2 0 366.15601996636144 1.1901705371000268 495 495 0 184626 184626 0
18 2 0 1802.9682018090909 5.249658229639568 543 531 0 203640 197578 0
19 2 0 4854.9638920087828 11.597085898759424 568 558 0 213560 209796 0
20 2 0 1825.9935448801318 5.057513740639255 595 593 0 223888 222839 0
21 2 0 847.08331534397712 2.2914498369598952 618 618 0 232296 232296 0
22 2 0 677.65901588085558 2.201302131099915 653 648 0 245331 243637 0
23 2 0 958.13016284072785 3.4633310652398812 691 684 0 256151 254799 0
24 2 0 2989.9857800484756 8.6311741814997482 726 714 0 269184 267313 0
25 2 0 590.73030197291962 2.8349323243597411 754 754 0 278189 278189 0
26 2 0 395.10157381319851 1.2490039448000125 778 778 0 287713 287713 0
27 2 0 2002.7644493208652 5.8518380098197369 824 813 0 304001 299598 0
28 2 0 4555.2046896035299 12.141229152959724 862 843 0 319371 311986 0
29 2 0 7193.5829527317719 22.695510205279398 904 881 0 332123 324535 0
30 2 0 7374.5516650728432 21.368860817299364 940 917 0 344585 336964 0
31 2 0 9699.1231933771796 26.484186390718929 985 956 0 362240 350301 0
32 2 0 9658.6437894857117 28.751011538179128 1013 985 0 369641 362240 0
33 2 0 4224.8752492777858 15.841424389939235 1031 1031 0 374270 374270 0
34 2 0 219.02774214046818 0.7758530670399395 1056 1054 0 383436 383162 0
35 2 0 496.33391545755785 1.1527471519199963 1077 1074 0 391627 390955 0
36 2 0 2472.1006495113593 6.1722688544799666 1111 1104 0 405665 403354 0
37 2 0 3132.7533932327647 9.4012941895399464 1143 1139 0 417684 415894 0
38 2 0 1002.4644579236807 3.2712060312097577 1179 1174 0 429523 428328 0
39 2 0 1809.0806819309871 3.1088160797598334 1205 1198 0 441393 437973 0
40 2 0 6743.3365426180544 14.977960600959548 1237 1224 0 455493 450473 0
41 2 0 4337.4454409093023 13.905414111379045 1269 1258 0 466042 463005 0
42 2 0 3330.0043259698468 12.87314187306972 1310 1302 0 476736 475585 0
43 2 0 1182.5343384565524 3.6857479268799551 1346 1340 0 490112 487488 0
44 2 0 4573.5847701351677 11.009881050509641 1391 1374 0 509421 499726 0
45 2 0 9266.1842153056386 21.258024748110067 1426 1398 0 523531 512212 0
46 2 0 9791.8215382558446 23.875856063349673 1452 1429 0 534925 525010 0
47 2 0 8976.7971097957288 27.483048425499945 1485 1462 0 543902 537434 0
48 2 0 4990.1085437734737 15.322583581619838 1515 1500 0 555359 549805 0
49 2 0 8486.2973011714512 19.235535574610047 1551 1528 0 569546 562492 0
50 2 0 5148.7433327158797 17.287640254028666 1579 1565 0 581008 574801 0
51 2 0 5324.8192012432055 12.859877014688948 1615 1596 0 594648 587397 0
52 2 0 6101.1056844829109 17.326895625668605 1644 1629 0 606165 600083 0
53 2 0 9033.8531951841032 19.925878227018984 1681 1657 0 622033 612206 0
54 2 0 7203.8944675953107 25.592346683918947 1716 1695 0 632209 624955 0
55 2 0 6321.180585170172 16.979708070679393 1743 1727 0 642008 637392 0
56 2 0 3854.0928168165283 10.641539513518495 1770 1765 0 652949 650064 0
57 2 0 2075.5199735571537 6.1369715952986752 1802 1799 0 662812 662358 0
58 2 0 52.188250063302227 0.24016573459996238 1825 1824 0 669659 669236 0
59 2 0 1251.7846333088476 4.0703400322998462 1855 1855 0 680963 680963 0
60 2 0 710.20567087895392 2.1507604899998611 1881 1881 0 690488 690488 0
61 2 0 691.88940451663632 1.6021619575000301 1908 1903 0 703420 700552 0
62 2 0 3343.8857968209709 9.8221394236003974 1945 1934 0 715321 712520 0
63 2 0 1666.9270356414261 5.1630157881996794 1970 1970 0 723670 723670 0
64 2 0 174.4821783200091 0.53164753000002207 1994 1994 0 733349 733349 0
65 2 0 408.48867433291718 1.3394394499997588 2020 2020 0 742886 742886 0
66 2 0 576.14636942435232 1.8484827392004064 2055 2051 0 754536 752867 0
67 2 0 1442.7782996890044 3.8648824727997066 2094 2084 0 768441 764898 0
68 2 0 1219.1670903302534 3.7457410799993625 2117 2114 0 776115 775532 0
69 2 0 3885.6374416952585 9.9791656252025405 2166 2144 0 796479 787694 0
70 2 0 9420.1431171183576 29.545838875801053 2216 2180 0 813082 800084 0
71 2 0 14126.861460075299 35.572046942801123 2257 2215 0 828711 812842 0
72 2 0 16955.930513933079 46.081939031202765 2300 2249 0 844095 825028 0
73 2 0 20907.343437124287 56.441444807804302 2341 2282 0 861851 838177 0
74 2 0 20999.660130032837 49.054543581603014 2366 2316 0 871929 850200 0
75 2 0 19290.824814907886 45.116980033003244 2388 2344 0 882150 862738 0
76 2 0 21429.645147000283 48.656059446605511 2423 2375 0 896632 875031 0
77 2 0 19797.365956613725 49.559711196005594 2457 2401 0 909897 887921 0
78 2 0 23375.682167224651 58.552253535405754 2491 2435 0 924411 900458 0
79 2 0 23499.603301118244 55.851699550604863 2523 2468 0 935712 912797 0
80 2 0 21262.763120222815 59.533991119703714 2554 2492 0 945012 925015 0
81 2 0 23121.335397579453 65.134475394104385 2591 2527 0 961860 937720 0
82 2 0 22390.418490275624 55.989235666903525 2620 2564 0 971377 950983 0
83 2 0 23078.209708696824 61.098670718804428 2658 2594 0 988291 962880 0
84 2 0 24659.77164070859 63.109949512903427 2696 2630 0 1000319 975110 0
85 2 0 25336.689115547782 70.075649796202498 2726 2657 0 1010923 987524 0
86 2 0 22023.860327000042 67.195116191301267 2759 2694 0 1022134 1000024 0
87 2 0 22335.276137985245 61.82008689900016 2790 2733 0 1035537 1012509 0
88 2 0 21375.470097198584 54.267944639400369 2822 2765 0 1046624 1025038 0
89 2 0 23489.703265446289 65.933389739401647 2863 2793 0 1061624 1037577 0
90 2 0 24770.761961837092 70.412815308799949 2903 2831 0 1075655 1050326 0
91 2 0 30104.149709321522 76.280959654000114 2945 2864 0 1095648 1062624 0
92 2 0 34950.201495673209 78.450661931437068 2981 2902 0 1112140 1075257 0
93 2 0 37440.152780227902 85.086644221357844 3017 2927 0 1123691 1088077 0
94 2 0 34668.390849448879 94.049386696148588 3052 2955 0 1133776 1100309 0
95 2 0 33834.652354940212 97.330892910057187 3078 2983 0 1145254 1113157 0
96 2 0 33450.94780654621 93.239469505905092 3109 3023 0 1161076 1125325 0
97 2 0 37096.703559913964 83.170548980846064 3144 3063 0 1174200 1138187 0
98 2 0 36335.853348756224 87.132676040270951 3181 3088 0 1186940 1150241 0
99 2 0 37814.07310492907 103.5835458109517 3226 3111 0 1201135 1163076 0
100 2 0 39483.996914895921 116.63332314745861 3264 3146 0 1215705 1175037 0
101 2 0 41864.888824424801 118.74144202565853 3306 3184 0 1231943 1187913 0
102 2 0 43458.898333575213 121.01674947562668 3337 3220 0 1243771 1200027 0
103 2 0 45700.060468492695 120.6798019488588 3379 3259 0 1259791 1212597 0
104 2 0 45671.494765989686 122.38749669209041 3412 3287 0 1271439 1225015 0
105 2 0 46026.552851100641 129.16440045187011 3451 3326 0 1282807 1238339 0
106 2 0 43506.236036778049 126.26208729609259 3484 3356 0 1291670 1250060 0
107 2 0 40738.874900054754 128.2388587166711 3513 3389 0 1303454 1263207 0
108 2 0 38897.864981183935 120.59206794371021 3540 3427 0 1312143 1274997 0
109 2 0 33890.598924279693 104.03576890245859 3562 3464 0 1319626 1287620 0
110 2 0 30601.810912024157 88.044227031778831 3594 3505 0 1331789 1300026 0
111 2 0 31841.421415719651 87.970778476870052 3631 3544 0 1347803 1312650 0
112 2 0 34624.787422024194 88.625640886150961 3670 3576 0 1361199 1325170 0
113 2 0 35654.035469710099 96.503882309130859 3707 3607 0 1372968 1337868 0
114 2 0 35120.6203715499 98.846995580019041 3745 3641 0 1386630 1350825 0
115 2 0 36754.521772803499 101.9177798385079 3784 3674 0 1402982 1363236 0
116 2 0 39991.678660130143 105.85460440517652 3816 3713 0 1414716 1375835 0
117 2 0 36263.278378716474 96.652664501956679 3840 3748 0 1421575 1388303 0
118 2 0 30275.117505852093 91.441474427157615 3864 3775 0 1428248 1400234 0
119 2 0 30807.118182223039 92.866748676109907 3913 3812 0 1450321 1412744 0
120 2 0 37801.220653206634 100.73221188321601 3951 3852 0 1464288 1425383 0
121 2 0 41939.517602336186 98.699372201026279 3988 3887 0 1480965 1437624 0
122 2 0 43268.183332468048 109.8109799437875 4029 3911 0 1493770 1450026 0
123 2 0 45805.815919505723 118.49751343663299 4065 3948 0 1508702 1462657 0
124 2 0 47368.462801027839 126.61606979052813 4112 3973 0 1524798 1475560 0
125 2 0 50495.401292509552 138.41274445716309 4145 4010 0 1537177 1487544 0
126 2 0 47984.591005936323 130.9082830067845 4176 4045 0 1548851 1500420 0
127 2 0 48612.739791615924 132.58971966631512 4204 4077 0 1561428 1512681 0
128 2 0 49743.673273534383 124.73470859085633 4238 4113 0 1574906 1525563 0
129 2 0 49161.660328343714 124.96786313391928 4266 4147 0 1586163 1538189 0
130 2 0 47808.777851681749 119.79531017000502 4306 4179 0 1599427 1550003 0
131 2 0 49200.209318071924 125.82947000876513 4334 4208 0 1611772 1563272 0
132 2 0 48601.99221153721 129.70715196018821 4368 4239 0 1622550 1575906 0
133 2 0 48798.40416732835 132.31187221287831 4399 4273 0 1634795 1587670 0
134 2 0 48423.897499941711 131.28302144092379 4442 4308 0 1649402 1600177 0
135 2 0 47549.809536473847 134.67919623993927 4471 4337 0 1660084 1612648 0
136 2 0 49026.871901386796 135.09977355759287 4505 4373 0 1671280 1625248 0
137 2 0 43272.578972757154 124.80761911738105 4526 4406 0 1680242 1637540 0
138 2 0 38833.837524965515 114.84026342168664 4557 4443 0 1689065 1650030 0
139 2 0 37373.36177540636 109.3999279453638 4582 4474 0 1698843 1662621 0
140 2 0 34481.248533456594 102.80958266096837 4607 4516 0 1707521 1675565 0
141 2 0 34590.9205676602 93.990086729942419 4643 4554 0 1721319 1687682 0
142 2 0 34463.815543730598 93.081786461184009 4681 4588 0 1733744 1700142 0
143 2 0 33888.288251965947 95.602431734390962 4712 4618 0 1746210 1713471 0
144 2 0 31939.417963461841 87.041269486661491 4734 4653 0 1756857 1725162 0
145 2 0 30907.361230004903 77.931623687585642 4762 4690 0 1765147 1737510 0
146 2 0 31189.175738622042 75.276869250866042 4794 4720 0 1779911 1750037 0
147 2 0 33213.745953418846 81.790373197051309 4835 4750 0 1799311 1763137 0
148 2 0 36649.029003748983 82.644710761511078 4864 4782 0 1810329 1775083 0
149 2 0 35567.104012176838 86.275205674031923 4899 4810 0 1823007 1787717 0
150 2 0 35049.608279501968 89.930345899111813 4933 4837 0 1836437 1800404 0
151 2 0 36215.937020008649 96.444267265797805 4966 4869 0 1850696 1812489 0
152 2 0 36698.454191613273 94.678594225401469 5004 4906 0 1863383 1825649 0
153 2 0 36330.729214198182 96.683542234251576 5035 4936 0 1874811 1838065 0
154 2 0 37616.190572978478 97.329173325490785 5058 4966 0 1885938 1850696 0
155 2 0 35593.39578857844 90.169525506376857 5095 5002 0 1899643 1862556 0
156 2 0 36481.559561581751 95.329614862333557 5130 5036 0 1911443 1875579 0
157 2 0 38296.325907605191 102.99634749603112 5170 5063 0 1925930 1888294 0
158 2 0 36247.083722498595 104.16523615281437 5199 5098 0 1934910 1900738 0
159 2 0 33026.673238550691 96.265162737036036 5229 5132 0 1946091 1912501 0
160 2 0 31711.89108270115 94.187490235397263 5262 5164 0 1956548 1925336 0
161 2 0 30060.502682694332 89.366569575352031 5292 5209 0 1967525 1938110 0
162 2 0 29181.21775840026 83.300165212199346 5325 5242 0 1980356 1950258 0
163 2 0 26349.155767362961 71.920758282168151 5346 5282 0 1986956 1962831 0
164 2 0 22854.354913278439 61.988268386121291 5370 5315 0 1996844 1975611 0
165 2 0 18371.023552034356 50.133847453401529 5393 5348 0 2004135 1987506 0
166 2 0 18192.771384045456 48.965320041822764 5432 5382 0 2018482 2000871 0
167 2 0 18591.794137623889 49.052396244899285 5463 5412 0 2031081 2012628 0
168 2 0 18779.826196739818 44.347710878246033 5490 5446 0 2044498 2025478 0
169 2 0 18872.996072060381 46.487156687836489 5525 5474 0 2055670 2037689 0
170 2 0 17701.586393624009 53.694710244842014 5560 5507 0 2067786 2050220 0
171 2 0 16162.415793174354 48.565436684847725 5588 5543 0 2077262 2062634 0
172 2 0 21049.059435821444 46.734829641255942 5631 5583 0 2100989 2075429 0
173 2 0 24524.24798355404 48.580471690533813 5663 5606 0 2115218 2087576 0
174 2 0 24631.882948774735 54.93125904583809 5688 5630 0 2124334 2100884 0
175 2 0 25414.244464985222 64.892511503050002 5736 5659 0 2141177 2113044 0
176 2 0 29778.703020080393 80.875961777756913 5772 5692 0 2154180 2125147 0
177 2 0 26953.151646899376 76.783030052562708 5793 5728 0 2160783 2137843 0
178 2 0 23739.890448310281 71.838716697754137 5832 5759 0 2174738 2150476 0
179 2 0 24032.402912312871 70.962211994772474 5862 5800 0 2184986 2163109 0
180 2 0 23238.348935135346 64.177956998955665 5899 5833 0 2200843 2175248 0
181 2 0 25159.887284220727 63.282215628662073 5930 5870 0 2211964 2187699 0
182 2 0 24870.594229991741 64.043208684862719 5969 5898 0 2227557 2200491 0
183 2 0 25768.806296187377 69.586279485716233 5996 5931 0 2235869 2212710 0
184 2 0 23725.138172885083 62.942664888492857 6029 5963 0 2252017 2225070 0
185 2 0 26302.844404407737 66.336199277003971 6067 6000 0 2263307 2237655 0
186 2 0 26519.204255989112 69.398410228002746 6099 6026 0 2275577 2250037 0
187 2 0 23131.150237591261 70.773243108934224 6126 6065 0 2282807 2262789 0
188 2 0 19564.764483975126 61.193147077347248 6152 6098 0 2292444 2275097 0
189 2 0 19940.769519063215 54.256738547279866 6192 6140 0 2308818 2287624 0
190 2 0 22801.17110365038 58.699753639297654 6230 6170 0 2322174 2300051 0
191 2 0 24233.471231285948 65.192771280182995 6264 6201 0 2336146 2312585 0
192 2 0 22475.166403482996 61.483700522739184 6301 6240 0 2348260 2325256 0
193 2 0 19782.422891855385 62.403523939975258 6330 6269 0 2356298 2337979 0
194 2 0 20523.777849195878 62.098519983722497 6368 6311 0 2370677 2350598 0
195 2 0 19031.251672296694 52.533688339868576 6398 6345 0 2381498 2362834 0
196 2 0 16601.021067911628 48.601368147252686 6429 6380 0 2393557 2375228 0
197 2 0 16631.054590208012 42.585412397617858 6457 6416 0 2403164 2387792 0
198 2 0 14656.420395803983 42.471326931029949 6489 6450 0 2415619 2400182 0
199 2 0 16260.279049725747 43.039274049586197 6523 6483 0 2427269 2412624 0
200 2 0 15112.392965528959 41.360162975451487 6554 6517 0 2439157 2425006 0
201 2 0 13292.834838027778 37.137640444161917 6587 6547 0 2451053 2437524 0
202 2 0 12647.416154471117 33.690489167285364 6619 6585 0 2465132 2450039 0
203 2 0 13307.22766568851 32.999287999864777 6645 6613 0 2475051 2462810 0
204 2 0 9839.0039036396065 27.859031822777581 6670 6645 0 2483622 2475051 0
205 2 0 7609.3737899493681 18.891114437775371 6695 6677 0 2493907 2487874 0
206 2 0 5812.8230139003354 13.503904420568404 6723 6707 0 2504653 2500473 0
207 2 0 1406.0060546602647 6.6288670548786399 6750 6750 0 2511008 2511008 0
208 2 0 227.90268163105665 0.70408792200007042 6772 6772 0 2520546 2520546 0
209 2 0 768.68552266111442 2.5566528055964 6807 6798 0 2531933 2529727 0
210 2 0 814.78745005728206 3.2088054754053701 6839 6839 0 2540795 2540795 0
211 2 0 1429.1558315790144 3.971062302499206 6870 6867 0 2552840 2552223 0
212 2 0 962.99686838319053 3.1750753972977748 6909 6898 0 2566262 2562212 0
213 2 0 5034.8690181670772 12.688530992400189 6942 6928 0 2580243 2574916 0
214 2 0 7378.8016155649038 20.155057206200269 6986 6963 0 2596063 2587517 0
215 2 0 7352.5675157186861 25.626911221300986 7021 6997 0 2604768 2600035 0
216 2 0 2529.1638483985771 10.584594439911314 7049 7047 0 2613456 2612587 0
217 2 0 2007.2350519491047 5.7447474029000034 7081 7080 0 2625096 2624606 0
218 2 0 1913.0406353432925 4.9637018058954538 7119 7107 0 2639496 2635618 0
219 2 0 2626.3145023595416 8.060419818106709 7149 7142 0 2650118 2647935 0
220 2 0 1425.8998393639827 4.3785122749221728 7192 7183 0 2663970 2660425 0
221 2 0 1392.4431905812539 4.201308586723826 7214 7213 0 2671569 2671552 0
222 2 0 162.79400147390908 0.74658950334091401 7241 7241 0 2680032 2680032 0
223 2 0 421.11379961159759 1.2025928246602291 7267 7266 0 2690459 2690369 0
224 2 0 406.13774014521226 1.0425529886381639 7290 7285 0 2701252 2698892 0
225 2 0 3148.4872410816679 7.811117352154298 7328 7312 0 2716554 2712136 0
226 2 0 4772.679127108946 15.146932708960918 7364 7352 0 2728725 2724298 0
227 2 0 3844.5181402232711 11.003558757673233 7393 7384 0 2738786 2736337 0
228 2 0 3379.0196056597033 9.9263057670483761 7429 7420 0 2750888 2749240 0
229 2 0 875.97263724715549 4.3089009509355947 7469 7469 0 2760265 2760265 0
230 2 0 1321.1974724012719 3.699947658446149 7505 7498 0 2775360 2772426 0
231 2 0 1056.4342080966103 3.4516199035536772 7530 7530 0 2783310 2783310 0
232 2 0 494.06542490392729 1.8699736309997945 7566 7566 0 2793982 2793982 0
233 2 0 1069.3188476930181 2.3993454826989193 7596 7594 0 2805455 2804548 0
234 2 0 884.66655832266508 2.1054210857481053 7628 7621 0 2816849 2814181 0
235 2 0 2841.5601844603116 7.726994473151592 7659 7653 0 2828432 2827006 0
236 2 0 1358.8844791931879 4.6515797344062833 7690 7690 0 2838509 2838509 0
237 2 0 2425.3520335363228 6.2322643732984773 7729 7719 0 2853218 2850934 0
238 2 0 1307.3684848362473 4.9046390677542604 7758 7757 0 2863565 2863504 0
239 2 0 338.21224880508953 1.0754864187287865 7784 7780 0 2873528 2872145 0
240 2 0 772.72151656792471 2.2704994253020061 7808 7808 0 2881658 2881658 0
241 2 0 400.62463669698644 1.2730242782187418 7841 7837 0 2892556 2891169 0
242 2 0 215.1056750094954 0.7376106082111562 7867 7866 0 2899556 2899469 0
243 2 0 802.82476552786579 2.8531784720293558 7905 7903 0 2911820 2911249 0
244 2 0 1092.4228860797032 3.0668116850699221 7933 7930 0 2922385 2921482 0
245 2 0 1118.2646217240667 3.3644497009478869 7971 7957 0 2935284 2930774 0
246 2 0 4145.7529792669729 13.341220115552716 8001 7994 0 2946071 2942982 0
247 2 0 1018.7152621999538 2.6589240165523336 8022 8022 0 2953298 2953298 0
248 2 0 4110.4335264777692 9.0927638968483677 8060 8047 0 2970355 2964774 0
249 2 0 2802.9361391017542 8.4261356371111162 8087 8080 0 2981428 2977081 0
250 2 0 1236.7492077690035 3.1667065965592087 8108 8106 0 2988257 2987829 0
251 2 0 1757.0358345552349 3.5797922482497597 8140 8133 0 3003336 2999244 0
252 2 0 6299.7910250425539 15.84717698360015 8186 8159 0 3021746 3011745 0
253 2 0 12368.613835051998 32.9746153380012 8236 8193 0 3041932 3024827 0
254 2 0 19789.671138774625 45.717408521155335 8274 8226 0 3057790 3037603 0
255 2 0 22774.500589807631 53.960054143004385 8311 8253 0 3073832 3049667 0
256 2 0 22049.48809618393 59.436520053009701 8338 8284 0 3081113 3061841 0
257 2 0 19337.97668934684 55.624622727313863 8372 8316 0 3094593 3074449 0
258 2 0 23881.852600763192 56.406218824064069 8412 8349 0 3113123 3087600 0
259 2 0 26211.967861461661 62.670373797114792 8438 8381 0 3123033 3100054 0
260 2 0 22773.436540606985 59.50143375236928 8473 8407 0 3135253 3111840 0
261 2 0 24609.25972260287 64.564907058120582 8497 8441 0 3146425 3124657 0
262 2 0 20531.513480901449 53.041823006092613 8531 8477 0 3157224 3137270 0
263 2 0 18023.97598990376 55.207830348396499 8560 8506 0 3166428 3149326 0
264 2 0 16002.332836866897 48.455687454000554 8593 8547 0 3178687 3161929 0
265 2 0 17888.295575113501 48.546452900184647 8629 8583 0 3190980 3174846 0
266 2 0 17212.777776452902 50.74830462967725 8667 8615 0 3204570 3186772 0
267 2 0 17708.54615594483 49.441648326327822 8703 8650 0 3218951 3199199 0
268 2 0 21500.781483059654 54.122855360418157 8742 8688 0 3233546 3212071 0
269 2 0 21145.720667027326 57.107225830115681 8775 8716 0 3246768 3224422 0
270 2 0 22127.138265164485 54.726491801020984 8802 8752 0 3260031 3237172 0
271 2 0 23497.532787160431 53.671203284906653 8842 8781 0 3273291 3249378 0
272 2 0 28912.587937938464 72.165306268104473 8886 8806 0 3293290 3261680 0
273 2 0 32614.558278534649 79.851022769157737 8919 8845 0 3307488 3274210 0
274 2 0 35347.264068094308 82.885585169807996 8953 8870 0 3321906 3286951 0
275 2 0 33078.778610395289 80.710637316558348 8981 8902 0 3332779 3299392 0
276 2 0 32553.997393767582 77.127416106415239 9005 8929 0 3344921 3312078 0
277 2 0 34053.492333958842 80.808827054889775 9050 8961 0 3362209 3324756 0
278 2 0 36335.539395780572 89.897029260256772 9081 8988 0 3372774 3336958 0
279 2 0 35732.443437682028 96.827944729797707 9117 9019 0 3386011 3349485 0
280 2 0 36430.707598924113 97.642723976955267 9150 9048 0 3398177 3361978 0
281 2 0 38889.288089407084 100.13132817170276 9186 9085 0 3413695 3374383 0
282 2 0 38192.46355879568 98.378803264594637 9226 9120 0 3427063 3386788 0
283 2 0 38290.90688301035 103.16643371005193 9259 9151 0 3439622 3399177 0
284 2 0 38068.270840257552 109.90516555355356 9293 9181 0 3451008 3411694 0
285 2 0 39507.170926551458 109.98679208305606 9323 9217 0 3464801 3424262 0
286 2 0 40775.600856079014 105.30027959940264 9355 9252 0 3476863 3436676 0
287 2 0 40917.539155955397 103.06213409607773 9392 9288 0 3490461 3449423 0
288 2 0 44368.987329297983 111.56729321358551 9433 9317 0 3506113 3461847 0
289 2 0 43768.443417849718 116.62535488757203 9466 9348 0 3517600 3474221 0
290 2 0 42908.133253972184 117.00695079760584 9500 9384 0 3530082 3487114 0
291 2 0 41856.17484580064 120.17480495769649 9535 9412 0 3540393 3499237 0
292 2 0 40821.174623675637 120.87821188333965 9570 9447 0 3553304 3511723 0
293 2 0 39729.641711075768 116.82305646408048 9601 9484 0 3564656 3524230 0
294 2 0 40419.676217037188 117.01469127400759 9638 9525 0 3579004 3536944 0
295 2 0 38753.465073825944 108.56299040494508 9663 9560 0 3584966 3549572 0
296 2 0 34146.489616613944 101.32777367496038 9691 9594 0 3593618 3562017 0
297 2 0 30403.628730283737 94.986050555548047 9724 9629 0 3604595 3574365 0
298 2 0 29456.604828075539 89.91636036949825 9747 9667 0 3614259 3586928 0
299 2 0 27779.441828997329 75.85295201279115 9784 9710 0 3626411 3599752 0
300 2 0 28637.98145941901 75.952149264104492 9812 9741 0 3637522 3612038 0
