0 3 0 0 0 0 0 0 0 0 0
1 3 0 527.91174997300004 1.787407451 30 26 0 9098 8206 0
2 3 0 1721.4452871720061 5.2448878030000161 68 60 0 23698 20295 0
3 3 0 2166.7493004030025 6.7381841820000057 103 95 0 34596 33227 0
4 3 0 911.04345933899879 2.9552921799999994 132 131 0 44980 44919 0
5 3 0 2037.5633784081961 5.1399715301999933 164 154 0 56379 53745 0
6 3 0 952.16382855979634 3.6502265033999928 190 188 0 66365 65487 0
7 3 0 1187.8650935188098 3.2052857292000247 219 212 0 77481 74445 0
8 3 0 3718.1880087658742 11.60576453340023 264 252 0 91022 87333 0
9 3 0 2133.8854104478778 7.719673926000242 299 291 0 102393 100205 0
10 3 0 1624.2638075891032 4.9744630786003103 326 326 0 111863 111863 0
11 3 0 2898.0516842356992 7.1457842271000036 378 356 0 133409 124265 0
12 3 0 8845.9333191729893 20.310205647999968 404 386 0 144394 136676 0
13 3 0 7128.3446705621864 20.014720557299711 446 419 0 161483 149403 0
14 3 0 13146.434523992082 30.543763659999698 475 447 0 172450 161813 0
15 3 0 10806.392104905888 31.270650328799714 509 479 0 184239 174461 0
16 3 0 9275.8500679614262 30.06624066509977 541 516 0 193768 186564 0
17 3 0 7963.2340571843861 27.255326827499953 583 554 0 207376 199084 0
18 3 0 6649.9091802857438 20.114820585699803 613 595 0 216974 211652 0
19 3 0 4111.5555466728338 14.058721252330127 651 634 0 230161 224406 0
20 3 0 8496.5765165263529 20.449650520209833 694 668 0 248521 237302 0
21 3 0 12227.40379643758 29.837922281689796 731 696 0 263815 249537 0
22 3 0 14820.272691300566 39.88026621938954 768 727 0 278102 262503 0
23 3 0 14587.556065309218 39.516531361739084 800 758 0 290560 274084 0
24 3 0 17591.462812674483 43.460427900228673 839 792 0 305544 286951 0
25 3 0 16866.068056942455 49.429719192828173 868 825 0 313600 299796 0
26 3 0 13055.253971169563 39.193509627437521 890 861 0 321701 311738 0
27 3 0 7430.3839041363262 21.758507164237447 917 897 0 331066 324153 0
28 3 0 5315.3135550358438 15.910537989436889 949 935 0 342464 336716 0
29 3 0 6657.6397220427816 16.124078163778016 988 964 0 357953 349339 0
30 3 0 8840.1875751967091 22.912415364617278 1019 996 0 370858 361855 0
31 3 0 10635.565781135121 27.888879774257315 1057 1026 0 386747 374268 0
32 3 0 10824.373908853933 27.029076652536926 1089 1057 0 397990 386747 0
33 3 0 9330.283982498182 30.262410329035156 1121 1095 0 411538 399081 0
34 3 0 9601.3929265355309 20.110050340646545 1146 1122 0 420788 412082 0
35 3 0 8691.4035751387491 21.608959000705426 1179 1156 0 434705 424356 0
36 3 0 10326.701176557421 28.289980838544786 1224 1188 0 452696 437466 0
37 3 0 16726.977407208564 40.604108262954277 1262 1217 0 466570 449926 0
38 3 0 17955.217372450032 46.711155976063516 1293 1248 0 479303 461688 0
39 3 0 18575.797064915787 45.463667790573091 1327 1282 0 493447 474165 0
40 3 0 19931.953830611259 46.384619181564616 1358 1311 0 507337 487247 0
41 3 0 19608.072903061933 48.590434875865455 1389 1339 0 517192 499092 0
42 3 0 20123.958103826364 52.571006988645003 1424 1370 0 534257 511601 0
43 3 0 21587.633609933167 50.323928760645039 1449 1402 0 543486 524417 0
44 3 0 19552.404410777399 51.209652637495267 1489 1429 0 557420 536602 0
45 3 0 20111.334448802489 56.312819008702995 1522 1464 0 570738 549224 0
46 3 0 23512.937094942605 55.302239386572829 1556 1498 0 588116 561575 0
47 3 0 23424.449951023984 52.795215088333357 1578 1528 0 594228 574428 0
48 3 0 18080.194588880731 50.821424845743621 1603 1553 0 602862 586599 0
49 3 0 15668.450939764918 49.91651260793995 1638 1593 0 613457 599086 0
50 3 0 12206.12814126364 42.018591766500066 1664 1635 0 621088 611960 0
51 3 0 10253.242187522361 25.333928675890455 1694 1672 0 636936 625046 0
52 3 0 11662.891898185546 27.5589419235937 1726 1694 0 647893 636936 0
53 3 0 11207.728791908208 30.580603220591136 1764 1728 0 661590 649127 0
54 3 0 13652.727357892296 34.885853800590297 1798 1764 0 676847 661590 0
55 3 0 14695.66657397953 35.795595803491047 1833 1794 0 691920 674563 0
56 3 0 18786.381734228937 43.064115934690989 1870 1824 0 706842 687198 0
57 3 0 20359.617967624625 50.531082727392089 1906 1848 0 720875 699088 0
58 3 0 22760.166857425618 60.830020331189367 1951 1882 0 737208 711580 0
59 3 0 24718.994901555539 69.528041851490272 1983 1917 0 749014 724755 0
60 3 0 23274.071145266942 66.286880324341354 2009 1949 0 756721 736936 0
61 3 0 16207.209646926205 50.019901076111282 2031 1984 0 762201 749298 0
62 3 0 17369.527404686538 48.59863271440878 2083 2027 0 785480 761692 0
63 3 0 22548.335159289192 51.313543455782799 2112 2054 0 799172 774082 0
64 3 0 24335.015842360026 58.413727248031755 2146 2085 0 812417 786664 0
65 3 0 22036.091776610079 58.787972616623421 2169 2112 0 817498 799172 0
66 3 0 15626.56106333187 48.72132363829158 2189 2145 0 825254 812363 0
67 3 0 11643.594798806873 38.999559822259641 2226 2185 0 836804 824448 0
68 3 0 11209.033130137759 29.756645754440981 2251 2226 0 847972 836804 0
69 3 0 8617.7715884806457 23.650334451314166 2273 2253 0 853528 849478 0
70 3 0 3206.7198361807368 11.318078859171962 2311 2299 0 866876 861582 0
71 3 0 5283.3203818396796 18.505836212793426 2351 2337 0 877501 874110 0
72 3 0 3441.4049462197063 10.535467775683543 2390 2378 0 891173 886576 0
73 3 0 7340.0142727952998 17.573967114174835 2428 2406 0 906268 899181 0
74 3 0 4731.3658193694018 16.336423395833606 2452 2446 0 914128 911805 0
75 3 0 2716.3477714484325 7.3111700894031486 2483 2477 0 925710 924370 0
76 3 0 1317.7599744891966 3.3442654055466789 2519 2510 0 941956 936692 0
77 3 0 4634.2549238528036 12.121095928819045 2547 2536 0 951689 948903 0
78 3 0 1020.0511241046062 3.7578398784897757 2572 2572 0 960210 960210 0
79 3 0 837.51203178544142 2.7741775495497762 2608 2603 0 972780 971219 0
80 3 0 2357.1082329641126 5.6715446598891788 2640 2636 0 986176 984361 0
81 3 0 6412.1796576292882 12.858862937877987 2671 2659 0 1001710 996005 0
82 3 0 8722.0031587719714 22.300794475487749 2716 2685 0 1018530 1008878 0
83 3 0 10676.261822299473 33.120373616450834 2749 2723 0 1030378 1021094 0
84 3 0 10296.442833528996 25.022524674090036 2784 2759 0 1045587 1033667 0
85 3 0 8104.9787859772305 23.348704437530174 2808 2788 0 1051885 1046033 0
86 3 0 10395.047892127626 26.373638040859078 2856 2822 0 1072621 1058774 0
87 3 0 13440.314112522399 31.424113889619875 2882 2850 0 1085639 1071410 0
88 3 0 14565.199064255352 28.263341993099786 2918 2880 0 1104669 1084178 0
89 3 0 20077.513351411799 44.81463733438045 2954 2902 0 1114541 1096039 0
90 3 0 17492.007975524906 56.472750206270248 2985 2930 0 1125848 1108901 0
91 3 0 17608.830799650459 51.359055591029062 3030 2972 0 1143039 1121025 0
92 3 0 20972.723872507897 51.145477126360603 3055 3011 0 1153182 1134283 0
93 3 0 16803.256848078727 43.863985876890382 3082 3037 0 1162055 1146826 0
94 3 0 16517.796024382547 46.016514749130863 3114 3074 0 1174071 1159025 0
95 3 0 13176.412597516663 42.194109108680919 3146 3106 0 1182194 1171016 0
96 3 0 12359.296281162431 37.673885820062125 3182 3150 0 1197339 1183787 0
97 3 0 11901.57124141639 28.997581846060044 3203 3179 0 1205486 1196429 0
98 3 0 7009.6508545303932 17.15647491028912 3233 3210 0 1219131 1208536 0
99 3 0 11641.0530180765 31.690063676769071 3275 3243 0 1233034 1221411 0
100 3 0 11546.028628832606 30.281722761860038 3305 3277 0 1246276 1233894 0
101 3 0 14222.190682405884 35.450065852469208 3344 3305 0 1262571 1246276 0
102 3 0 15512.197962911447 37.242522657799725 3372 3337 0 1273695 1259101 0
103 3 0 12296.589040327961 31.811601013210179 3396 3368 0 1281165 1271184 0
104 3 0 12181.256636240731 33.506080384630351 3438 3401 0 1297401 1283548 0
105 3 0 15633.91377674125 40.47653326996037 3477 3432 0 1314519 1296045 0
106 3 0 16489.695186384026 39.806457108361855 3504 3467 0 1323831 1308741 0
107 3 0 15288.689737760413 41.068317831722112 3540 3493 0 1337961 1321243 0
108 3 0 18499.299414221958 45.789987755533772 3580 3530 0 1353132 1333654 0
109 3 0 19659.315776392941 55.288987544242104 3617 3557 0 1366944 1346246 0
110 3 0 18358.5693637365 54.273198134052535 3649 3598 0 1376876 1358861 0
111 3 0 20819.177267328116 57.624728938424283 3687 3630 0 1393271 1371112 0
112 3 0 18709.154750028963 47.282254258923217 3709 3664 0 1400722 1383520 0
113 3 0 16825.065934533272 45.083386383233517 3741 3697 0 1413142 1396243 0
114 3 0 18920.652095461406 47.765294561082499 3781 3729 0 1430636 1408643 0
115 3 0 21244.512795463466 48.75232764426157 3807 3761 0 1442300 1421451 0
116 3 0 21897.857216286982 49.819517372191399 3842 3787 0 1456168 1433802 0
117 3 0 23178.538766145884 55.2642397767912 3868 3816 0 1468252 1446416 0
118 3 0 21656.91539268312 50.950598745230749 3899 3846 0 1480787 1458650 0
119 3 0 23733.202768943986 56.584132572660977 3931 3876 0 1494261 1471605 0
120 3 0 22625.687636095208 53.037865249571638 3957 3907 0 1506710 1483872 0
121 3 0 24162.364279217094 56.481052076842417 3998 3936 0 1521578 1496408 0
122 3 0 24691.5307869424 64.987371098961475 4032 3962 0 1535545 1509184 0
123 3 0 24960.183473432371 66.835962530672077 4059 3996 0 1545143 1521085 0
124 3 0 23975.489782692795 60.777039547041426 4091 4028 0 1560110 1533508 0
125 3 0 24106.27246249111 54.421612495681117 4108 4061 0 1567806 1546133 0
126 3 0 20419.77238974295 44.579594391640313 4132 4089 0 1577112 1558833 0
127 3 0 19971.549486737575 47.107167717278912 4164 4117 0 1591178 1571257 0
128 3 0 21269.658254051847 50.637603870720199 4198 4147 0 1604912 1583965 0
129 3 0 22045.03613515028 56.164246477811105 4231 4175 0 1617341 1596669 0
130 3 0 19504.919189018674 53.744366682330252 4262 4205 0 1627763 1608584 0
131 3 0 19790.647821929073 54.790847349690864 4294 4242 0 1640620 1621389 0
132 3 0 19850.888688050643 52.683898681480997 4331 4275 0 1655444 1633732 0
133 3 0 22222.697148360192 55.432009342681141 4366 4310 0 1669637 1646674 0
134 3 0 22502.656396475282 55.324679672851005 4393 4338 0 1679340 1658653 0
135 3 0 19747.111138481912 52.015919024102402 4420 4371 0 1689916 1671183 0
136 3 0 19859.359040671068 51.990220198780236 4452 4401 0 1703389 1684027 0
137 3 0 23471.503856227249 58.450517008887033 4497 4437 0 1719856 1696972 0
138 3 0 26533.033932562183 70.96139722697373 4544 4462 0 1740873 1709019 0
139 3 0 30898.271216255165 78.707471362918454 4584 4500 0 1754715 1721390 0
140 3 0 32497.600376149359 84.399769394668823 4614 4533 0 1763723 1734283 0
141 3 0 30173.804874847021 91.746174184245945 4650 4562 0 1774851 1746227 0
142 3 0 28961.459245588088 86.637097212000668 4679 4593 0 1786994 1758680 0
143 3 0 28036.607237857133 81.012611160404248 4712 4640 0 1797919 1771020 0
144 3 0 28030.569097402567 76.335567634277595 4744 4670 0 1810818 1783554 0
145 3 0 27891.597503498524 72.823463552148809 4782 4707 0 1827595 1796121 0
146 3 0 34799.862255398351 80.960308043985577 4821 4739 0 1843527 1809005 0
147 3 0 35747.357264416089 85.062067680297389 4861 4769 0 1859504 1821550 0
148 3 0 36534.32097808153 94.347158523971672 4889 4794 0 1868588 1833545 0
149 3 0 33161.216992613932 89.020504861345046 4912 4828 0 1876534 1846186 0
150 3 0 29447.275262215175 80.152829979032418 4939 4859 0 1888303 1858540 0
151 3 0 33226.650127279856 83.762493752686737 4977 4893 0 1903791 1871271 0
152 3 0 34135.261099463147 84.400370162306558 5012 4928 0 1917302 1883538 0
153 3 0 34653.700441465837 85.949805853092073 5047 4954 0 1932879 1896106 0
154 3 0 35365.618890682097 92.906517409188581 5083 4990 0 1944511 1908590 0
155 3 0 36074.136810291107 92.889708429794808 5115 5019 0 1959134 1921200 0
156 3 0 34317.812701925628 91.039474263001722 5136 5049 0 1965242 1933607 0
157 3 0 31707.03034193733 82.265686294462597 5167 5087 0 1976635 1946710 0
158 3 0 29462.798699431649 81.857336243843719 5198 5113 0 1987101 1958652 0
159 3 0 28623.22582239542 78.810609136523254 5228 5152 0 1999213 1971442 0
160 3 0 27137.277335528979 73.407346397574571 5251 5186 0 2008941 1983719 0
161 3 0 27132.54629405796 64.961765288089794 5286 5218 0 2024805 1996104 0
162 3 0 27217.068290245708 63.078971978788616 5312 5251 0 2034735 2008941 0
163 3 0 30970.02280855053 72.637623895025428 5350 5277 0 2052500 2021032 0
164 3 0 29667.085804642149 71.75759582797005 5379 5310 0 2062655 2033751 0
165 3 0 27454.181710337667 69.570673280917561 5408 5338 0 2073457 2046445 0
166 3 0 27117.407007400237 73.719374387849768 5445 5369 0 2085724 2058608 0
167 3 0 25880.648829206402 78.334199825148374 5488 5402 0 2099677 2071019 0
168 3 0 27614.756826025103 81.30718448559054 5513 5436 0 2109731 2083736 0
169 3 0 26153.923373436333 69.541535788539477 5544 5478 0 2121461 2096036 0
170 3 0 25406.487809332721 68.691987067848487 5582 5512 0 2134144 2108816 0
171 3 0 26151.949541059777 69.82010414947041 5610 5544 0 2146433 2121461 0
172 3 0 25516.94420531088 65.260506966430796 5643 5580 0 2160124 2133698 0
173 3 0 24005.284820952555 61.945413770286507 5671 5610 0 2169593 2146433 0
174 3 0 25950.346245531284 70.575842880286984 5720 5641 0 2189724 2158841 0
175 3 0 29826.080702324874 75.470226974377624 5745 5677 0 2198341 2171135 0
176 3 0 28695.524903442343 69.888960592844512 5781 5707 0 2214129 2183915 0
177 3 0 28900.592542356153 77.313266608852103 5813 5739 0 2223692 2196526 0
178 3 0 26512.547235264752 75.051659719998867 5846 5768 0 2237615 2208534 0
179 3 0 29940.969204960562 76.276095063319104 5874 5807 0 2250154 2221338 0
180 3 0 28582.531034093015 64.382478794677752 5902 5839 0 2259774 2233862 0
181 3 0 24670.55233195558 66.404195334178837 5932 5864 0 2269688 2246282 0
182 3 0 22421.881563115043 63.624461710806997 5956 5896 0 2280798 2258773 0
183 3 0 21504.293951372227 53.540243525716591 5983 5934 0 2291332 2271106 0
184 3 0 18588.944322212723 46.769200612503653 6011 5964 0 2302856 2283561 0
185 3 0 17999.367828497885 53.967585652775796 6048 5995 0 2311594 2296514 0
186 3 0 13656.842476772723 50.651066446086787 6078 6033 0 2322058 2308896 0
187 3 0 13167.134164776475 38.699385813387437 6110 6076 0 2333093 2321385 0
188 3 0 10497.797083088501 28.455354442286307 6139 6112 0 2344331 2333900 0
189 3 0 12865.857875416968 31.099343597425417 6173 6143 0 2360226 2346040 0
190 3 0 10640.444240194824 28.030214031334509 6201 6171 0 2366576 2358894 0
191 3 0 10156.396296251714 26.453980703121886 6233 6211 0 2383158 2371576 0
192 3 0 9279.7921601332455 28.490510310179189 6268 6238 0 2391994 2383674 0
193 3 0 5483.729653155272 16.27255744664933 6286 6278 0 2399810 2396488 0
194 3 0 5497.3513637983233 14.009598751801775 6323 6307 0 2413768 2409334 0
195 3 0 5796.906726882009 17.121350367577747 6367 6342 0 2429868 2421286 0
196 3 0 8144.272488071827 20.11551823460249 6394 6375 0 2441978 2433796 0
197 3 0 9267.6154521925746 23.639246366506683 6432 6404 0 2455841 2446351 0
198 3 0 7693.0251677735032 22.137689893084058 6464 6439 0 2468084 2458503 0
199 3 0 8170.7993439131515 22.52154375251385 6495 6473 0 2478945 2471380 0
200 3 0 7014.6509100714056 19.110124617535973 6525 6507 0 2489569 2483791 0
201 3 0 7752.2473443166891 25.459170976468215 6572 6544 0 2505558 2496066 0
202 3 0 10904.075733429388 24.883213684893263 6605 6579 0 2520116 2508540 0
203 3 0 14873.662300497719 35.640073775462753 6647 6606 0 2537093 2521116 0
204 3 0 17542.63889903768 41.732090500503972 6681 6639 0 2553154 2533575 0
205 3 0 17713.113498808125 41.109138425260937 6705 6665 0 2561339 2546256 0
206 3 0 14838.572320608673 42.844288107518963 6739 6696 0 2574175 2558699 0
207 3 0 20376.579715847507 43.399788159458893 6775 6732 0 2592916 2571554 0
208 3 0 22562.389392213961 47.406439030450741 6812 6754 0 2607921 2583814 0
209 3 0 21991.489864499777 56.202551937866502 6835 6781 0 2616398 2596626 0
210 3 0 18138.971468986656 50.758364608397216 6859 6817 0 2625494 2608938 0
211 3 0 14994.745763340779 40.849657045645614 6891 6849 0 2636802 2621511 0
212 3 0 13302.53099819916 38.236058760147642 6923 6881 0 2648834 2633507 0
213 3 0 15953.405679657626 45.586415599871572 6960 6917 0 2662138 2646135 0
214 3 0 15255.566894917303 39.894494876588624 6996 6952 0 2675869 2658571 0
215 3 0 16568.582780559133 40.74080013468884 7023 6986 0 2687269 2671153 0
216 3 0 12654.268795883694 35.793675481055885 7046 7016 0 2693013 2683894 0
217 3 0 8685.7258228487499 26.325546991268084 7081 7055 0 2707365 2696011 0
218 3 0 12993.038682222243 30.546418193313286 7119 7083 0 2723065 2708672 0
219 3 0 15363.812752951895 41.060351825609843 7155 7115 0 2735146 2721244 0
220 3 0 13378.547324161987 40.40380347141064 7181 7148 0 2744966 2734132 0
221 3 0 12017.435987072255 31.853398820769797 7223 7186 0 2762625 2746407 0
222 3 0 15183.643041567793 34.922407663262817 7249 7214 0 2772209 2758604 0
223 3 0 14100.175096197305 41.351287959048221 7284 7246 0 2782784 2771231 0
224 3 0 11290.131963013568 34.726000987184079 7319 7288 0 2796892 2784166 0
225 3 0 14852.340415431689 38.457207203956585 7359 7317 0 2812960 2796587 0
226 3 0 14581.655328205687 39.425266843076741 7388 7349 0 2823007 2808546 0
227 3 0 12868.799186063739 33.714000323274689 7412 7383 0 2832397 2821372 0
228 3 0 8534.3552123231202 24.993053375095968 7440 7416 0 2840050 2834180 0
229 3 0 3431.9983818937885 11.713270093634748 7463 7460 0 2847964 2846006 0
230 3 0 4904.9329759824423 12.053843311206521 7509 7494 0 2866452 2858793 0
231 3 0 8469.3557661212835 23.415007358953062 7545 7523 0 2879164 2871235 0
232 3 0 11194.12836642376 27.589921858930467 7591 7554 0 2897143 2883907 0
233 3 0 13455.988029230741 39.369905708451142 7621 7589 0 2908445 2896491 0
234 3 0 11822.800884431441 31.46559105518665 7650 7622 0 2919415 2908852 0
235 3 0 12424.537389664301 32.530390835675888 7692 7654 0 2936373 2921501 0
236 3 0 15455.581544864423 38.425969858465379 7724 7684 0 2948464 2933500 0
237 3 0 13431.832601520508 34.293243633009752 7747 7716 0 2958079 2946078 0
238 3 0 16794.353674615522 37.368146852089183 7793 7751 0 2978245 2958525 0
239 3 0 18349.745322179842 47.394226062176728 7821 7771 0 2988740 2971140 0
240 3 0 17672.200415372768 48.592147941078423 7849 7809 0 2999479 2983725 0
241 3 0 11899.263271134474 38.952924699494901 7874 7841 0 3004304 2996382 0
242 3 0 8481.855059687241 29.53569454747128 7908 7886 0 3015271 3008502 0
243 3 0 7186.7463973003487 23.592744643856918 7943 7923 0 3026218 3021017 0
244 3 0 6168.1902620779183 18.823155676347113 7978 7962 0 3039846 3033667 0
245 3 0 7652.9687775000057 18.246718711337877 8017 7994 0 3055405 3046305 0
246 3 0 8123.3265179021482 22.464940838486342 8044 8024 0 3063978 3058910 0
247 3 0 7114.0934069491641 20.115629778620246 8081 8064 0 3078649 3071273 0
248 3 0 5739.5996304956898 16.716078068040957 8109 8091 0 3087007 3083578 0
249 3 0 5333.9498936728314 16.345038162144704 8157 8132 0 3105901 3096068 0
250 3 0 9036.2369433418735 22.161390476353233 8186 8163 0 3115644 3108737 0
251 3 0 7811.1141704013617 21.880919794585282 8217 8199 0 3128042 3121069 0
252 3 0 3841.8322069180253 14.168498372138174 8249 8242 0 3135611 3134320 0
253 3 0 2984.1224737592142 7.8902878586798124 8282 8271 0 3148743 3146217 0
254 3 0 696.75410838533571 2.298599811165559 8303 8303 0 3156656 3156656 0
255 3 0 2198.9674921707738 6.1188113538850359 8340 8330 0 3171230 3168181 0
256 3 0 1412.0445415776342 5.06297818607473 8377 8369 0 3184033 3181171 0
257 3 0 3842.1708194650028 11.96260098758728 8411 8404 0 3195062 3193220 0
258 3 0 1197.3331899742759 4.0945118195040209 8444 8437 0 3206189 3204266 0
259 3 0 2395.8403999548264 7.8090585351910704 8489 8477 0 3221620 3216849 0
260 3 0 1385.5260261989615 4.8632040731656616 8515 8510 0 3230517 3227891 0
261 3 0 4467.0825518401398 9.6171564523873485 8549 8535 0 3245461 3241054 0
262 3 0 4961.5442895328133 12.651132870493768 8579 8565 0 3258110 3253336 0
263 3 0 7437.331226959941 15.550337093224812 8604 8591 0 3270208 3265765 0
264 3 0 7911.1059561350503 19.606513136724402 8646 8620 0 3288727 3278148 0
265 3 0 12445.447008914334 27.706070298995485 8682 8648 0 3304380 3290505 0
266 3 0 16782.923446931829 38.382423818424684 8717 8679 0 3320173 3303450 0
267 3 0 19201.429058929196 44.682971048955608 8758 8706 0 3337826 3315597 0
268 3 0 26685.97838663682 55.755840014685987 8789 8737 0 3354217 3328441 0
269 3 0 31835.851073148442 66.039728216095284 8841 8762 0 3377259 3341019 0
270 3 0 38706.876308333609 87.749781823965236 8875 8787 0 3392613 3353046 0
271 3 0 40021.079115954795 92.486146879082355 8907 8810 0 3404263 3365206 0
272 3 0 37831.630743090536 92.260159566229788 8937 8843 0 3415496 3378610 0
273 3 0 37233.787414204773 90.641449863408866 8963 8871 0 3427969 3390845 0
274 3 0 36320.133906010196 90.975027630926945 8993 8904 0 3440966 3403467 0
275 3 0 34434.447188060949 84.043720451294234 9015 8937 0 3448088 3415496 0
276 3 0 33226.370014623368 81.589402677023088 9043 8962 0 3459844 3427735 0
277 3 0 31881.85347675794 80.999416847939415 9071 8991 0 3470682 3440502 0
278 3 0 28487.685644963847 73.555682650966617 9097 9026 0 3481563 3452966 0
279 3 0 28842.660867964834 72.858368710376453 9133 9055 0 3495818 3465432 0
280 3 0 28122.537771894084 70.270310494070941 9157 9092 0 3504243 3478644 0
281 3 0 28410.309906748487 71.9270902722497 9190 9118 0 3518625 3490234 0
282 3 0 30405.312577194149 72.487769576745961 9229 9153 0 3535846 3503001 0
283 3 0 29723.165588855314 68.236459234367373 9244 9182 0 3541483 3515897 0
284 3 0 24310.993350889861 62.077495690341152 9272 9211 0 3550805 3527731 0
285 3 0 21475.153456598837 61.464703743656003 9297 9240 0 3558577 3540414 0
286 3 0 17303.671302084575 54.830872431167677 9327 9276 0 3568293 3553277 0
287 3 0 14529.708312371466 45.720212020773204 9362 9319 0 3583900 3565530 0
288 3 0 18580.868665069134 40.754005834422685 9395 9354 0 3596503 3578450 0
289 3 0 17784.254506661764 45.092791643785063 9425 9379 0 3607076 3590230 0
290 3 0 16477.292400424463 47.031145137835438 9458 9409 0 3620886 3602935 0
291 3 0 17578.965044701963 44.53287924880425 9492 9450 0 3633044 3615760 0
292 3 0 18062.348470092042 47.080733770670406 9525 9478 0 3645207 3628030 0
293 3 0 16613.407409180258 46.523134205708004 9558 9509 0 3656907 3640493 0
294 3 0 18510.176027885962 50.442389149925589 9596 9544 0 3671500 3652745 0
295 3 0 16368.422403528941 48.42220042376772 9623 9578 0 3680684 3665982 0
296 3 0 14148.842748588595 38.576518163626986 9651 9618 0 3691333 3678345 0
297 3 0 14282.309934853054 37.614025919824826 9683 9649 0 3704385 3690663 0
298 3 0 15028.085013550055 39.833779532437973 9729 9680 0 3720743 3702709 0
299 3 0 21039.01340594449 51.837280786079248 9773 9716 0 3740952 3715197 0
300 3 0 23493.93195585439 54.516793453508456 9797 9741 0 3750456 3728172 0
